{"target": -0.885721995394796, "params": {"Change_in_oil_prices": 0.2760121846753481, "city": 0.5390765033736915, "day": 0.18642191191089458, "dayofyear": 0.09344532045427655, "dcoilwtico": 0.26833559631621606, "dcoilwtico_lag_1": 0.7660540911909888, "dcoilwtico_lag_2": 0.34600085690408755, "dcoilwtico_lag_3": 0.6243912310949247, "dcoilwtico_lag_4": 0.1961080396946096, "dcoilwtico_lag_5": 0.40353065651727005, "dcoilwtico_lag_6": 0.1827560795397655, "dcoilwtico_lag_7": 0.3083087975894044, "event": 0.4104550830812952, "holiday": 0.36649200795618797, "holiday_description": 1.0, "month": 0.06649309968945515, "onpromotion": 0.6415044890917883, "onpromotion_lag_1": 0.3553118391215566, "onpromotion_lag_2": 0.6640234142045102, "onpromotion_lag_3": 0.19409889423138743, "onpromotion_lag_4": 0.4580615508596758, "onpromotion_lag_5": 0.044540491305163056, "onpromotion_lag_6": 0.5599982155077259, "onpromotion_lag_7": 0.6848943821540391, "payday": 0.6931908440463435, "promo_last_7_days": 0.8047563906670505, "sales_one_year_lag": 1.0, "state": 0.32005975231388206, "time_since_quake": 0.8051550162358551, "time_since_quake_sq": 0.2804752104636018, "total_other_city_promo": 0.5167337240008552, "total_other_promo_store": 0.622086623053848, "type": 0.9132245444311976, "workday": 0.8868856912869736, "year": 0.3260381295351971}, "datetime": {"datetime": "2024-02-23 13:57:34", "elapsed": 191.336361, "delta": 6.863312}}
{"target": -0.9047946561398734, "params": {"Change_in_oil_prices": 0.4704559532038384, "city": 0.5602725941131513, "day": 0.22349777886126168, "dayofyear": 0.03441817132316721, "dcoilwtico": 0.5982992056270132, "dcoilwtico_lag_1": 0.22091248285034393, "dcoilwtico_lag_2": 0.0, "dcoilwtico_lag_3": 0.5065860253969463, "dcoilwtico_lag_4": 0.0, "dcoilwtico_lag_5": 0.5449943267080388, "dcoilwtico_lag_6": 0.2916057481242263, "dcoilwtico_lag_7": 0.5172552014828958, "event": 0.5219353439692025, "holiday": 0.7936199426503948, "holiday_description": 1.0, "month": 0.0, "onpromotion": 0.17845641341116383, "onpromotion_lag_1": 0.2919207550820701, "onpromotion_lag_2": 0.6483770167789086, "onpromotion_lag_3": 0.5856661134722667, "onpromotion_lag_4": 0.3255012987695246, "onpromotion_lag_5": 0.0, "onpromotion_lag_6": 0.90831935630169, "onpromotion_lag_7": 0.6641458040375224, "payday": 1.0, "promo_last_7_days": 1.0, "sales_one_year_lag": 1.0, "state": 0.913892761200358, "time_since_quake": 0.7224554514740021, "time_since_quake_sq": 0.0, "total_other_city_promo": 0.33922585117631027, "total_other_promo_store": 0.7578960087487798, "type": 0.4392747028695916, "workday": 0.9029122423303056, "year": 0.2343326858577122}, "datetime": {"datetime": "2024-02-23 13:57:41", "elapsed": 198.707658, "delta": 7.371297}}
{"target": -0.9149992352525002, "params": {"Change_in_oil_prices": 0.09716644320703272, "city": 0.7392938986811001, "day": 0.4944126430710142, "dayofyear": 0.24861662035558302, "dcoilwtico": 0.5038361125970258, "dcoilwtico_lag_1": 0.36705987097799386, "dcoilwtico_lag_2": 0.6478340108554698, "dcoilwtico_lag_3": 0.0261285433331026, "dcoilwtico_lag_4": 0.0, "dcoilwtico_lag_5": 0.5003023691912288, "dcoilwtico_lag_6": 0.0, "dcoilwtico_lag_7": 0.5375958775365302, "event": 0.3700912561404825, "holiday": 0.8053487878653279, "holiday_description": 1.0, "month": 0.12182981462112161, "onpromotion": 0.7323945206320085, "onpromotion_lag_1": 0.20448814569381846, "onpromotion_lag_2": 0.3557046945311856, "onpromotion_lag_3": 0.17069345661814198, "onpromotion_lag_4": 0.0, "onpromotion_lag_5": 0.22430337693399255, "onpromotion_lag_6": 1.0, "onpromotion_lag_7": 0.9387536079552211, "payday": 0.40313947585012966, "promo_last_7_days": 0.5587257487141906, "sales_one_year_lag": 1.0, "state": 0.0, "time_since_quake": 1.0, "time_since_quake_sq": 0.08941305881232729, "total_other_city_promo": 0.5348616691933832, "total_other_promo_store": 0.6203287498853579, "type": 0.6673250754416261, "workday": 0.4470170824039776, "year": 0.0}, "datetime": {"datetime": "2024-02-23 13:57:48", "elapsed": 205.964529, "delta": 7.256871}}
{"target": -0.9190309496104406, "params": {"Change_in_oil_prices": 0.28002255678023746, "city": 0.23437185351786613, "day": 0.0, "dayofyear": 0.0, "dcoilwtico": 0.40014275503954627, "dcoilwtico_lag_1": 0.9086657016513917, "dcoilwtico_lag_2": 0.0, "dcoilwtico_lag_3": 0.8897813786770227, "dcoilwtico_lag_4": 0.0, "dcoilwtico_lag_5": 0.6651999729898211, "dcoilwtico_lag_6": 0.8195056447051364, "dcoilwtico_lag_7": 0.0017743328813672238, "event": 0.803948125030452, "holiday": 0.41918855526097604, "holiday_description": 0.9303130755799555, "month": 0.14046272154451686, "onpromotion": 0.8491964876631742, "onpromotion_lag_1": 0.40791763587477153, "onpromotion_lag_2": 0.5177848225653624, "onpromotion_lag_3": 0.5421890606489601, "onpromotion_lag_4": 0.23611802469704452, "onpromotion_lag_5": 0.17319492967253494, "onpromotion_lag_6": 0.45969435339733306, "onpromotion_lag_7": 1.0, "payday": 0.4188332622769256, "promo_last_7_days": 1.0, "sales_one_year_lag": 1.0, "state": 1.0, "time_since_quake": 0.46216883756000576, "time_since_quake_sq": 0.0, "total_other_city_promo": 0.2683912706778484, "total_other_promo_store": 0.8062283226199591, "type": 1.0, "workday": 0.9599846575918652, "year": 0.22680377522117495}, "datetime": {"datetime": "2024-02-23 13:57:56", "elapsed": 213.265732, "delta": 7.301203}}
{"target": -0.9558681761259248, "params": {"Change_in_oil_prices": 0.4022367393332103, "city": 0.8343877121055968, "day": 0.7118581324846889, "dayofyear": 0.0, "dcoilwtico": 0.0, "dcoilwtico_lag_1": 1.0, "dcoilwtico_lag_2": 1.0, "dcoilwtico_lag_3": 0.4779325056627458, "dcoilwtico_lag_4": 0.28329344125244516, "dcoilwtico_lag_5": 0.0, "dcoilwtico_lag_6": 0.0, "dcoilwtico_lag_7": 0.2512834699542794, "event": 0.22319687620509945, "holiday": 0.4101571102500507, "holiday_description": 1.0, "month": 0.029046795517957438, "onpromotion": 0.7536952300686772, "onpromotion_lag_1": 0.596471018452512, "onpromotion_lag_2": 0.7121150984252694, "onpromotion_lag_3": 0.0, "onpromotion_lag_4": 0.9322439827991633, "onpromotion_lag_5": 0.0179812309796553, "onpromotion_lag_6": 0.06363242165567153, "onpromotion_lag_7": 0.6899950035771547, "payday": 0.7087075526174959, "promo_last_7_days": 0.5548941448497626, "sales_one_year_lag": 1.0, "state": 0.0, "time_since_quake": 0.9364764118700404, "time_since_quake_sq": 1.0, "total_other_city_promo": 0.7081053881687392, "total_other_promo_store": 0.4230029317465371, "type": 1.0, "workday": 0.6401202108256138, "year": 0.6055428405240171}, "datetime": {"datetime": "2024-02-23 13:58:03", "elapsed": 220.797631, "delta": 7.531899}}
{"target": -0.8858343243996214, "params": {"Change_in_oil_prices": 0.07277104969536319, "city": 0.8022924014004669, "day": 0.0, "dayofyear": 0.24330955810850097, "dcoilwtico": 0.7848693529695919, "dcoilwtico_lag_1": 0.4861256050279619, "dcoilwtico_lag_2": 0.2665183354764156, "dcoilwtico_lag_3": 0.9511925534480583, "dcoilwtico_lag_4": 0.5321626003104554, "dcoilwtico_lag_5": 0.894311211296577, "dcoilwtico_lag_6": 0.0, "dcoilwtico_lag_7": 0.12589653336764128, "event": 0.4126421200524413, "holiday": 0.18095139023516105, "holiday_description": 0.692785480727463, "month": 0.35060254363028254, "onpromotion": 0.8006454889396866, "onpromotion_lag_1": 0.0, "onpromotion_lag_2": 0.7132567691919481, "onpromotion_lag_3": 0.07537954100585036, "onpromotion_lag_4": 0.0, "onpromotion_lag_5": 0.38610642546678436, "onpromotion_lag_6": 0.9169402476331923, "onpromotion_lag_7": 0.5592167681950267, "payday": 0.8099198499421304, "promo_last_7_days": 0.8609196782871852, "sales_one_year_lag": 1.0, "state": 0.615214740189154, "time_since_quake": 0.7313727265835124, "time_since_quake_sq": 0.0, "total_other_city_promo": 0.7109740601165732, "total_other_promo_store": 0.8370056678095512, "type": 1.0, "workday": 1.0, "year": 0.0}, "datetime": {"datetime": "2024-02-23 13:58:11", "elapsed": 228.6252, "delta": 7.827569}}
{"target": -0.8918426532065429, "params": {"Change_in_oil_prices": 0.9286334810309045, "city": 1.0, "day": 0.0, "dayofyear": 0.16415458271185074, "dcoilwtico": 0.726080596150072, "dcoilwtico_lag_1": 0.728459739875099, "dcoilwtico_lag_2": 0.38363440278602395, "dcoilwtico_lag_3": 0.8261419174213419, "dcoilwtico_lag_4": 0.2986544350134683, "dcoilwtico_lag_5": 0.1483258839960363, "dcoilwtico_lag_6": 0.0, "dcoilwtico_lag_7": 0.0, "event": 0.6067183508272656, "holiday": 0.41243081488163613, "holiday_description": 0.987700716579842, "month": 0.20018758062380884, "onpromotion": 0.530904942047539, "onpromotion_lag_1": 0.0, "onpromotion_lag_2": 0.6534527989492434, "onpromotion_lag_3": 0.8492680528445828, "onpromotion_lag_4": 0.33356581292746706, "onpromotion_lag_5": 0.0, "onpromotion_lag_6": 0.5053756261453586, "onpromotion_lag_7": 0.2260129697662991, "payday": 1.0, "promo_last_7_days": 1.0, "sales_one_year_lag": 1.0, "state": 0.515790237923237, "time_since_quake": 0.6906232683786073, "time_since_quake_sq": 0.06058639672967259, "total_other_city_promo": 1.0, "total_other_promo_store": 0.8267975775419484, "type": 1.0, "workday": 1.0, "year": 0.27757069319331756}, "datetime": {"datetime": "2024-02-23 13:58:19", "elapsed": 236.275207, "delta": 7.650007}}
{"target": -0.8749155985219129, "params": {"Change_in_oil_prices": 0.03825544200778106, "city": 0.4318999623785164, "day": 0.0, "dayofyear": 0.0, "dcoilwtico": 0.017085657776867342, "dcoilwtico_lag_1": 1.0, "dcoilwtico_lag_2": 0.2862073459729818, "dcoilwtico_lag_3": 1.0, "dcoilwtico_lag_4": 1.0, "dcoilwtico_lag_5": 0.5493571251240544, "dcoilwtico_lag_6": 0.0, "dcoilwtico_lag_7": 0.16467196563439274, "event": 0.4147883143028339, "holiday": 0.0, "holiday_description": 1.0, "month": 0.4418307162525459, "onpromotion": 1.0, "onpromotion_lag_1": 0.0, "onpromotion_lag_2": 0.7844161168138376, "onpromotion_lag_3": 0.0, "onpromotion_lag_4": 0.3474712903734742, "onpromotion_lag_5": 0.1533900269032226, "onpromotion_lag_6": 0.11081420754497835, "onpromotion_lag_7": 0.0, "payday": 0.7398860532426468, "promo_last_7_days": 0.6956130804431687, "sales_one_year_lag": 1.0, "state": 0.0, "time_since_quake": 0.2681126109480932, "time_since_quake_sq": 0.39149165745934933, "total_other_city_promo": 0.560440386296099, "total_other_promo_store": 0.825541010002074, "type": 1.0, "workday": 1.0, "year": 0.3003486452265178}, "datetime": {"datetime": "2024-02-23 13:58:26", "elapsed": 243.686342, "delta": 7.411135}}
{"target": -0.9227446576707878, "params": {"Change_in_oil_prices": 0.30849297012901716, "city": 0.8447145166867562, "day": 0.0, "dayofyear": 0.02901862227874138, "dcoilwtico": 0.3188870171693089, "dcoilwtico_lag_1": 1.0, "dcoilwtico_lag_2": 0.0, "dcoilwtico_lag_3": 1.0, "dcoilwtico_lag_4": 0.8602928322873182, "dcoilwtico_lag_5": 0.5783232048248599, "dcoilwtico_lag_6": 0.0, "dcoilwtico_lag_7": 0.0, "event": 0.5080123287294205, "holiday": 0.0, "holiday_description": 1.0, "month": 0.14258378330388025, "onpromotion": 0.2191082416941937, "onpromotion_lag_1": 0.0, "onpromotion_lag_2": 1.0, "onpromotion_lag_3": 0.0, "onpromotion_lag_4": 0.6449628067510524, "onpromotion_lag_5": 0.0, "onpromotion_lag_6": 0.16463467233299328, "onpromotion_lag_7": 0.24371580483563204, "payday": 1.0, "promo_last_7_days": 1.0, "sales_one_year_lag": 1.0, "state": 0.9329498121494479, "time_since_quake": 0.42974421245284533, "time_since_quake_sq": 0.4196063812942702, "total_other_city_promo": 0.6593670357482657, "total_other_promo_store": 0.5765719652697481, "type": 1.0, "workday": 1.0, "year": 1.0}, "datetime": {"datetime": "2024-02-23 13:58:34", "elapsed": 251.215984, "delta": 7.529642}}
{"target": -0.9396817166382071, "params": {"Change_in_oil_prices": 0.0, "city": 0.0, "day": 0.0, "dayofyear": 0.0, "dcoilwtico": 0.10833852242177623, "dcoilwtico_lag_1": 1.0, "dcoilwtico_lag_2": 0.4231437195647582, "dcoilwtico_lag_3": 0.9911637154416493, "dcoilwtico_lag_4": 0.10912876794696286, "dcoilwtico_lag_5": 0.9146697748312401, "dcoilwtico_lag_6": 0.0, "dcoilwtico_lag_7": 0.7805244572938501, "event": 0.30914160752902775, "holiday": 0.0, "holiday_description": 1.0, "month": 0.4486057659506955, "onpromotion": 1.0, "onpromotion_lag_1": 0.0, "onpromotion_lag_2": 0.6314104379610559, "onpromotion_lag_3": 0.0, "onpromotion_lag_4": 0.2267469086646155, "onpromotion_lag_5": 0.5389741294038793, "onpromotion_lag_6": 0.7811587873634475, "onpromotion_lag_7": 0.34926930618438773, "payday": 0.6373254717467506, "promo_last_7_days": 0.23502373368964988, "sales_one_year_lag": 1.0, "state": 0.0, "time_since_quake": 0.613596250772458, "time_since_quake_sq": 0.19931344053609287, "total_other_city_promo": 0.02057121979345642, "total_other_promo_store": 0.3752159990561413, "type": 1.0, "workday": 0.7489867146412116, "year": 0.1090257227233114}, "datetime": {"datetime": "2024-02-23 13:58:41", "elapsed": 258.39123, "delta": 7.175246}}
{"target": -0.8915608337952357, "params": {"Change_in_oil_prices": 0.2870910619445306, "city": 1.0, "day": 0.0, "dayofyear": 0.2965375149870078, "dcoilwtico": 0.3671435921836169, "dcoilwtico_lag_1": 1.0, "dcoilwtico_lag_2": 0.5316428021345195, "dcoilwtico_lag_3": 1.0, "dcoilwtico_lag_4": 0.8762257454619472, "dcoilwtico_lag_5": 0.12668959582910477, "dcoilwtico_lag_6": 0.0, "dcoilwtico_lag_7": 0.0, "event": 0.4413824513705209, "holiday": 0.06627106935829485, "holiday_description": 1.0, "month": 0.5175567046836854, "onpromotion": 0.9977968267193732, "onpromotion_lag_1": 0.0, "onpromotion_lag_2": 0.43133809279183494, "onpromotion_lag_3": 0.0, "onpromotion_lag_4": 0.0, "onpromotion_lag_5": 0.4367214441106693, "onpromotion_lag_6": 0.27536451720467126, "onpromotion_lag_7": 0.8217716142370598, "payday": 0.19958728607153506, "promo_last_7_days": 0.9545672796785025, "sales_one_year_lag": 1.0, "state": 0.0, "time_since_quake": 0.7555215797802853, "time_since_quake_sq": 0.7701688473636312, "total_other_city_promo": 1.0, "total_other_promo_store": 0.9752145274451998, "type": 1.0, "workday": 1.0, "year": 0.0}, "datetime": {"datetime": "2024-02-23 13:58:48", "elapsed": 265.878394, "delta": 7.487164}}
{"target": -0.8547258781151507, "params": {"Change_in_oil_prices": 0.2568441769482885, "city": 0.9854869314070513, "day": 0.10519290539569073, "dayofyear": 0.0, "dcoilwtico": 0.34427666461303386, "dcoilwtico_lag_1": 0.4556382954566304, "dcoilwtico_lag_2": 0.9599221215250077, "dcoilwtico_lag_3": 0.5055898124755159, "dcoilwtico_lag_4": 0.7602864550650805, "dcoilwtico_lag_5": 0.22878442210774058, "dcoilwtico_lag_6": 0.0, "dcoilwtico_lag_7": 0.0, "event": 0.2392089008029544, "holiday": 0.38463756525142867, "holiday_description": 0.9820896169671774, "month": 0.0, "onpromotion": 0.9421615680802136, "onpromotion_lag_1": 0.0, "onpromotion_lag_2": 0.880009608900013, "onpromotion_lag_3": 0.0, "onpromotion_lag_4": 0.0333630769940078, "onpromotion_lag_5": 0.0, "onpromotion_lag_6": 0.8614680495179574, "onpromotion_lag_7": 0.0, "payday": 1.0, "promo_last_7_days": 1.0, "sales_one_year_lag": 1.0, "state": 0.0, "time_since_quake": 0.16044742060958272, "time_since_quake_sq": 0.6273046983104923, "total_other_city_promo": 0.830233685478409, "total_other_promo_store": 1.0, "type": 1.0, "workday": 1.0, "year": 0.0}, "datetime": {"datetime": "2024-02-23 13:58:56", "elapsed": 273.183526, "delta": 7.305132}}
{"target": -0.8697097640619921, "params": {"Change_in_oil_prices": 0.0705242704650072, "city": 0.4011364583808315, "day": 0.0, "dayofyear": 0.2846012178766097, "dcoilwtico": 0.15727284733021743, "dcoilwtico_lag_1": 0.1456410467204424, "dcoilwtico_lag_2": 0.08058527219302729, "dcoilwtico_lag_3": 0.0, "dcoilwtico_lag_4": 0.4733741508587524, "dcoilwtico_lag_5": 0.0, "dcoilwtico_lag_6": 0.1493547209421705, "dcoilwtico_lag_7": 0.0, "event": 0.6898854770881939, "holiday": 0.04887120291299004, "holiday_description": 1.0, "month": 0.0, "onpromotion": 1.0, "onpromotion_lag_1": 0.0, "onpromotion_lag_2": 0.5386739190863306, "onpromotion_lag_3": 0.0, "onpromotion_lag_4": 0.14236285522075603, "onpromotion_lag_5": 0.0, "onpromotion_lag_6": 0.7474505286526968, "onpromotion_lag_7": 0.0, "payday": 0.8401971244603075, "promo_last_7_days": 1.0, "sales_one_year_lag": 1.0, "state": 0.32822506389217637, "time_since_quake": 0.3049684504985145, "time_since_quake_sq": 0.0, "total_other_city_promo": 1.0, "total_other_promo_store": 1.0, "type": 1.0, "workday": 1.0, "year": 0.0}, "datetime": {"datetime": "2024-02-23 13:59:02", "elapsed": 280.05845, "delta": 6.874924}}
{"target": -0.894101120034632, "params": {"Change_in_oil_prices": 0.0, "city": 0.6903077710824024, "day": 0.0, "dayofyear": 0.3178299890898873, "dcoilwtico": 0.42592246271235035, "dcoilwtico_lag_1": 0.27546461318686877, "dcoilwtico_lag_2": 0.8965264413323514, "dcoilwtico_lag_3": 0.9811652805697276, "dcoilwtico_lag_4": 1.0, "dcoilwtico_lag_5": 0.0, "dcoilwtico_lag_6": 0.0, "dcoilwtico_lag_7": 0.0, "event": 0.21441330951272924, "holiday": 0.0, "holiday_description": 1.0, "month": 0.0, "onpromotion": 1.0, "onpromotion_lag_1": 0.0, "onpromotion_lag_2": 0.21275647747518941, "onpromotion_lag_3": 0.0, "onpromotion_lag_4": 1.0, "onpromotion_lag_5": 0.0, "onpromotion_lag_6": 0.7178354217691479, "onpromotion_lag_7": 0.0, "payday": 1.0, "promo_last_7_days": 1.0, "sales_one_year_lag": 1.0, "state": 0.0, "time_since_quake": 0.5937403283519271, "time_since_quake_sq": 0.015321795314151654, "total_other_city_promo": 0.793464460784238, "total_other_promo_store": 1.0, "type": 1.0, "workday": 1.0, "year": 0.0}, "datetime": {"datetime": "2024-02-23 13:59:12", "elapsed": 289.294626, "delta": 9.236176}}
{"target": -0.97095320942575, "params": {"Change_in_oil_prices": 0.0, "city": 0.75741456630809, "day": 0.0, "dayofyear": 0.80296133184984, "dcoilwtico": 0.0, "dcoilwtico_lag_1": 1.0, "dcoilwtico_lag_2": 0.864588462896031, "dcoilwtico_lag_3": 0.4921615100565657, "dcoilwtico_lag_4": 0.6763457536535887, "dcoilwtico_lag_5": 0.2627293251933623, "dcoilwtico_lag_6": 0.0, "dcoilwtico_lag_7": 0.0, "event": 0.938693729856882, "holiday": 0.2339694740158279, "holiday_description": 0.28905022602992836, "month": 0.0, "onpromotion": 0.7435568596173558, "onpromotion_lag_1": 0.0, "onpromotion_lag_2": 0.968638074824466, "onpromotion_lag_3": 0.0, "onpromotion_lag_4": 0.0, "onpromotion_lag_5": 0.0, "onpromotion_lag_6": 0.6717564906312459, "onpromotion_lag_7": 0.0, "payday": 1.0, "promo_last_7_days": 1.0, "sales_one_year_lag": 1.0, "state": 0.0, "time_since_quake": 0.8101012877636988, "time_since_quake_sq": 0.40065649559798133, "total_other_city_promo": 1.0, "total_other_promo_store": 1.0, "type": 1.0, "workday": 1.0, "year": 0.0}, "datetime": {"datetime": "2024-02-23 13:59:20", "elapsed": 297.666708, "delta": 8.372082}}
{"target": -0.8831005640924727, "params": {"Change_in_oil_prices": 0.4705061004020543, "city": 0.8414730826355925, "day": 0.06888549181885477, "dayofyear": 0.0, "dcoilwtico": 1.0, "dcoilwtico_lag_1": 0.14983983335482862, "dcoilwtico_lag_2": 0.006532262718662158, "dcoilwtico_lag_3": 0.46259524475267627, "dcoilwtico_lag_4": 0.4787403475498116, "dcoilwtico_lag_5": 0.10354666772417793, "dcoilwtico_lag_6": 0.0, "dcoilwtico_lag_7": 0.0, "event": 0.0, "holiday": 0.044651650339868454, "holiday_description": 1.0, "month": 0.0, "onpromotion": 1.0, "onpromotion_lag_1": 0.0, "onpromotion_lag_2": 0.9140263017714616, "onpromotion_lag_3": 0.0, "onpromotion_lag_4": 0.3643630705861562, "onpromotion_lag_5": 0.0, "onpromotion_lag_6": 0.5025575706719938, "onpromotion_lag_7": 0.3130691650485577, "payday": 0.40839899168567745, "promo_last_7_days": 1.0, "sales_one_year_lag": 1.0, "state": 0.0, "time_since_quake": 0.0, "time_since_quake_sq": 0.3177482755285732, "total_other_city_promo": 0.5167611923834979, "total_other_promo_store": 1.0, "type": 1.0, "workday": 1.0, "year": 0.0}, "datetime": {"datetime": "2024-02-23 13:59:27", "elapsed": 304.615584, "delta": 6.948876}}
{"target": -0.8574899547880985, "params": {"Change_in_oil_prices": 0.5515448252485904, "city": 1.0, "day": 0.0, "dayofyear": 0.0, "dcoilwtico": 0.0, "dcoilwtico_lag_1": 0.09382623297380363, "dcoilwtico_lag_2": 0.5832759737242794, "dcoilwtico_lag_3": 0.5432860752179811, "dcoilwtico_lag_4": 0.3391361927107089, "dcoilwtico_lag_5": 0.3796971941701005, "dcoilwtico_lag_6": 0.0, "dcoilwtico_lag_7": 0.0, "event": 0.0, "holiday": 0.09156146119461121, "holiday_description": 1.0, "month": 0.0, "onpromotion": 1.0, "onpromotion_lag_1": 0.0, "onpromotion_lag_2": 0.10065365761553481, "onpromotion_lag_3": 0.30774674782049266, "onpromotion_lag_4": 0.0, "onpromotion_lag_5": 0.0, "onpromotion_lag_6": 1.0, "onpromotion_lag_7": 0.5189124084408878, "payday": 0.5524431178405245, "promo_last_7_days": 1.0, "sales_one_year_lag": 1.0, "state": 0.8670410582391409, "time_since_quake": 0.0, "time_since_quake_sq": 0.3025822091633933, "total_other_city_promo": 1.0, "total_other_promo_store": 0.8786553784069873, "type": 1.0, "workday": 1.0, "year": 0.0}, "datetime": {"datetime": "2024-02-23 13:59:35", "elapsed": 312.668734, "delta": 8.05315}}
