{"target": -0.7874689881391227, "params": {"Change_in_oil_prices": 1.0, "city": 1.0, "day": 0.0, "dayofyear": 0.0, "dcoilwtico": 0.0, "dcoilwtico_lag_1": 0.0, "dcoilwtico_lag_2": 0.0, "dcoilwtico_lag_3": 0.0, "dcoilwtico_lag_4": 0.0, "dcoilwtico_lag_5": 0.0, "dcoilwtico_lag_6": 0.0, "dcoilwtico_lag_7": 0.0, "event": 0.0, "holiday": 0.0, "holiday_description": 1.0, "month": 0.0, "onpromotion": 0.0, "onpromotion_lag_1": 1.0, "onpromotion_lag_2": 0.0, "onpromotion_lag_3": 1.0, "onpromotion_lag_4": 1.0, "onpromotion_lag_5": 1.0, "onpromotion_lag_6": 1.0, "onpromotion_lag_7": 0.0, "payday": 1.0, "promo_last_7_days": 1.0, "sales_one_year_lag": 1.0, "state": 1.0, "time_since_quake": 0.0, "time_since_quake_sq": 0.0, "total_other_city_promo": 1.0, "total_other_promo_store": 0.0, "type": 1.0, "workday": 0.0, "year": 0.0}, "datetime": {"datetime": "2024-02-23 13:15:42", "elapsed": 777.947575, "delta": 8.416389}}
{"target": -0.7890449334385004, "params": {"Change_in_oil_prices": 1.0, "city": 1.0, "day": 1.0, "dayofyear": 0.0, "dcoilwtico": 0.0, "dcoilwtico_lag_1": 0.0, "dcoilwtico_lag_2": 0.0, "dcoilwtico_lag_3": 0.0, "dcoilwtico_lag_4": 0.0, "dcoilwtico_lag_5": 0.0, "dcoilwtico_lag_6": 0.0, "dcoilwtico_lag_7": 0.0, "event": 0.0, "holiday": 1.0, "holiday_description": 1.0, "month": 0.0, "onpromotion": 0.7128491953432158, "onpromotion_lag_1": 1.0, "onpromotion_lag_2": 0.0, "onpromotion_lag_3": 1.0, "onpromotion_lag_4": 1.0, "onpromotion_lag_5": 0.9172681685020538, "onpromotion_lag_6": 1.0, "onpromotion_lag_7": 0.0, "payday": 0.34141567836734743, "promo_last_7_days": 1.0, "sales_one_year_lag": 1.0, "state": 1.0, "time_since_quake": 0.0, "time_since_quake_sq": 0.0, "total_other_city_promo": 1.0, "total_other_promo_store": 0.0, "type": 0.0, "workday": 0.0, "year": 0.0}, "datetime": {"datetime": "2024-02-23 13:15:52", "elapsed": 787.271162, "delta": 9.323587}}
{"target": -0.8523184997663485, "params": {"Change_in_oil_prices": 1.0, "city": 1.0, "day": 0.0, "dayofyear": 0.0, "dcoilwtico": 0.0, "dcoilwtico_lag_1": 0.0, "dcoilwtico_lag_2": 1.0, "dcoilwtico_lag_3": 0.0, "dcoilwtico_lag_4": 0.0, "dcoilwtico_lag_5": 0.0, "dcoilwtico_lag_6": 0.0, "dcoilwtico_lag_7": 0.0, "event": 0.0, "holiday": 1.0, "holiday_description": 1.0, "month": 0.0, "onpromotion": 0.0, "onpromotion_lag_1": 1.0, "onpromotion_lag_2": 0.0, "onpromotion_lag_3": 1.0, "onpromotion_lag_4": 1.0, "onpromotion_lag_5": 0.4333546569947947, "onpromotion_lag_6": 1.0, "onpromotion_lag_7": 0.0, "payday": 1.0, "promo_last_7_days": 1.0, "sales_one_year_lag": 1.0, "state": 1.0, "time_since_quake": 0.0, "time_since_quake_sq": 0.0, "total_other_city_promo": 1.0, "total_other_promo_store": 0.0, "type": 0.0, "workday": 0.5484251408905462, "year": 0.0}, "datetime": {"datetime": "2024-02-23 13:16:01", "elapsed": 796.185504, "delta": 8.914342}}
{"target": -0.769248126591323, "params": {"Change_in_oil_prices": 1.0, "city": 1.0, "day": 0.0034360325110644446, "dayofyear": 0.0, "dcoilwtico": 0.0, "dcoilwtico_lag_1": 0.0, "dcoilwtico_lag_2": 0.0, "dcoilwtico_lag_3": 0.0, "dcoilwtico_lag_4": 0.0, "dcoilwtico_lag_5": 0.0, "dcoilwtico_lag_6": 0.0, "dcoilwtico_lag_7": 0.0, "event": 0.0, "holiday": 0.03603532151451858, "holiday_description": 1.0, "month": 0.0, "onpromotion": 1.0, "onpromotion_lag_1": 1.0, "onpromotion_lag_2": 0.0, "onpromotion_lag_3": 1.0, "onpromotion_lag_4": 1.0, "onpromotion_lag_5": 0.7957883871249829, "onpromotion_lag_6": 0.0, "onpromotion_lag_7": 0.0, "payday": 0.0, "promo_last_7_days": 1.0, "sales_one_year_lag": 1.0, "state": 1.0, "time_since_quake": 0.0, "time_since_quake_sq": 0.0, "total_other_city_promo": 1.0, "total_other_promo_store": 0.0, "type": 1.0, "workday": 0.3853470268023131, "year": 0.0}, "datetime": {"datetime": "2024-02-23 13:16:10", "elapsed": 805.090059, "delta": 8.904555}}
{"target": -0.8534072903557105, "params": {"Change_in_oil_prices": 1.0, "city": 1.0, "day": 0.688337547385483, "dayofyear": 0.0, "dcoilwtico": 0.0, "dcoilwtico_lag_1": 0.0, "dcoilwtico_lag_2": 0.0, "dcoilwtico_lag_3": 0.0, "dcoilwtico_lag_4": 0.0, "dcoilwtico_lag_5": 0.0, "dcoilwtico_lag_6": 0.0, "dcoilwtico_lag_7": 0.0, "event": 0.0, "holiday": 0.07436761249111966, "holiday_description": 1.0, "month": 0.0, "onpromotion": 1.0, "onpromotion_lag_1": 1.0, "onpromotion_lag_2": 0.0, "onpromotion_lag_3": 1.0, "onpromotion_lag_4": 1.0, "onpromotion_lag_5": 0.34694511937824435, "onpromotion_lag_6": 1.0, "onpromotion_lag_7": 0.0, "payday": 0.29623626473615217, "promo_last_7_days": 1.0, "sales_one_year_lag": 1.0, "state": 1.0, "time_since_quake": 1.0, "time_since_quake_sq": 0.0, "total_other_city_promo": 1.0, "total_other_promo_store": 0.0, "type": 1.0, "workday": 0.2557471001875538, "year": 0.0}, "datetime": {"datetime": "2024-02-23 13:16:18", "elapsed": 813.654018, "delta": 8.563959}}
{"target": -0.7895921351563019, "params": {"Change_in_oil_prices": 1.0, "city": 1.0, "day": 0.5461777987602147, "dayofyear": 0.0, "dcoilwtico": 0.0, "dcoilwtico_lag_1": 0.0, "dcoilwtico_lag_2": 0.0, "dcoilwtico_lag_3": 0.0, "dcoilwtico_lag_4": 0.0, "dcoilwtico_lag_5": 0.0, "dcoilwtico_lag_6": 0.0, "dcoilwtico_lag_7": 0.0, "event": 0.0, "holiday": 0.6726140020675418, "holiday_description": 1.0, "month": 0.0, "onpromotion": 0.5562490890493297, "onpromotion_lag_1": 1.0, "onpromotion_lag_2": 0.0, "onpromotion_lag_3": 1.0, "onpromotion_lag_4": 1.0, "onpromotion_lag_5": 0.4269088528058707, "onpromotion_lag_6": 0.0, "onpromotion_lag_7": 1.0, "payday": 1.0, "promo_last_7_days": 1.0, "sales_one_year_lag": 1.0, "state": 1.0, "time_since_quake": 0.0, "time_since_quake_sq": 0.0, "total_other_city_promo": 1.0, "total_other_promo_store": 0.0, "type": 1.0, "workday": 0.8428150311445007, "year": 0.0}, "datetime": {"datetime": "2024-02-23 13:16:27", "elapsed": 822.655993, "delta": 9.001975}}
