{"target": -0.9161348003153935, "params": {"Change_in_oil_prices": 0.4130917599698756, "city": 0.4929715391278272, "day": 0.11033624162688821, "dayofyear": 0.0, "dcoilwtico": 0.40825139198524296, "dcoilwtico_lag_1": 0.6498715785477668, "dcoilwtico_lag_2": 0.06170279037511473, "dcoilwtico_lag_3": 0.6657226276383994, "dcoilwtico_lag_4": 0.4792834215264736, "dcoilwtico_lag_5": 0.6998355898232249, "dcoilwtico_lag_6": 0.5012243331897118, "dcoilwtico_lag_7": 0.54657106477922, "event": 0.5949687334868867, "holiday": 0.2494353941221864, "holiday_description": 0.699393346344984, "month": 0.17959426391120895, "onpromotion": 0.7574197051030259, "onpromotion_lag_1": 0.205366307344198, "onpromotion_lag_2": 0.7227958045354432, "onpromotion_lag_3": 0.10166212158384073, "onpromotion_lag_4": 0.20739994201414522, "onpromotion_lag_5": 0.20390725007850313, "onpromotion_lag_6": 0.6832089150627668, "onpromotion_lag_7": 0.5693675704978841, "payday": 0.7435450302976189, "promo_last_7_days": 0.8841241526261906, "sales_one_year_lag": 0.8311081889855296, "state": 1.0, "time_since_quake": 0.34002051055766636, "time_since_quake_sq": 0.0, "total_other_city_promo": 0.5192409838489935, "total_other_promo_store": 0.5327693887430671, "type": 0.9087953237648109, "workday": 0.917700699885669, "year": 0.4610190945019119}, "datetime": {"datetime": "2024-02-23 13:06:14", "elapsed": 209.881866, "delta": 7.664594}}
{"target": -0.8811974822200167, "params": {"Change_in_oil_prices": 0.6207279808227517, "city": 0.5730853632354116, "day": 0.08089012062887477, "dayofyear": 0.0, "dcoilwtico": 0.49066931322722424, "dcoilwtico_lag_1": 0.0, "dcoilwtico_lag_2": 0.04165812800700417, "dcoilwtico_lag_3": 0.4086245039929434, "dcoilwtico_lag_4": 0.15737781981699164, "dcoilwtico_lag_5": 0.5273856142381163, "dcoilwtico_lag_6": 0.2337751848597948, "dcoilwtico_lag_7": 0.3571923689834482, "event": 0.5029795583780584, "holiday": 0.6843569955164998, "holiday_description": 1.0, "month": 0.06302728628499991, "onpromotion": 0.706280365088168, "onpromotion_lag_1": 0.17643623059197466, "onpromotion_lag_2": 0.8796072178953298, "onpromotion_lag_3": 0.39135500766061865, "onpromotion_lag_4": 0.5158508790760131, "onpromotion_lag_5": 0.0, "onpromotion_lag_6": 0.9752677700179031, "onpromotion_lag_7": 0.045309964376993875, "payday": 1.0, "promo_last_7_days": 1.0, "sales_one_year_lag": 1.0, "state": 1.0, "time_since_quake": 0.2951689970709357, "time_since_quake_sq": 0.0, "total_other_city_promo": 0.548492933770719, "total_other_promo_store": 0.49220806911308723, "type": 0.9854279411441159, "workday": 0.9541178373116895, "year": 0.7374141154154736}, "datetime": {"datetime": "2024-02-23 13:06:22", "elapsed": 217.459713, "delta": 7.577847}}
{"target": -0.9968918908617225, "params": {"Change_in_oil_prices": 1.0, "city": 1.0, "day": 0.7578568325594566, "dayofyear": 0.0, "dcoilwtico": 0.3626990746347835, "dcoilwtico_lag_1": 0.6060904021862643, "dcoilwtico_lag_2": 0.6029766147837778, "dcoilwtico_lag_3": 0.0, "dcoilwtico_lag_4": 0.2708613033472311, "dcoilwtico_lag_5": 0.40706557211680716, "dcoilwtico_lag_6": 0.22620556575716264, "dcoilwtico_lag_7": 0.9393275142995573, "event": 0.5715994382978383, "holiday": 0.5190678722348533, "holiday_description": 0.6315949601898478, "month": 0.0, "onpromotion": 0.44736125538904237, "onpromotion_lag_1": 0.24557163585283973, "onpromotion_lag_2": 0.7136720003229521, "onpromotion_lag_3": 0.3838560145855259, "onpromotion_lag_4": 0.06816395001868583, "onpromotion_lag_5": 0.2680544005192344, "onpromotion_lag_6": 1.0, "onpromotion_lag_7": 0.4905302607930613, "payday": 0.837204830387477, "promo_last_7_days": 0.9671387574461936, "sales_one_year_lag": 0.9104545813137634, "state": 1.0, "time_since_quake": 0.6668977994017268, "time_since_quake_sq": 0.0, "total_other_city_promo": 1.0, "total_other_promo_store": 0.3434567619281372, "type": 0.5845763337038182, "workday": 0.533909521303759, "year": 0.4115855827199539}, "datetime": {"datetime": "2024-02-23 13:06:29", "elapsed": 224.861781, "delta": 7.402068}}
{"target": -0.903739553126805, "params": {"Change_in_oil_prices": 0.13168694972271697, "city": 0.047794524419300884, "day": 0.0, "dayofyear": 0.0, "dcoilwtico": 0.10575160487910165, "dcoilwtico_lag_1": 0.1714878801542652, "dcoilwtico_lag_2": 0.0, "dcoilwtico_lag_3": 1.0, "dcoilwtico_lag_4": 0.24565589599722634, "dcoilwtico_lag_5": 1.0, "dcoilwtico_lag_6": 0.26782427697522987, "dcoilwtico_lag_7": 0.0, "event": 0.9015791509800647, "holiday": 0.34719145224007447, "holiday_description": 1.0, "month": 0.0, "onpromotion": 0.8236854160837423, "onpromotion_lag_1": 0.16050697936011882, "onpromotion_lag_2": 1.0, "onpromotion_lag_3": 0.0, "onpromotion_lag_4": 0.710025285410142, "onpromotion_lag_5": 0.0, "onpromotion_lag_6": 1.0, "onpromotion_lag_7": 0.1879652515180358, "payday": 1.0, "promo_last_7_days": 1.0, "sales_one_year_lag": 1.0, "state": 1.0, "time_since_quake": 0.0, "time_since_quake_sq": 0.0, "total_other_city_promo": 0.3367428636223582, "total_other_promo_store": 0.37415133169518827, "type": 1.0, "workday": 1.0, "year": 1.0}, "datetime": {"datetime": "2024-02-23 13:06:37", "elapsed": 232.561203, "delta": 7.699422}}
{"target": -0.9017849942641086, "params": {"Change_in_oil_prices": 0.0, "city": 0.4372551743347303, "day": 0.0, "dayofyear": 0.0, "dcoilwtico": 0.4878173734552026, "dcoilwtico_lag_1": 0.0, "dcoilwtico_lag_2": 0.0, "dcoilwtico_lag_3": 1.0, "dcoilwtico_lag_4": 0.7171247379624619, "dcoilwtico_lag_5": 0.9722674988266984, "dcoilwtico_lag_6": 0.45601452893719674, "dcoilwtico_lag_7": 1.0, "event": 0.0, "holiday": 0.4182127383850146, "holiday_description": 1.0, "month": 0.023572071049458496, "onpromotion": 1.0, "onpromotion_lag_1": 0.0, "onpromotion_lag_2": 1.0, "onpromotion_lag_3": 0.0, "onpromotion_lag_4": 0.6678248665870603, "onpromotion_lag_5": 0.0, "onpromotion_lag_6": 1.0, "onpromotion_lag_7": 0.0, "payday": 1.0, "promo_last_7_days": 1.0, "sales_one_year_lag": 1.0, "state": 1.0, "time_since_quake": 0.0, "time_since_quake_sq": 0.0, "total_other_city_promo": 0.6192470766567548, "total_other_promo_store": 0.40304296691679997, "type": 1.0, "workday": 1.0, "year": 1.0}, "datetime": {"datetime": "2024-02-23 13:06:45", "elapsed": 240.675481, "delta": 8.114278}}
{"target": -0.9128807138348416, "params": {"Change_in_oil_prices": 0.19592139448415136, "city": 0.8878246832856758, "day": 0.18147715360844652, "dayofyear": 0.0, "dcoilwtico": 0.239589597143055, "dcoilwtico_lag_1": 1.0, "dcoilwtico_lag_2": 0.18040024333373178, "dcoilwtico_lag_3": 1.0, "dcoilwtico_lag_4": 1.0, "dcoilwtico_lag_5": 0.9469503254242366, "dcoilwtico_lag_6": 0.6959210218779084, "dcoilwtico_lag_7": 1.0, "event": 0.7854508405002663, "holiday": 0.0, "holiday_description": 0.23182636768913584, "month": 0.061330621918084846, "onpromotion": 1.0, "onpromotion_lag_1": 0.2383910961009312, "onpromotion_lag_2": 0.4275705769546441, "onpromotion_lag_3": 0.0, "onpromotion_lag_4": 0.0, "onpromotion_lag_5": 1.0, "onpromotion_lag_6": 0.6639911886730361, "onpromotion_lag_7": 1.0, "payday": 0.0, "promo_last_7_days": 0.3253780661405034, "sales_one_year_lag": 0.5709601878596752, "state": 1.0, "time_since_quake": 0.2487407793447449, "time_since_quake_sq": 0.0, "total_other_city_promo": 0.9599645787901475, "total_other_promo_store": 0.08014677024002098, "type": 1.0, "workday": 0.8518091726335675, "year": 0.0}, "datetime": {"datetime": "2024-02-23 13:06:53", "elapsed": 248.700984, "delta": 8.025503}}
{"target": -0.88472824907113, "params": {"Change_in_oil_prices": 0.0, "city": 0.05398039247244224, "day": 0.0, "dayofyear": 0.0, "dcoilwtico": 0.80288548286859, "dcoilwtico_lag_1": 0.0, "dcoilwtico_lag_2": 0.0, "dcoilwtico_lag_3": 0.9873111398098718, "dcoilwtico_lag_4": 0.22658662786018477, "dcoilwtico_lag_5": 0.057661731446829415, "dcoilwtico_lag_6": 0.977006472085389, "dcoilwtico_lag_7": 0.000652975449029636, "event": 0.3329253203933756, "holiday": 0.3220096023994541, "holiday_description": 1.0, "month": 0.07293527573541526, "onpromotion": 1.0, "onpromotion_lag_1": 0.0, "onpromotion_lag_2": 0.9746633626294436, "onpromotion_lag_3": 0.0, "onpromotion_lag_4": 0.0, "onpromotion_lag_5": 0.0, "onpromotion_lag_6": 1.0, "onpromotion_lag_7": 0.0, "payday": 1.0, "promo_last_7_days": 1.0, "sales_one_year_lag": 1.0, "state": 1.0, "time_since_quake": 0.0, "time_since_quake_sq": 0.0, "total_other_city_promo": 0.6851873800752042, "total_other_promo_store": 0.7070988998704891, "type": 1.0, "workday": 1.0, "year": 0.8517612375563273}, "datetime": {"datetime": "2024-02-23 13:07:02", "elapsed": 257.163403, "delta": 8.462419}}
{"target": -0.9460509857118178, "params": {"Change_in_oil_prices": 0.0, "city": 0.0, "day": 0.0, "dayofyear": 0.0, "dcoilwtico": 1.0, "dcoilwtico_lag_1": 0.0, "dcoilwtico_lag_2": 0.0, "dcoilwtico_lag_3": 0.6828467094487474, "dcoilwtico_lag_4": 0.0, "dcoilwtico_lag_5": 0.8833630282551379, "dcoilwtico_lag_6": 0.0, "dcoilwtico_lag_7": 0.640992593581189, "event": 0.732357862213938, "holiday": 0.0, "holiday_description": 1.0, "month": 0.462048270694871, "onpromotion": 1.0, "onpromotion_lag_1": 0.0, "onpromotion_lag_2": 0.16580540846967434, "onpromotion_lag_3": 0.0, "onpromotion_lag_4": 0.0, "onpromotion_lag_5": 0.0, "onpromotion_lag_6": 1.0, "onpromotion_lag_7": 0.0, "payday": 1.0, "promo_last_7_days": 1.0, "sales_one_year_lag": 1.0, "state": 1.0, "time_since_quake": 0.0, "time_since_quake_sq": 0.0, "total_other_city_promo": 0.8956189361300768, "total_other_promo_store": 0.7581747766103538, "type": 1.0, "workday": 1.0, "year": 0.861577500989959}, "datetime": {"datetime": "2024-02-23 13:07:11", "elapsed": 266.273153, "delta": 9.10975}}
{"target": -0.9582665760115926, "params": {"Change_in_oil_prices": 0.0, "city": 0.6032350521758948, "day": 0.0, "dayofyear": 0.0, "dcoilwtico": 0.9834699218971299, "dcoilwtico_lag_1": 0.0, "dcoilwtico_lag_2": 0.0, "dcoilwtico_lag_3": 0.48782846124285867, "dcoilwtico_lag_4": 1.0, "dcoilwtico_lag_5": 1.0, "dcoilwtico_lag_6": 0.6555667279176526, "dcoilwtico_lag_7": 0.004407118208537304, "event": 0.8092308629027942, "holiday": 0.8969170705264462, "holiday_description": 1.0, "month": 0.0, "onpromotion": 1.0, "onpromotion_lag_1": 0.0, "onpromotion_lag_2": 1.0, "onpromotion_lag_3": 0.0, "onpromotion_lag_4": 0.0, "onpromotion_lag_5": 0.0, "onpromotion_lag_6": 1.0, "onpromotion_lag_7": 0.0, "payday": 1.0, "promo_last_7_days": 1.0, "sales_one_year_lag": 1.0, "state": 1.0, "time_since_quake": 0.0, "time_since_quake_sq": 0.0, "total_other_city_promo": 0.0, "total_other_promo_store": 1.0, "type": 1.0, "workday": 1.0, "year": 0.842283601829736}, "datetime": {"datetime": "2024-02-23 13:07:20", "elapsed": 275.043205, "delta": 8.770052}}
{"target": -1.0337228754563663, "params": {"Change_in_oil_prices": 0.0, "city": 0.0, "day": 0.0, "dayofyear": 0.0, "dcoilwtico": 0.0, "dcoilwtico_lag_1": 0.0, "dcoilwtico_lag_2": 0.0, "dcoilwtico_lag_3": 1.0, "dcoilwtico_lag_4": 0.24539509629772902, "dcoilwtico_lag_5": 0.581143274064125, "dcoilwtico_lag_6": 0.8557731061719012, "dcoilwtico_lag_7": 0.7429619986414637, "event": 0.7143040902774752, "holiday": 0.9305934576959217, "holiday_description": 1.0, "month": 0.6838628937959469, "onpromotion": 1.0, "onpromotion_lag_1": 0.0, "onpromotion_lag_2": 1.0, "onpromotion_lag_3": 0.0, "onpromotion_lag_4": 0.0, "onpromotion_lag_5": 0.0, "onpromotion_lag_6": 1.0, "onpromotion_lag_7": 0.0, "payday": 1.0, "promo_last_7_days": 1.0, "sales_one_year_lag": 1.0, "state": 1.0, "time_since_quake": 0.0, "time_since_quake_sq": 0.0, "total_other_city_promo": 0.6860900935230618, "total_other_promo_store": 0.0, "type": 1.0, "workday": 1.0, "year": 0.030269718435102573}, "datetime": {"datetime": "2024-02-23 13:07:29", "elapsed": 284.03901, "delta": 8.995805}}
{"target": -0.874340901584715, "params": {"Change_in_oil_prices": 0.9743844490312545, "city": 0.0, "day": 0.0, "dayofyear": 0.0, "dcoilwtico": 1.0, "dcoilwtico_lag_1": 0.3184552845443919, "dcoilwtico_lag_2": 0.0, "dcoilwtico_lag_3": 1.0, "dcoilwtico_lag_4": 0.1964866089135207, "dcoilwtico_lag_5": 0.5397024614740975, "dcoilwtico_lag_6": 0.4766211261264785, "dcoilwtico_lag_7": 0.14858217804539112, "event": 0.0, "holiday": 0.0, "holiday_description": 1.0, "month": 0.0, "onpromotion": 1.0, "onpromotion_lag_1": 0.0, "onpromotion_lag_2": 1.0, "onpromotion_lag_3": 0.0, "onpromotion_lag_4": 1.0, "onpromotion_lag_5": 0.0, "onpromotion_lag_6": 1.0, "onpromotion_lag_7": 0.0, "payday": 1.0, "promo_last_7_days": 1.0, "sales_one_year_lag": 1.0, "state": 1.0, "time_since_quake": 0.0, "time_since_quake_sq": 0.0, "total_other_city_promo": 0.08082281664345571, "total_other_promo_store": 1.0, "type": 1.0, "workday": 1.0, "year": 1.0}, "datetime": {"datetime": "2024-02-23 13:07:37", "elapsed": 292.240081, "delta": 8.201071}}
{"target": -0.8922138103710013, "params": {"Change_in_oil_prices": 0.0, "city": 0.0030552802987828093, "day": 0.0, "dayofyear": 0.0, "dcoilwtico": 1.0, "dcoilwtico_lag_1": 0.0, "dcoilwtico_lag_2": 0.0, "dcoilwtico_lag_3": 0.3065156663213886, "dcoilwtico_lag_4": 0.6919543457970163, "dcoilwtico_lag_5": 0.0, "dcoilwtico_lag_6": 0.009497216213266095, "dcoilwtico_lag_7": 0.0, "event": 0.12392982601117089, "holiday": 0.0, "holiday_description": 1.0, "month": 0.0, "onpromotion": 1.0, "onpromotion_lag_1": 0.0, "onpromotion_lag_2": 1.0, "onpromotion_lag_3": 0.0, "onpromotion_lag_4": 1.0, "onpromotion_lag_5": 0.0, "onpromotion_lag_6": 0.6333323710515134, "onpromotion_lag_7": 0.6313037513322043, "payday": 1.0, "promo_last_7_days": 1.0, "sales_one_year_lag": 1.0, "state": 1.0, "time_since_quake": 0.0, "time_since_quake_sq": 0.0, "total_other_city_promo": 0.5198311456915318, "total_other_promo_store": 0.455015592298524, "type": 1.0, "workday": 1.0, "year": 1.0}, "datetime": {"datetime": "2024-02-23 13:07:45", "elapsed": 300.68559, "delta": 8.445509}}
{"target": -0.9054844157152078, "params": {"Change_in_oil_prices": 0.19516266018145614, "city": 0.5029842260861602, "day": 0.0, "dayofyear": 0.0, "dcoilwtico": 0.008497660272675013, "dcoilwtico_lag_1": 0.0, "dcoilwtico_lag_2": 0.0, "dcoilwtico_lag_3": 1.0, "dcoilwtico_lag_4": 0.6024132861130522, "dcoilwtico_lag_5": 0.011350455405511673, "dcoilwtico_lag_6": 0.23980983050277146, "dcoilwtico_lag_7": 0.0, "event": 0.0, "holiday": 0.0, "holiday_description": 1.0, "month": 0.0, "onpromotion": 1.0, "onpromotion_lag_1": 0.0, "onpromotion_lag_2": 0.02516862906332007, "onpromotion_lag_3": 0.0, "onpromotion_lag_4": 0.6641418853831191, "onpromotion_lag_5": 0.0, "onpromotion_lag_6": 1.0, "onpromotion_lag_7": 0.0, "payday": 1.0, "promo_last_7_days": 1.0, "sales_one_year_lag": 1.0, "state": 1.0, "time_since_quake": 0.0, "time_since_quake_sq": 0.0, "total_other_city_promo": 0.0, "total_other_promo_store": 0.9940264434869907, "type": 1.0, "workday": 1.0, "year": 1.0}, "datetime": {"datetime": "2024-02-23 13:07:54", "elapsed": 309.543588, "delta": 8.857998}}
{"target": -0.9818936884812439, "params": {"Change_in_oil_prices": 0.8308088198517058, "city": 1.0, "day": 0.0, "dayofyear": 0.0, "dcoilwtico": 1.0, "dcoilwtico_lag_1": 0.0, "dcoilwtico_lag_2": 0.0, "dcoilwtico_lag_3": 1.0, "dcoilwtico_lag_4": 0.13026803052062091, "dcoilwtico_lag_5": 0.12421875790155898, "dcoilwtico_lag_6": 0.7665574913881082, "dcoilwtico_lag_7": 0.0, "event": 0.36727747791059556, "holiday": 0.35190325414402257, "holiday_description": 1.0, "month": 0.0, "onpromotion": 1.0, "onpromotion_lag_1": 0.0, "onpromotion_lag_2": 0.5859637528472128, "onpromotion_lag_3": 0.0, "onpromotion_lag_4": 1.0, "onpromotion_lag_5": 0.0, "onpromotion_lag_6": 1.0, "onpromotion_lag_7": 1.0, "payday": 1.0, "promo_last_7_days": 1.0, "sales_one_year_lag": 0.16416119735067455, "state": 1.0, "time_since_quake": 0.0, "time_since_quake_sq": 0.0, "total_other_city_promo": 1.0, "total_other_promo_store": 0.8740343336188426, "type": 1.0, "workday": 1.0, "year": 1.0}, "datetime": {"datetime": "2024-02-23 13:08:03", "elapsed": 318.479199, "delta": 8.935611}}
{"target": -0.9400698240346327, "params": {"Change_in_oil_prices": 0.0, "city": 0.5925959540502486, "day": 0.0, "dayofyear": 0.0, "dcoilwtico": 0.9380559752930778, "dcoilwtico_lag_1": 0.0, "dcoilwtico_lag_2": 0.0, "dcoilwtico_lag_3": 1.0, "dcoilwtico_lag_4": 0.0, "dcoilwtico_lag_5": 0.4789188973305243, "dcoilwtico_lag_6": 0.27175668831073635, "dcoilwtico_lag_7": 0.06736137951557804, "event": 0.0, "holiday": 0.0, "holiday_description": 1.0, "month": 0.0, "onpromotion": 0.0, "onpromotion_lag_1": 0.0, "onpromotion_lag_2": 1.0, "onpromotion_lag_3": 0.0, "onpromotion_lag_4": 0.49184252297277065, "onpromotion_lag_5": 0.0, "onpromotion_lag_6": 0.3573433292533925, "onpromotion_lag_7": 0.0, "payday": 1.0, "promo_last_7_days": 1.0, "sales_one_year_lag": 1.0, "state": 1.0, "time_since_quake": 0.0, "time_since_quake_sq": 0.0, "total_other_city_promo": 0.0, "total_other_promo_store": 0.39233440786165535, "type": 1.0, "workday": 1.0, "year": 1.0}, "datetime": {"datetime": "2024-02-23 13:08:11", "elapsed": 326.153059, "delta": 7.67386}}
{"target": -0.9200470221477937, "params": {"Change_in_oil_prices": 0.0, "city": 0.0, "day": 0.0, "dayofyear": 0.0, "dcoilwtico": 0.13918919994271825, "dcoilwtico_lag_1": 1.0, "dcoilwtico_lag_2": 0.0, "dcoilwtico_lag_3": 1.0, "dcoilwtico_lag_4": 1.0, "dcoilwtico_lag_5": 0.8224446584847134, "dcoilwtico_lag_6": 1.0, "dcoilwtico_lag_7": 0.2921675654839491, "event": 0.12447273945684327, "holiday": 0.0, "holiday_description": 1.0, "month": 0.0, "onpromotion": 1.0, "onpromotion_lag_1": 0.0, "onpromotion_lag_2": 0.5889966263074009, "onpromotion_lag_3": 0.0, "onpromotion_lag_4": 0.0, "onpromotion_lag_5": 1.0, "onpromotion_lag_6": 0.09089715842907845, "onpromotion_lag_7": 1.0, "payday": 0.0, "promo_last_7_days": 1.0, "sales_one_year_lag": 0.8956112834497386, "state": 1.0, "time_since_quake": 0.0, "time_since_quake_sq": 0.0, "total_other_city_promo": 0.4571412113272629, "total_other_promo_store": 0.7070374402241595, "type": 1.0, "workday": 1.0, "year": 1.0}, "datetime": {"datetime": "2024-02-23 13:08:20", "elapsed": 335.032801, "delta": 8.879742}}
{"target": -0.9232846060924007, "params": {"Change_in_oil_prices": 0.0, "city": 0.0, "day": 0.0, "dayofyear": 0.0, "dcoilwtico": 0.5230235616477438, "dcoilwtico_lag_1": 1.0, "dcoilwtico_lag_2": 0.0, "dcoilwtico_lag_3": 0.7519210899174724, "dcoilwtico_lag_4": 0.0, "dcoilwtico_lag_5": 0.005893337708844122, "dcoilwtico_lag_6": 0.0, "dcoilwtico_lag_7": 0.2540866572141492, "event": 0.0, "holiday": 1.0, "holiday_description": 1.0, "month": 0.0, "onpromotion": 1.0, "onpromotion_lag_1": 0.0, "onpromotion_lag_2": 1.0, "onpromotion_lag_3": 0.0, "onpromotion_lag_4": 0.931197330010166, "onpromotion_lag_5": 0.0, "onpromotion_lag_6": 0.9238665958349932, "onpromotion_lag_7": 0.0, "payday": 1.0, "promo_last_7_days": 1.0, "sales_one_year_lag": 1.0, "state": 1.0, "time_since_quake": 0.0, "time_since_quake_sq": 0.0, "total_other_city_promo": 0.4110223267666002, "total_other_promo_store": 1.0, "type": 1.0, "workday": 1.0, "year": 1.0}, "datetime": {"datetime": "2024-02-23 13:08:28", "elapsed": 343.794888, "delta": 8.762087}}
{"target": -0.9097493859413165, "params": {"Change_in_oil_prices": 0.7387753349705071, "city": 0.0, "day": 0.0, "dayofyear": 0.0, "dcoilwtico": 0.0, "dcoilwtico_lag_1": 0.0, "dcoilwtico_lag_2": 0.0, "dcoilwtico_lag_3": 0.19356152470570862, "dcoilwtico_lag_4": 0.5800876788953537, "dcoilwtico_lag_5": 0.8708606435932668, "dcoilwtico_lag_6": 0.5489473325136284, "dcoilwtico_lag_7": 0.0, "event": 0.0, "holiday": 0.0, "holiday_description": 1.0, "month": 0.0, "onpromotion": 1.0, "onpromotion_lag_1": 0.0, "onpromotion_lag_2": 1.0, "onpromotion_lag_3": 0.0, "onpromotion_lag_4": 0.5492425101268514, "onpromotion_lag_5": 0.0, "onpromotion_lag_6": 0.07163369753556188, "onpromotion_lag_7": 0.0, "payday": 1.0, "promo_last_7_days": 1.0, "sales_one_year_lag": 1.0, "state": 1.0, "time_since_quake": 0.0, "time_since_quake_sq": 0.0, "total_other_city_promo": 0.951074155962508, "total_other_promo_store": 1.0, "type": 1.0, "workday": 1.0, "year": 1.0}, "datetime": {"datetime": "2024-02-23 13:08:37", "elapsed": 352.905284, "delta": 9.110396}}
{"target": -0.95451598024123, "params": {"Change_in_oil_prices": 0.22880152856780853, "city": 0.0, "day": 0.0, "dayofyear": 0.0, "dcoilwtico": 0.8535514304773638, "dcoilwtico_lag_1": 0.6972937075101582, "dcoilwtico_lag_2": 0.0, "dcoilwtico_lag_3": 1.0, "dcoilwtico_lag_4": 1.0, "dcoilwtico_lag_5": 0.527374590744034, "dcoilwtico_lag_6": 0.7669495280576386, "dcoilwtico_lag_7": 0.0, "event": 0.137093063789821, "holiday": 0.0, "holiday_description": 1.0, "month": 0.0, "onpromotion": 1.0, "onpromotion_lag_1": 1.0, "onpromotion_lag_2": 0.6271844550480804, "onpromotion_lag_3": 0.0, "onpromotion_lag_4": 0.8760956235694326, "onpromotion_lag_5": 0.0, "onpromotion_lag_6": 1.0, "onpromotion_lag_7": 0.0, "payday": 1.0, "promo_last_7_days": 1.0, "sales_one_year_lag": 1.0, "state": 1.0, "time_since_quake": 1.0, "time_since_quake_sq": 0.0, "total_other_city_promo": 0.877951990507673, "total_other_promo_store": 0.6568132920492815, "type": 1.0, "workday": 1.0, "year": 1.0}, "datetime": {"datetime": "2024-02-23 13:08:46", "elapsed": 361.891123, "delta": 8.985839}}
