{"target": -0.9213231624684857, "params": {"Change_in_oil_prices": 0.0, "city": 0.0, "day": 0.0, "dayofyear": 0.0, "dcoilwtico": 0.3194873187441813, "dcoilwtico_lag_1": 1.0, "dcoilwtico_lag_2": 0.0, "dcoilwtico_lag_3": 1.0, "dcoilwtico_lag_4": 1.0, "dcoilwtico_lag_5": 1.0, "dcoilwtico_lag_6": 0.6530079134626537, "dcoilwtico_lag_7": 0.383482001634946, "event": 0.0, "holiday": 0.0, "holiday_description": 0.0, "month": 0.0, "onpromotion": 1.0, "onpromotion_lag_1": 0.0, "onpromotion_lag_2": 0.3352876365550029, "onpromotion_lag_3": 0.0, "onpromotion_lag_4": 0.0, "onpromotion_lag_5": 0.0, "onpromotion_lag_6": 0.6851721138643402, "onpromotion_lag_7": 1.0, "payday": 1.0, "promo_last_7_days": 0.005100117532470404, "sales_one_year_lag": 1.0, "state": 1.0, "time_since_quake": 0.0, "time_since_quake_sq": 0.0, "total_other_city_promo": 0.0, "total_other_promo_store": 0.0, "type": 1.0, "workday": 1.0, "year": 1.0}, "datetime": {"datetime": "2024-02-23 13:08:55", "elapsed": 370.785633, "delta": 8.89451}}
{"target": -0.9407845739953118, "params": {"Change_in_oil_prices": 0.41703409803304525, "city": 0.0, "day": 0.0, "dayofyear": 0.0, "dcoilwtico": 0.5605927645675566, "dcoilwtico_lag_1": 0.7267223849998186, "dcoilwtico_lag_2": 0.0, "dcoilwtico_lag_3": 0.0, "dcoilwtico_lag_4": 0.19825078184663913, "dcoilwtico_lag_5": 0.5266337489248912, "dcoilwtico_lag_6": 0.7051985643532436, "dcoilwtico_lag_7": 0.0, "event": 0.0, "holiday": 0.0, "holiday_description": 1.0, "month": 0.0, "onpromotion": 1.0, "onpromotion_lag_1": 0.0, "onpromotion_lag_2": 0.8417282607199557, "onpromotion_lag_3": 1.0, "onpromotion_lag_4": 0.24812524693070548, "onpromotion_lag_5": 0.0, "onpromotion_lag_6": 1.0, "onpromotion_lag_7": 0.0, "payday": 1.0, "promo_last_7_days": 1.0, "sales_one_year_lag": 1.0, "state": 1.0, "time_since_quake": 0.0, "time_since_quake_sq": 0.0, "total_other_city_promo": 0.0, "total_other_promo_store": 0.06411306397051536, "type": 1.0, "workday": 1.0, "year": 1.0}, "datetime": {"datetime": "2024-02-23 13:09:05", "elapsed": 380.091921, "delta": 9.306288}}
{"target": -0.9955075307858763, "params": {"Change_in_oil_prices": 0.0, "city": 0.0, "day": 0.0, "dayofyear": 0.0, "dcoilwtico": 0.0, "dcoilwtico_lag_1": 1.0, "dcoilwtico_lag_2": 0.0, "dcoilwtico_lag_3": 1.0, "dcoilwtico_lag_4": 1.0, "dcoilwtico_lag_5": 1.0, "dcoilwtico_lag_6": 1.0, "dcoilwtico_lag_7": 1.0, "event": 1.0, "holiday": 0.0, "holiday_description": 0.0, "month": 0.0, "onpromotion": 1.0, "onpromotion_lag_1": 0.0, "onpromotion_lag_2": 0.0, "onpromotion_lag_3": 0.0, "onpromotion_lag_4": 0.0, "onpromotion_lag_5": 0.0, "onpromotion_lag_6": 0.0, "onpromotion_lag_7": 1.0, "payday": 0.0, "promo_last_7_days": 1.0, "sales_one_year_lag": 0.48550905874223454, "state": 1.0, "time_since_quake": 0.0, "time_since_quake_sq": 0.0, "total_other_city_promo": 0.0, "total_other_promo_store": 1.0, "type": 1.0, "workday": 1.0, "year": 0.0}, "datetime": {"datetime": "2024-02-23 13:09:14", "elapsed": 389.2438, "delta": 9.151879}}
{"target": -0.9619361188284832, "params": {"Change_in_oil_prices": 0.26376454042956216, "city": 0.0, "day": 0.0, "dayofyear": 0.0, "dcoilwtico": 0.3445929755463285, "dcoilwtico_lag_1": 1.0, "dcoilwtico_lag_2": 0.0, "dcoilwtico_lag_3": 1.0, "dcoilwtico_lag_4": 1.0, "dcoilwtico_lag_5": 1.0, "dcoilwtico_lag_6": 0.0, "dcoilwtico_lag_7": 0.0, "event": 0.0, "holiday": 0.0, "holiday_description": 1.0, "month": 1.0, "onpromotion": 1.0, "onpromotion_lag_1": 0.0, "onpromotion_lag_2": 1.0, "onpromotion_lag_3": 0.0, "onpromotion_lag_4": 0.25167000850124305, "onpromotion_lag_5": 0.0, "onpromotion_lag_6": 1.0, "onpromotion_lag_7": 1.0, "payday": 1.0, "promo_last_7_days": 1.0, "sales_one_year_lag": 1.0, "state": 1.0, "time_since_quake": 0.0, "time_since_quake_sq": 0.0, "total_other_city_promo": 0.0, "total_other_promo_store": 1.0, "type": 1.0, "workday": 1.0, "year": 1.0}, "datetime": {"datetime": "2024-02-23 13:09:23", "elapsed": 398.677529, "delta": 9.433729}}
{"target": -0.9747679376315315, "params": {"Change_in_oil_prices": 1.0, "city": 1.0, "day": 0.0, "dayofyear": 0.0, "dcoilwtico": 1.0, "dcoilwtico_lag_1": 1.0, "dcoilwtico_lag_2": 0.0, "dcoilwtico_lag_3": 0.0, "dcoilwtico_lag_4": 0.13835118564896612, "dcoilwtico_lag_5": 0.0, "dcoilwtico_lag_6": 0.5572856709926406, "dcoilwtico_lag_7": 0.0, "event": 1.0, "holiday": 0.0, "holiday_description": 1.0, "month": 0.0, "onpromotion": 1.0, "onpromotion_lag_1": 1.0, "onpromotion_lag_2": 0.0, "onpromotion_lag_3": 0.0, "onpromotion_lag_4": 0.0, "onpromotion_lag_5": 1.0, "onpromotion_lag_6": 1.0, "onpromotion_lag_7": 1.0, "payday": 0.0, "promo_last_7_days": 1.0, "sales_one_year_lag": 1.0, "state": 1.0, "time_since_quake": 1.0, "time_since_quake_sq": 0.0, "total_other_city_promo": 1.0, "total_other_promo_store": 0.1306322987033603, "type": 1.0, "workday": 1.0, "year": 0.0}, "datetime": {"datetime": "2024-02-23 13:09:33", "elapsed": 408.138524, "delta": 9.460995}}
{"target": -0.9426455679833694, "params": {"Change_in_oil_prices": 0.441101819283877, "city": 0.0, "day": 0.0, "dayofyear": 0.0, "dcoilwtico": 0.6227896029562286, "dcoilwtico_lag_1": 0.9966009281189221, "dcoilwtico_lag_2": 0.0, "dcoilwtico_lag_3": 1.0, "dcoilwtico_lag_4": 1.0, "dcoilwtico_lag_5": 0.6095543082099253, "dcoilwtico_lag_6": 0.04420884055428714, "dcoilwtico_lag_7": 1.0, "event": 0.8558884225473897, "holiday": 0.0, "holiday_description": 1.0, "month": 0.0, "onpromotion": 1.0, "onpromotion_lag_1": 0.0, "onpromotion_lag_2": 1.0, "onpromotion_lag_3": 0.0, "onpromotion_lag_4": 1.0, "onpromotion_lag_5": 1.0, "onpromotion_lag_6": 0.06194334404888115, "onpromotion_lag_7": 0.0, "payday": 1.0, "promo_last_7_days": 1.0, "sales_one_year_lag": 1.0, "state": 1.0, "time_since_quake": 0.0, "time_since_quake_sq": 0.0, "total_other_city_promo": 0.0, "total_other_promo_store": 0.4539097104229143, "type": 1.0, "workday": 1.0, "year": 1.0}, "datetime": {"datetime": "2024-02-23 13:09:42", "elapsed": 417.916333, "delta": 9.777809}}
{"target": -0.9393357900430834, "params": {"Change_in_oil_prices": 0.0, "city": 0.0, "day": 0.0, "dayofyear": 0.0, "dcoilwtico": 1.0, "dcoilwtico_lag_1": 1.0, "dcoilwtico_lag_2": 0.0, "dcoilwtico_lag_3": 1.0, "dcoilwtico_lag_4": 1.0, "dcoilwtico_lag_5": 0.3049390090012789, "dcoilwtico_lag_6": 1.0, "dcoilwtico_lag_7": 0.0, "event": 0.8343704523514728, "holiday": 0.0, "holiday_description": 0.0, "month": 0.0, "onpromotion": 1.0, "onpromotion_lag_1": 0.17093260025666562, "onpromotion_lag_2": 1.0, "onpromotion_lag_3": 0.0, "onpromotion_lag_4": 0.0, "onpromotion_lag_5": 1.0, "onpromotion_lag_6": 0.0, "onpromotion_lag_7": 1.0, "payday": 1.0, "promo_last_7_days": 0.22826162685500456, "sales_one_year_lag": 1.0, "state": 1.0, "time_since_quake": 0.0, "time_since_quake_sq": 0.0, "total_other_city_promo": 1.0, "total_other_promo_store": 0.23879402193191368, "type": 1.0, "workday": 1.0, "year": 0.03230276265531232}, "datetime": {"datetime": "2024-02-23 13:09:52", "elapsed": 427.537047, "delta": 9.620714}}
{"target": -0.9252365174490694, "params": {"Change_in_oil_prices": 0.0, "city": 0.0, "day": 0.0, "dayofyear": 0.0, "dcoilwtico": 1.0, "dcoilwtico_lag_1": 1.0, "dcoilwtico_lag_2": 0.0, "dcoilwtico_lag_3": 0.0, "dcoilwtico_lag_4": 1.0, "dcoilwtico_lag_5": 1.0, "dcoilwtico_lag_6": 0.0, "dcoilwtico_lag_7": 1.0, "event": 0.0, "holiday": 0.0, "holiday_description": 0.0, "month": 0.0, "onpromotion": 1.0, "onpromotion_lag_1": 0.0, "onpromotion_lag_2": 1.0, "onpromotion_lag_3": 0.0, "onpromotion_lag_4": 0.0, "onpromotion_lag_5": 1.0, "onpromotion_lag_6": 0.551518513059022, "onpromotion_lag_7": 1.0, "payday": 0.0, "promo_last_7_days": 0.20777940329870015, "sales_one_year_lag": 1.0, "state": 1.0, "time_since_quake": 0.0, "time_since_quake_sq": 0.0, "total_other_city_promo": 1.0, "total_other_promo_store": 0.0, "type": 1.0, "workday": 1.0, "year": 1.0}, "datetime": {"datetime": "2024-02-23 13:10:02", "elapsed": 437.140778, "delta": 9.603731}}
{"target": -0.986827258440186, "params": {"Change_in_oil_prices": 1.0, "city": 0.0, "day": 1.0, "dayofyear": 0.0, "dcoilwtico": 0.0, "dcoilwtico_lag_1": 1.0, "dcoilwtico_lag_2": 0.0, "dcoilwtico_lag_3": 1.0, "dcoilwtico_lag_4": 1.0, "dcoilwtico_lag_5": 1.0, "dcoilwtico_lag_6": 1.0, "dcoilwtico_lag_7": 1.0, "event": 0.0, "holiday": 0.0, "holiday_description": 0.0, "month": 0.0, "onpromotion": 1.0, "onpromotion_lag_1": 0.0, "onpromotion_lag_2": 1.0, "onpromotion_lag_3": 0.0, "onpromotion_lag_4": 0.0, "onpromotion_lag_5": 1.0, "onpromotion_lag_6": 0.29893880165973147, "onpromotion_lag_7": 1.0, "payday": 0.0, "promo_last_7_days": 0.0, "sales_one_year_lag": 0.7209665192517418, "state": 1.0, "time_since_quake": 1.0, "time_since_quake_sq": 0.0, "total_other_city_promo": 1.0, "total_other_promo_store": 0.0, "type": 1.0, "workday": 1.0, "year": 1.0}, "datetime": {"datetime": "2024-02-23 13:10:11", "elapsed": 446.319934, "delta": 9.179156}}
{"target": -0.8817925866239904, "params": {"Change_in_oil_prices": 0.0, "city": 0.8012355512704861, "day": 0.0, "dayofyear": 0.0, "dcoilwtico": 0.0, "dcoilwtico_lag_1": 1.0, "dcoilwtico_lag_2": 0.0, "dcoilwtico_lag_3": 1.0, "dcoilwtico_lag_4": 1.0, "dcoilwtico_lag_5": 1.0, "dcoilwtico_lag_6": 0.0, "dcoilwtico_lag_7": 0.0, "event": 0.6721168470638421, "holiday": 0.0, "holiday_description": 0.0, "month": 0.0, "onpromotion": 1.0, "onpromotion_lag_1": 1.0, "onpromotion_lag_2": 1.0, "onpromotion_lag_3": 0.0, "onpromotion_lag_4": 0.0, "onpromotion_lag_5": 1.0, "onpromotion_lag_6": 0.0, "onpromotion_lag_7": 1.0, "payday": 0.0, "promo_last_7_days": 0.7912341654772501, "sales_one_year_lag": 1.0, "state": 1.0, "time_since_quake": 0.0, "time_since_quake_sq": 0.0, "total_other_city_promo": 1.0, "total_other_promo_store": 0.0, "type": 1.0, "workday": 0.0, "year": 1.0}, "datetime": {"datetime": "2024-02-23 13:10:20", "elapsed": 455.607205, "delta": 9.287271}}
{"target": -0.9645830374093101, "params": {"Change_in_oil_prices": 1.0, "city": 1.0, "day": 0.0, "dayofyear": 0.0, "dcoilwtico": 0.766105524069502, "dcoilwtico_lag_1": 1.0, "dcoilwtico_lag_2": 0.0, "dcoilwtico_lag_3": 1.0, "dcoilwtico_lag_4": 1.0, "dcoilwtico_lag_5": 1.0, "dcoilwtico_lag_6": 0.0, "dcoilwtico_lag_7": 0.0, "event": 1.0, "holiday": 0.0, "holiday_description": 0.0, "month": 0.0, "onpromotion": 1.0, "onpromotion_lag_1": 0.0, "onpromotion_lag_2": 1.0, "onpromotion_lag_3": 0.0, "onpromotion_lag_4": 0.0, "onpromotion_lag_5": 1.0, "onpromotion_lag_6": 1.0, "onpromotion_lag_7": 1.0, "payday": 0.0, "promo_last_7_days": 0.28819002051828285, "sales_one_year_lag": 1.0, "state": 1.0, "time_since_quake": 0.0, "time_since_quake_sq": 0.0, "total_other_city_promo": 1.0, "total_other_promo_store": 0.0, "type": 0.0, "workday": 0.0, "year": 1.0}, "datetime": {"datetime": "2024-02-23 13:10:29", "elapsed": 464.72404, "delta": 9.116835}}
{"target": -0.9971375728221971, "params": {"Change_in_oil_prices": 0.0, "city": 1.0, "day": 0.0, "dayofyear": 0.0, "dcoilwtico": 1.0, "dcoilwtico_lag_1": 1.0, "dcoilwtico_lag_2": 0.0, "dcoilwtico_lag_3": 1.0, "dcoilwtico_lag_4": 1.0, "dcoilwtico_lag_5": 1.0, "dcoilwtico_lag_6": 1.0, "dcoilwtico_lag_7": 1.0, "event": 0.0, "holiday": 0.0, "holiday_description": 0.0, "month": 0.0, "onpromotion": 1.0, "onpromotion_lag_1": 1.0, "onpromotion_lag_2": 1.0, "onpromotion_lag_3": 0.0, "onpromotion_lag_4": 0.0, "onpromotion_lag_5": 1.0, "onpromotion_lag_6": 0.0, "onpromotion_lag_7": 1.0, "payday": 0.0, "promo_last_7_days": 0.9080238296118067, "sales_one_year_lag": 0.0, "state": 1.0, "time_since_quake": 0.0, "time_since_quake_sq": 0.0, "total_other_city_promo": 1.0, "total_other_promo_store": 0.3386420157196907, "type": 1.0, "workday": 0.0, "year": 1.0}, "datetime": {"datetime": "2024-02-23 13:10:38", "elapsed": 473.84494, "delta": 9.1209}}
{"target": -0.9361629869944922, "params": {"Change_in_oil_prices": 0.0, "city": 0.0, "day": 0.0, "dayofyear": 0.0, "dcoilwtico": 0.0, "dcoilwtico_lag_1": 1.0, "dcoilwtico_lag_2": 0.0, "dcoilwtico_lag_3": 1.0, "dcoilwtico_lag_4": 1.0, "dcoilwtico_lag_5": 0.0, "dcoilwtico_lag_6": 0.0, "dcoilwtico_lag_7": 0.0, "event": 0.5817237091369177, "holiday": 0.0, "holiday_description": 0.0, "month": 0.0, "onpromotion": 1.0, "onpromotion_lag_1": 1.0, "onpromotion_lag_2": 0.0, "onpromotion_lag_3": 0.0, "onpromotion_lag_4": 0.0, "onpromotion_lag_5": 1.0, "onpromotion_lag_6": 0.6777671407855314, "onpromotion_lag_7": 1.0, "payday": 0.0, "promo_last_7_days": 0.2714448130485101, "sales_one_year_lag": 1.0, "state": 1.0, "time_since_quake": 0.0, "time_since_quake_sq": 0.0, "total_other_city_promo": 1.0, "total_other_promo_store": 0.0, "type": 1.0, "workday": 1.0, "year": 1.0}, "datetime": {"datetime": "2024-02-23 13:10:47", "elapsed": 482.436773, "delta": 8.591833}}
{"target": -0.8846526912995238, "params": {"Change_in_oil_prices": 0.0, "city": 0.0790029267958122, "day": 0.0, "dayofyear": 0.0, "dcoilwtico": 0.0, "dcoilwtico_lag_1": 1.0, "dcoilwtico_lag_2": 0.0, "dcoilwtico_lag_3": 1.0, "dcoilwtico_lag_4": 1.0, "dcoilwtico_lag_5": 1.0, "dcoilwtico_lag_6": 0.0, "dcoilwtico_lag_7": 0.3136970535879973, "event": 0.7773132712577051, "holiday": 0.0, "holiday_description": 0.7954879623450928, "month": 0.0, "onpromotion": 1.0, "onpromotion_lag_1": 1.0, "onpromotion_lag_2": 1.0, "onpromotion_lag_3": 0.0, "onpromotion_lag_4": 0.0, "onpromotion_lag_5": 1.0, "onpromotion_lag_6": 0.0, "onpromotion_lag_7": 1.0, "payday": 0.0, "promo_last_7_days": 0.0, "sales_one_year_lag": 1.0, "state": 1.0, "time_since_quake": 0.0, "time_since_quake_sq": 0.0, "total_other_city_promo": 0.0, "total_other_promo_store": 0.0, "type": 1.0, "workday": 1.0, "year": 0.0}, "datetime": {"datetime": "2024-02-23 13:10:56", "elapsed": 491.500504, "delta": 9.063731}}
{"target": -0.937339030469494, "params": {"Change_in_oil_prices": 0.0, "city": 0.0, "day": 0.0, "dayofyear": 0.0, "dcoilwtico": 0.0, "dcoilwtico_lag_1": 1.0, "dcoilwtico_lag_2": 0.0, "dcoilwtico_lag_3": 0.34533917230351596, "dcoilwtico_lag_4": 1.0, "dcoilwtico_lag_5": 1.0, "dcoilwtico_lag_6": 0.0, "dcoilwtico_lag_7": 0.0, "event": 1.0, "holiday": 0.0, "holiday_description": 0.0, "month": 0.0, "onpromotion": 1.0, "onpromotion_lag_1": 0.0, "onpromotion_lag_2": 1.0, "onpromotion_lag_3": 0.0, "onpromotion_lag_4": 0.0, "onpromotion_lag_5": 1.0, "onpromotion_lag_6": 0.4852719130231062, "onpromotion_lag_7": 1.0, "payday": 0.0, "promo_last_7_days": 1.0, "sales_one_year_lag": 1.0, "state": 1.0, "time_since_quake": 0.98258844118822, "time_since_quake_sq": 0.0, "total_other_city_promo": 0.47261927503368945, "total_other_promo_store": 0.0, "type": 1.0, "workday": 0.0, "year": 0.0}, "datetime": {"datetime": "2024-02-23 13:11:05", "elapsed": 500.665862, "delta": 9.165358}}
{"target": -0.9394463197059801, "params": {"Change_in_oil_prices": 0.0, "city": 1.0, "day": 0.0, "dayofyear": 0.0, "dcoilwtico": 0.0, "dcoilwtico_lag_1": 1.0, "dcoilwtico_lag_2": 0.0, "dcoilwtico_lag_3": 0.0, "dcoilwtico_lag_4": 1.0, "dcoilwtico_lag_5": 1.0, "dcoilwtico_lag_6": 0.0, "dcoilwtico_lag_7": 0.0, "event": 0.0, "holiday": 0.0, "holiday_description": 0.0, "month": 0.0, "onpromotion": 1.0, "onpromotion_lag_1": 1.0, "onpromotion_lag_2": 1.0, "onpromotion_lag_3": 0.0, "onpromotion_lag_4": 0.0, "onpromotion_lag_5": 0.0, "onpromotion_lag_6": 0.0, "onpromotion_lag_7": 1.0, "payday": 0.0, "promo_last_7_days": 0.11653752802327658, "sales_one_year_lag": 1.0, "state": 1.0, "time_since_quake": 0.0, "time_since_quake_sq": 0.0, "total_other_city_promo": 1.0, "total_other_promo_store": 0.0, "type": 1.0, "workday": 1.0, "year": 0.0}, "datetime": {"datetime": "2024-02-23 13:11:14", "elapsed": 509.480554, "delta": 8.814692}}
{"target": -0.8800404283145028, "params": {"Change_in_oil_prices": 1.0, "city": 1.0, "day": 0.0, "dayofyear": 0.0, "dcoilwtico": 0.0, "dcoilwtico_lag_1": 1.0, "dcoilwtico_lag_2": 0.0, "dcoilwtico_lag_3": 1.0, "dcoilwtico_lag_4": 0.0, "dcoilwtico_lag_5": 1.0, "dcoilwtico_lag_6": 0.0, "dcoilwtico_lag_7": 0.0, "event": 1.0, "holiday": 0.0, "holiday_description": 1.0, "month": 0.0, "onpromotion": 1.0, "onpromotion_lag_1": 1.0, "onpromotion_lag_2": 1.0, "onpromotion_lag_3": 1.0, "onpromotion_lag_4": 0.0, "onpromotion_lag_5": 1.0, "onpromotion_lag_6": 0.0, "onpromotion_lag_7": 1.0, "payday": 0.0, "promo_last_7_days": 1.0, "sales_one_year_lag": 1.0, "state": 1.0, "time_since_quake": 0.0, "time_since_quake_sq": 0.0, "total_other_city_promo": 1.0, "total_other_promo_store": 0.0, "type": 1.0, "workday": 1.0, "year": 1.0}, "datetime": {"datetime": "2024-02-23 13:11:23", "elapsed": 518.227936, "delta": 8.747382}}
{"target": -0.9027956880337451, "params": {"Change_in_oil_prices": 1.0, "city": 1.0, "day": 0.0, "dayofyear": 0.0, "dcoilwtico": 0.0, "dcoilwtico_lag_1": 1.0, "dcoilwtico_lag_2": 0.0, "dcoilwtico_lag_3": 1.0, "dcoilwtico_lag_4": 0.0, "dcoilwtico_lag_5": 1.0, "dcoilwtico_lag_6": 0.0, "dcoilwtico_lag_7": 0.0, "event": 1.0, "holiday": 0.0, "holiday_description": 1.0, "month": 0.0, "onpromotion": 1.0, "onpromotion_lag_1": 1.0, "onpromotion_lag_2": 1.0, "onpromotion_lag_3": 0.0, "onpromotion_lag_4": 0.0, "onpromotion_lag_5": 1.0, "onpromotion_lag_6": 0.0, "onpromotion_lag_7": 1.0, "payday": 0.0, "promo_last_7_days": 1.0, "sales_one_year_lag": 1.0, "state": 1.0, "time_since_quake": 0.0, "time_since_quake_sq": 0.0, "total_other_city_promo": 1.0, "total_other_promo_store": 1.0, "type": 1.0, "workday": 0.0, "year": 0.0}, "datetime": {"datetime": "2024-02-23 13:11:32", "elapsed": 527.439269, "delta": 9.211333}}
{"target": -0.9184229085844353, "params": {"Change_in_oil_prices": 1.0, "city": 1.0, "day": 0.0, "dayofyear": 0.0, "dcoilwtico": 0.0, "dcoilwtico_lag_1": 1.0, "dcoilwtico_lag_2": 0.0, "dcoilwtico_lag_3": 1.0, "dcoilwtico_lag_4": 1.0, "dcoilwtico_lag_5": 1.0, "dcoilwtico_lag_6": 0.0, "dcoilwtico_lag_7": 0.0, "event": 1.0, "holiday": 0.0, "holiday_description": 0.10760923616540105, "month": 0.0, "onpromotion": 0.0, "onpromotion_lag_1": 1.0, "onpromotion_lag_2": 1.0, "onpromotion_lag_3": 0.0, "onpromotion_lag_4": 1.0, "onpromotion_lag_5": 1.0, "onpromotion_lag_6": 0.0, "onpromotion_lag_7": 1.0, "payday": 0.0, "promo_last_7_days": 1.0, "sales_one_year_lag": 1.0, "state": 1.0, "time_since_quake": 0.0, "time_since_quake_sq": 0.0, "total_other_city_promo": 1.0, "total_other_promo_store": 0.0, "type": 1.0, "workday": 1.0, "year": 0.0}, "datetime": {"datetime": "2024-02-23 13:11:41", "elapsed": 536.290415, "delta": 8.851146}}
{"target": -0.9089792990760927, "params": {"Change_in_oil_prices": 0.0, "city": 1.0, "day": 0.0, "dayofyear": 0.0, "dcoilwtico": 0.0, "dcoilwtico_lag_1": 1.0, "dcoilwtico_lag_2": 0.0, "dcoilwtico_lag_3": 0.0, "dcoilwtico_lag_4": 0.0, "dcoilwtico_lag_5": 1.0, "dcoilwtico_lag_6": 0.0, "dcoilwtico_lag_7": 0.0, "event": 1.0, "holiday": 0.0, "holiday_description": 1.0, "month": 0.0, "onpromotion": 0.0, "onpromotion_lag_1": 1.0, "onpromotion_lag_2": 1.0, "onpromotion_lag_3": 0.0, "onpromotion_lag_4": 0.0, "onpromotion_lag_5": 1.0, "onpromotion_lag_6": 0.0, "onpromotion_lag_7": 1.0, "payday": 0.0, "promo_last_7_days": 1.0, "sales_one_year_lag": 1.0, "state": 1.0, "time_since_quake": 0.0, "time_since_quake_sq": 0.0, "total_other_city_promo": 1.0, "total_other_promo_store": 0.0, "type": 1.0, "workday": 1.0, "year": 1.0}, "datetime": {"datetime": "2024-02-23 13:11:49", "elapsed": 544.453113, "delta": 8.162698}}
{"target": -1.0128796168131402, "params": {"Change_in_oil_prices": 0.0, "city": 1.0, "day": 0.0, "dayofyear": 0.0, "dcoilwtico": 0.0, "dcoilwtico_lag_1": 1.0, "dcoilwtico_lag_2": 0.0, "dcoilwtico_lag_3": 1.0, "dcoilwtico_lag_4": 0.0, "dcoilwtico_lag_5": 1.0, "dcoilwtico_lag_6": 0.0, "dcoilwtico_lag_7": 0.0, "event": 1.0, "holiday": 0.0, "holiday_description": 0.0, "month": 0.0, "onpromotion": 1.0, "onpromotion_lag_1": 1.0, "onpromotion_lag_2": 1.0, "onpromotion_lag_3": 0.0, "onpromotion_lag_4": 0.0, "onpromotion_lag_5": 1.0, "onpromotion_lag_6": 0.0, "onpromotion_lag_7": 1.0, "payday": 1.0, "promo_last_7_days": 1.0, "sales_one_year_lag": 1.0, "state": 1.0, "time_since_quake": 1.0, "time_since_quake_sq": 0.0, "total_other_city_promo": 0.13021846489577227, "total_other_promo_store": 0.0, "type": 1.0, "workday": 1.0, "year": 1.0}, "datetime": {"datetime": "2024-02-23 13:11:57", "elapsed": 552.858373, "delta": 8.40526}}
{"target": -1.0002619767676364, "params": {"Change_in_oil_prices": 0.0649618805842613, "city": 0.6641956883372923, "day": 0.0, "dayofyear": 0.0, "dcoilwtico": 0.0, "dcoilwtico_lag_1": 1.0, "dcoilwtico_lag_2": 0.0, "dcoilwtico_lag_3": 1.0, "dcoilwtico_lag_4": 1.0, "dcoilwtico_lag_5": 1.0, "dcoilwtico_lag_6": 0.0, "dcoilwtico_lag_7": 0.9144402166572105, "event": 1.0, "holiday": 0.0, "holiday_description": 1.0, "month": 1.0, "onpromotion": 1.0, "onpromotion_lag_1": 1.0, "onpromotion_lag_2": 1.0, "onpromotion_lag_3": 0.0, "onpromotion_lag_4": 0.0, "onpromotion_lag_5": 1.0, "onpromotion_lag_6": 0.0, "onpromotion_lag_7": 1.0, "payday": 0.0, "promo_last_7_days": 1.0, "sales_one_year_lag": 1.0, "state": 1.0, "time_since_quake": 0.0, "time_since_quake_sq": 0.0, "total_other_city_promo": 1.0, "total_other_promo_store": 0.0, "type": 0.0, "workday": 1.0, "year": 0.3247333723353168}, "datetime": {"datetime": "2024-02-23 13:12:06", "elapsed": 561.878011, "delta": 9.019638}}
