{"target": -0.9327874695439167, "params": {"Change_in_oil_prices": 0.032426325314457105, "city": 0.09357709581748075, "day": 0.06537171504222639, "dayofyear": 0.4517331486914753, "dcoilwtico": 0.37543483316785775, "dcoilwtico_lag_1": 0.9753500342702865, "dcoilwtico_lag_2": 0.1679832931996149, "dcoilwtico_lag_3": 0.9727875919326552, "dcoilwtico_lag_4": 0.7674748688630131, "dcoilwtico_lag_5": 0.8242378396244978, "dcoilwtico_lag_6": 0.6326158167779973, "dcoilwtico_lag_7": 0.668732770206732, "event": 0.47688233352119336, "holiday": 0.013136356923072245, "holiday_description": 0.3530060855418248, "month": 0.49207180149355845, "onpromotion": 0.7300912110901043, "onpromotion_lag_1": 0.4686283427461092, "onpromotion_lag_2": 0.4574049160894317, "onpromotion_lag_3": 0.13766274094560316, "onpromotion_lag_4": 0.01088873380347899, "onpromotion_lag_5": 0.7582782604769962, "onpromotion_lag_6": 0.3199528380776784, "onpromotion_lag_7": 0.9843834501935107, "payday": 0.220234226159156, "promo_last_7_days": 0.33870802548167966, "sales_one_year_lag": 0.5238961356661317, "state": 0.7548914570605327, "time_since_quake": 0.46385778390029564, "time_since_quake_sq": 0.12482254311167629, "total_other_city_promo": 0.3125013784920495, "total_other_promo_store": 0.5045191697009946, "type": 0.6738490080168676, "workday": 0.7701499563120922, "year": 0.13033578095435427}, "datetime": {"datetime": "2024-02-23 13:04:30", "elapsed": 105.824747, "delta": 7.00326}}
{"target": -1.1482949514440366, "params": {"Change_in_oil_prices": 0.022915131322381765, "city": 0.5190823222119895, "day": 0.8099887106624163, "dayofyear": 0.012603767029876312, "dcoilwtico": 0.6724698446537339, "dcoilwtico_lag_1": 0.6868082266569918, "dcoilwtico_lag_2": 0.44924675358663757, "dcoilwtico_lag_3": 0.9147886867419343, "dcoilwtico_lag_4": 0.6443610847569929, "dcoilwtico_lag_5": 0.005239837651465851, "dcoilwtico_lag_6": 0.4844284455143756, "dcoilwtico_lag_7": 0.8593178060976, "event": 0.8303995700373394, "holiday": 0.6491541971124779, "holiday_description": 0.6736984238986317, "month": 0.5784995797892005, "onpromotion": 0.27411977516685215, "onpromotion_lag_1": 0.5605299905360588, "onpromotion_lag_2": 0.6717297848174203, "onpromotion_lag_3": 0.35242963021640883, "onpromotion_lag_4": 0.8558283672539277, "onpromotion_lag_5": 0.1950374860087073, "onpromotion_lag_6": 0.7473208103319232, "onpromotion_lag_7": 0.2896027461868774, "payday": 0.773799287244182, "promo_last_7_days": 0.4277373293360762, "sales_one_year_lag": 0.8076984091122095, "state": 0.3535348626679904, "time_since_quake": 0.21369323762958115, "time_since_quake_sq": 0.7672845084217665, "total_other_city_promo": 0.3086419476306511, "total_other_promo_store": 0.7332450677264275, "type": 0.7444731530777321, "workday": 0.22139670090820107, "year": 0.21411213682064845}, "datetime": {"datetime": "2024-02-23 13:04:37", "elapsed": 113.00048, "delta": 7.175733}}
{"target": -1.2467506747334227, "params": {"Change_in_oil_prices": 0.1989479234270667, "city": 0.14251833776584466, "day": 0.3770825992073341, "dayofyear": 0.026627884691621473, "dcoilwtico": 0.11092036903424063, "dcoilwtico_lag_1": 0.6745640237634105, "dcoilwtico_lag_2": 0.7997765368973863, "dcoilwtico_lag_3": 0.0805295271283859, "dcoilwtico_lag_4": 0.23170231048579204, "dcoilwtico_lag_5": 0.20762566180381437, "dcoilwtico_lag_6": 0.9173335630816306, "dcoilwtico_lag_7": 0.7113145181364867, "event": 0.5538846110514143, "holiday": 0.30451798792062024, "holiday_description": 0.8348540476317985, "month": 0.43530595762951996, "onpromotion": 0.9234562151187752, "onpromotion_lag_1": 0.7060518043359332, "onpromotion_lag_2": 0.47803130796528337, "onpromotion_lag_3": 0.1262101037493587, "onpromotion_lag_4": 0.9760435504677476, "onpromotion_lag_5": 0.15983365034409336, "onpromotion_lag_6": 0.2026021252196626, "onpromotion_lag_7": 0.43118175516037094, "payday": 0.40420190577514725, "promo_last_7_days": 0.14675148076429412, "sales_one_year_lag": 0.7293189193611234, "state": 0.18874506687718595, "time_since_quake": 0.6438956443116628, "time_since_quake_sq": 0.7543059505762987, "total_other_city_promo": 0.21073239208332073, "total_other_promo_store": 0.60095424810764, "type": 0.7489283752458364, "workday": 0.6382187106203334, "year": 0.5971273029466491}, "datetime": {"datetime": "2024-02-23 13:04:44", "elapsed": 119.95051, "delta": 6.95003}}
{"target": -1.0492339885365984, "params": {"Change_in_oil_prices": 0.29548228565549706, "city": 0.7316064712415088, "day": 0.9453084399999497, "dayofyear": 0.42556139026154693, "dcoilwtico": 0.7821818168314053, "dcoilwtico_lag_1": 0.056141039661915304, "dcoilwtico_lag_2": 0.8352716024899659, "dcoilwtico_lag_3": 0.1922500168221477, "dcoilwtico_lag_4": 0.3950968688899732, "dcoilwtico_lag_5": 0.30008104592535645, "dcoilwtico_lag_6": 0.08010364380604929, "dcoilwtico_lag_7": 0.9046310029362429, "event": 0.37015417755373825, "holiday": 0.5306974384761395, "holiday_description": 0.49411626589632507, "month": 0.13216114194293815, "onpromotion": 0.20645405888943302, "onpromotion_lag_1": 0.07618880903232117, "onpromotion_lag_2": 0.5079216999452875, "onpromotion_lag_3": 0.2615495518329871, "onpromotion_lag_4": 0.3570616088827919, "onpromotion_lag_5": 0.10806532869723684, "onpromotion_lag_6": 0.7875518396525072, "onpromotion_lag_7": 0.1065838767888011, "payday": 0.9857088237131878, "promo_last_7_days": 0.17716116443841734, "sales_one_year_lag": 0.5724051124346493, "state": 0.044845334589088126, "time_since_quake": 0.7871162896558341, "time_since_quake_sq": 0.18960594781829654, "total_other_city_promo": 0.5279039784081266, "total_other_promo_store": 0.7400775431590716, "type": 0.14993148491725594, "workday": 0.5510871741869717, "year": 0.2166172083287794}, "datetime": {"datetime": "2024-02-23 13:04:51", "elapsed": 126.62556, "delta": 6.67505}}
{"target": -1.1056339125882229, "params": {"Change_in_oil_prices": 0.7591960493171447, "city": 0.7229151935562137, "day": 0.17654903427708302, "dayofyear": 0.8619665576670734, "dcoilwtico": 0.019775099516344263, "dcoilwtico_lag_1": 0.8602369974231152, "dcoilwtico_lag_2": 0.5589038111609383, "dcoilwtico_lag_3": 0.4032204721058492, "dcoilwtico_lag_4": 0.7587469310223366, "dcoilwtico_lag_5": 0.7169290016924699, "dcoilwtico_lag_6": 0.9873261748084265, "dcoilwtico_lag_7": 0.2780850486129828, "event": 0.0037936724093425855, "holiday": 0.9339026083148878, "holiday_description": 0.8578971045378938, "month": 0.7288508775192559, "onpromotion": 0.5166887829215384, "onpromotion_lag_1": 0.706956245248761, "onpromotion_lag_2": 0.7805295568767427, "onpromotion_lag_3": 0.3748759435368594, "onpromotion_lag_4": 0.7703225253299576, "onpromotion_lag_5": 0.7506243191751754, "onpromotion_lag_6": 0.6132112115442597, "onpromotion_lag_7": 0.4018659239678374, "payday": 0.6973080192643409, "promo_last_7_days": 0.0031128578251921057, "sales_one_year_lag": 0.7748966467245978, "state": 0.896416602456847, "time_since_quake": 0.23931570743750463, "time_since_quake_sq": 0.12076718430922972, "total_other_city_promo": 0.2202839877937276, "total_other_promo_store": 0.3020967312900983, "type": 0.8830285085638342, "workday": 0.5431664302380945, "year": 0.2867116496064306}, "datetime": {"datetime": "2024-02-23 13:04:59", "elapsed": 134.105631, "delta": 7.480071}}
{"target": -1.192969378294524, "params": {"Change_in_oil_prices": 0.13835468979294652, "city": 0.29014446310454167, "day": 0.6138710897412526, "dayofyear": 0.3241385298974466, "dcoilwtico": 0.45736018169099846, "dcoilwtico_lag_1": 0.44411710701661444, "dcoilwtico_lag_2": 0.8281353607315121, "dcoilwtico_lag_3": 0.4263481542362306, "dcoilwtico_lag_4": 0.3456988211755023, "dcoilwtico_lag_5": 0.6749716048091052, "dcoilwtico_lag_6": 0.22148205573352875, "dcoilwtico_lag_7": 0.4672458239265538, "event": 0.31476568732401644, "holiday": 0.6268556021628346, "holiday_description": 0.8773604746948126, "month": 0.4476890001456285, "onpromotion": 0.7844574187919231, "onpromotion_lag_1": 0.4569657005615504, "onpromotion_lag_2": 0.6562293317171314, "onpromotion_lag_3": 0.13184097502750214, "onpromotion_lag_4": 0.43298150696764814, "onpromotion_lag_5": 0.9093119886549367, "onpromotion_lag_6": 0.6054790010309347, "onpromotion_lag_7": 0.7667745872371021, "payday": 0.5047006080958943, "promo_last_7_days": 0.49805562482800747, "sales_one_year_lag": 0.8428998401928499, "state": 0.06780693434095375, "time_since_quake": 0.5732722715496846, "time_since_quake_sq": 0.9427625754329493, "total_other_city_promo": 0.5178600481723219, "total_other_promo_store": 0.1944658095278845, "type": 0.8479393924434762, "workday": 0.25163914235585283, "year": 0.700726036482538}, "datetime": {"datetime": "2024-02-23 13:05:05", "elapsed": 140.990419, "delta": 6.884788}}
{"target": -1.1293136560361046, "params": {"Change_in_oil_prices": 0.5402609403968999, "city": 0.9488362882802196, "day": 0.6243367024026759, "dayofyear": 0.8379779620477293, "dcoilwtico": 0.007932876194523097, "dcoilwtico_lag_1": 0.989340056166638, "dcoilwtico_lag_2": 0.07771457033238649, "dcoilwtico_lag_3": 0.3221295136147696, "dcoilwtico_lag_4": 0.9461523954567653, "dcoilwtico_lag_5": 0.008939102371245067, "dcoilwtico_lag_6": 0.8227300054219355, "dcoilwtico_lag_7": 0.8612116383667944, "event": 0.4398308142085725, "holiday": 0.2557451938059312, "holiday_description": 0.8026895196332986, "month": 0.47786200443222115, "onpromotion": 0.13433860865569613, "onpromotion_lag_1": 0.9278489928250108, "onpromotion_lag_2": 0.8959699670066484, "onpromotion_lag_3": 0.49154515001693533, "onpromotion_lag_4": 0.8567024965177922, "onpromotion_lag_5": 0.41857802576409864, "onpromotion_lag_6": 0.6834649001663011, "onpromotion_lag_7": 0.39799063940792245, "payday": 0.5057420174508104, "promo_last_7_days": 0.1895517028339273, "sales_one_year_lag": 0.9649889241109139, "state": 0.2942156882442547, "time_since_quake": 0.10345955611640134, "time_since_quake_sq": 0.1443154002290481, "total_other_city_promo": 0.014092294192442956, "total_other_promo_store": 0.7159456994623945, "type": 0.5644983202408741, "workday": 0.7945783511847522, "year": 0.5070799232841364}, "datetime": {"datetime": "2024-02-23 13:05:12", "elapsed": 147.979538, "delta": 6.989119}}
{"target": -1.10153393277354, "params": {"Change_in_oil_prices": 0.7918210395041538, "city": 0.6957642142718394, "day": 0.7778484768591754, "dayofyear": 0.4064828689770863, "dcoilwtico": 0.6477706331874812, "dcoilwtico_lag_1": 0.1797942976929744, "dcoilwtico_lag_2": 0.321819963387904, "dcoilwtico_lag_3": 0.1726046201197925, "dcoilwtico_lag_4": 0.4086372250132624, "dcoilwtico_lag_5": 0.2414187479655988, "dcoilwtico_lag_6": 0.4069219941293579, "dcoilwtico_lag_7": 0.9752223424373121, "event": 0.32031932582203126, "holiday": 0.9824909449748953, "holiday_description": 0.6363061258559836, "month": 0.375091018393911, "onpromotion": 0.8574844990835966, "onpromotion_lag_1": 0.6195867393685738, "onpromotion_lag_2": 0.25203308013083936, "onpromotion_lag_3": 0.7928556779768876, "onpromotion_lag_4": 0.43293850873416306, "onpromotion_lag_5": 0.3575111673304414, "onpromotion_lag_6": 0.33027693652508094, "onpromotion_lag_7": 0.6973688756131394, "payday": 0.26865012390622656, "promo_last_7_days": 0.8082780137053801, "sales_one_year_lag": 0.2952887943998478, "state": 0.5441213835853572, "time_since_quake": 0.4879214918052024, "time_since_quake_sq": 0.8553564125953698, "total_other_city_promo": 0.8883864343953859, "total_other_promo_store": 0.18438444236776674, "type": 0.585348458938251, "workday": 0.8982050460171371, "year": 0.4461172190344297}, "datetime": {"datetime": "2024-02-23 13:05:19", "elapsed": 154.80892, "delta": 6.829382}}
{"target": -1.2027711604220628, "params": {"Change_in_oil_prices": 0.9218683054838154, "city": 0.2789908904569709, "day": 0.6088311741937957, "dayofyear": 0.6824537097668154, "dcoilwtico": 0.2282057333504841, "dcoilwtico_lag_1": 0.013767512557716799, "dcoilwtico_lag_2": 0.4167239623706961, "dcoilwtico_lag_3": 0.938481891856734, "dcoilwtico_lag_4": 0.34302810983040655, "dcoilwtico_lag_5": 0.7797442954825999, "dcoilwtico_lag_6": 0.17473631282740743, "dcoilwtico_lag_7": 0.34195283630245243, "event": 0.14459772083809674, "holiday": 0.716770814146376, "holiday_description": 0.6993076236968142, "month": 0.6884973179489188, "onpromotion": 0.25339603448629966, "onpromotion_lag_1": 0.6923601216234089, "onpromotion_lag_2": 0.22729754091594956, "onpromotion_lag_3": 0.4246491159313397, "onpromotion_lag_4": 0.37192212166768723, "onpromotion_lag_5": 0.3553079116201222, "onpromotion_lag_6": 0.05765480724125638, "onpromotion_lag_7": 0.6316466268659396, "payday": 0.7073166026816995, "promo_last_7_days": 0.6135886945028356, "sales_one_year_lag": 0.6483127561631246, "state": 0.16994071421725776, "time_since_quake": 0.14944679893886248, "time_since_quake_sq": 0.5141750435258828, "total_other_city_promo": 0.8753327263545391, "total_other_promo_store": 0.18395344154722204, "type": 0.4628391187082599, "workday": 0.42893233402990294, "year": 0.4972891859195163}, "datetime": {"datetime": "2024-02-23 13:05:26", "elapsed": 161.361835, "delta": 6.552915}}
{"target": -1.2775878449612388, "params": {"Change_in_oil_prices": 0.16151077048601192, "city": 0.34244064113481054, "day": 0.2618804041035202, "dayofyear": 0.844526943229479, "dcoilwtico": 0.8003322457764017, "dcoilwtico_lag_1": 0.4266391582681436, "dcoilwtico_lag_2": 0.6070154607890389, "dcoilwtico_lag_3": 0.14546561026621996, "dcoilwtico_lag_4": 0.5096132942175586, "dcoilwtico_lag_5": 0.29694708578690454, "dcoilwtico_lag_6": 0.8596509535692011, "dcoilwtico_lag_7": 0.6715983809063899, "event": 0.633474012622421, "holiday": 0.12475130006917923, "holiday_description": 0.4705878794988857, "month": 0.9865727795868815, "onpromotion": 0.9482991740726651, "onpromotion_lag_1": 0.6450856402604436, "onpromotion_lag_2": 0.15172487103197363, "onpromotion_lag_3": 0.639126848719905, "onpromotion_lag_4": 0.5656621125439275, "onpromotion_lag_5": 0.468665837661252, "onpromotion_lag_6": 0.42803746946827015, "onpromotion_lag_7": 0.5992697556580301, "payday": 0.8499698885159654, "promo_last_7_days": 0.7511210403719374, "sales_one_year_lag": 0.579360540297233, "state": 0.9247041815360281, "time_since_quake": 0.06473998344154885, "time_since_quake_sq": 0.9913465087318091, "total_other_city_promo": 0.05299454266798953, "total_other_promo_store": 0.19949554613856135, "type": 0.42275266164456093, "workday": 0.10750887618516769, "year": 0.6236704109977018}, "datetime": {"datetime": "2024-02-23 13:05:33", "elapsed": 168.238241, "delta": 6.876406}}
{"target": -1.5110150273157281, "params": {"Change_in_oil_prices": 0.047992564048867314, "city": 0.28462388100694214, "day": 0.06103668111967109, "dayofyear": 0.7035193311050811, "dcoilwtico": 0.668456167589482, "dcoilwtico_lag_1": 0.3785805932506022, "dcoilwtico_lag_2": 0.1881942600298212, "dcoilwtico_lag_3": 0.7470048290299451, "dcoilwtico_lag_4": 0.34037929076546725, "dcoilwtico_lag_5": 0.7953011674056428, "dcoilwtico_lag_6": 0.4879009391796203, "dcoilwtico_lag_7": 0.5256694443509794, "event": 0.028490849491567216, "holiday": 0.6442320198790318, "holiday_description": 0.3506565024321674, "month": 0.2292050272920657, "onpromotion": 0.4338833762117006, "onpromotion_lag_1": 0.3824674572709176, "onpromotion_lag_2": 0.46978904008636024, "onpromotion_lag_3": 0.9794833541798064, "onpromotion_lag_4": 0.36437807036823044, "onpromotion_lag_5": 0.7744101333360395, "onpromotion_lag_6": 0.5527675965498925, "onpromotion_lag_7": 0.8891310891074828, "payday": 0.354952851149572, "promo_last_7_days": 0.24551868018650747, "sales_one_year_lag": 0.9110192396569683, "state": 0.04353426375776537, "time_since_quake": 0.9507534280610023, "time_since_quake_sq": 0.5564069156709253, "total_other_city_promo": 0.3763632166870875, "total_other_promo_store": 0.9950523223391111, "type": 0.05836264614763165, "workday": 0.5167063597676121, "year": 0.03109707545554785}, "datetime": {"datetime": "2024-02-23 13:05:40", "elapsed": 175.118559, "delta": 6.880318}}
{"target": -1.4047534238734387, "params": {"Change_in_oil_prices": 0.5711757391862334, "city": 0.18046850899511557, "day": 0.6309592003395305, "dayofyear": 0.9809236757505815, "dcoilwtico": 0.8749025512123809, "dcoilwtico_lag_1": 0.45183624942087064, "dcoilwtico_lag_2": 0.7084608700517172, "dcoilwtico_lag_3": 0.7774687500031893, "dcoilwtico_lag_4": 0.4948430841825636, "dcoilwtico_lag_5": 0.5285334901775651, "dcoilwtico_lag_6": 0.1507843983721926, "dcoilwtico_lag_7": 0.36939992561190627, "event": 0.14222125307278666, "holiday": 0.7268937533445626, "holiday_description": 0.4770129944022632, "month": 0.44887883670676554, "onpromotion": 0.8859979711653513, "onpromotion_lag_1": 0.5276187723115614, "onpromotion_lag_2": 0.4090908319168599, "onpromotion_lag_3": 0.26889202221264585, "onpromotion_lag_4": 0.07201203516976995, "onpromotion_lag_5": 0.4181361337253158, "onpromotion_lag_6": 0.025753482406583372, "onpromotion_lag_7": 0.29115394055242805, "payday": 0.5035095098483965, "promo_last_7_days": 0.9659330650197223, "sales_one_year_lag": 0.10938291419358459, "state": 0.673041054216622, "time_since_quake": 0.49993237109919997, "time_since_quake_sq": 0.777098229275783, "total_other_city_promo": 0.14360699787420927, "total_other_promo_store": 0.08320263643587555, "type": 0.3992186053524538, "workday": 0.7969622519799001, "year": 0.1916757389098901}, "datetime": {"datetime": "2024-02-23 13:05:46", "elapsed": 181.620536, "delta": 6.501977}}
{"target": -1.0552971543031011, "params": {"Change_in_oil_prices": 0.767777192147274, "city": 0.2902979970618682, "day": 0.21689148761179533, "dayofyear": 0.016715589077006432, "dcoilwtico": 0.3986590599223787, "dcoilwtico_lag_1": 0.38108149129345237, "dcoilwtico_lag_2": 0.6593449361953647, "dcoilwtico_lag_3": 0.07091840047038722, "dcoilwtico_lag_4": 0.15260398704227185, "dcoilwtico_lag_5": 0.016575882900934147, "dcoilwtico_lag_6": 0.11379635644740682, "dcoilwtico_lag_7": 0.6517892760100904, "event": 0.4026568521749192, "holiday": 0.32102631416731586, "holiday_description": 0.5579119942437725, "month": 0.9934604630998499, "onpromotion": 0.8344865140180296, "onpromotion_lag_1": 0.6996231823995839, "onpromotion_lag_2": 0.9182585891320579, "onpromotion_lag_3": 0.03972870668308481, "onpromotion_lag_4": 0.07033344161552524, "onpromotion_lag_5": 0.4740062899880546, "onpromotion_lag_6": 0.3491674129570773, "onpromotion_lag_7": 0.9372520621284489, "payday": 0.48956496114516856, "promo_last_7_days": 0.5396491100933506, "sales_one_year_lag": 0.8952603657312208, "state": 0.4466350458236905, "time_since_quake": 0.8770343892703519, "time_since_quake_sq": 0.25358174937162836, "total_other_city_promo": 0.27380970415810857, "total_other_promo_store": 0.32836139008759013, "type": 0.5475642704809535, "workday": 0.22012867402698122, "year": 0.6714291710812733}, "datetime": {"datetime": "2024-02-23 13:05:53", "elapsed": 188.173186, "delta": 6.55265}}
{"target": -1.2078174721712558, "params": {"Change_in_oil_prices": 0.1427932828030004, "city": 0.09410027449963942, "day": 0.8701917462053776, "dayofyear": 0.23686870355699852, "dcoilwtico": 0.3860040110225955, "dcoilwtico_lag_1": 0.5715420927253323, "dcoilwtico_lag_2": 0.52580196995147, "dcoilwtico_lag_3": 0.07602387944210687, "dcoilwtico_lag_4": 0.8741259355980283, "dcoilwtico_lag_5": 0.9511356184186921, "dcoilwtico_lag_6": 0.8125073041746718, "dcoilwtico_lag_7": 0.2838018349468743, "event": 0.5278467961179595, "holiday": 0.3394167240176095, "holiday_description": 0.5546673107876667, "month": 0.9744034689130026, "onpromotion": 0.3117029177189814, "onpromotion_lag_1": 0.6687966059228697, "onpromotion_lag_2": 0.3259672073089859, "onpromotion_lag_3": 0.7744772660150796, "onpromotion_lag_4": 0.3258099666132048, "onpromotion_lag_5": 0.889827341447375, "onpromotion_lag_6": 0.7517077209192669, "onpromotion_lag_7": 0.7626320954451107, "payday": 0.46947902855992574, "promo_last_7_days": 0.21076450246870537, "sales_one_year_lag": 0.041475079576498874, "state": 0.3218287999702445, "time_since_quake": 0.03711266449399442, "time_since_quake_sq": 0.6938554113738997, "total_other_city_promo": 0.6703500319361684, "total_other_promo_store": 0.430471782744975, "type": 0.767788977658173, "workday": 0.5360084947395637, "year": 0.03985992663545257}, "datetime": {"datetime": "2024-02-23 13:06:00", "elapsed": 195.110551, "delta": 6.937365}}
{"target": -1.2711062798962771, "params": {"Change_in_oil_prices": 0.13479311796067905, "city": 0.19341639901491836, "day": 0.3356638011646498, "dayofyear": 0.05231294643747675, "dcoilwtico": 0.6051167805003662, "dcoilwtico_lag_1": 0.5120610275239188, "dcoilwtico_lag_2": 0.6174610120171561, "dcoilwtico_lag_3": 0.43235559476434404, "dcoilwtico_lag_4": 0.8477004682374377, "dcoilwtico_lag_5": 0.4540590560591513, "dcoilwtico_lag_6": 0.015403519791920894, "dcoilwtico_lag_7": 0.8730681484470995, "event": 0.6562015477440989, "holiday": 0.823003040648471, "holiday_description": 0.9517756930338517, "month": 0.050912383516887205, "onpromotion": 0.23507186409101455, "onpromotion_lag_1": 0.0633434434563398, "onpromotion_lag_2": 0.4216578860324509, "onpromotion_lag_3": 0.863829145501452, "onpromotion_lag_4": 0.0816239827150681, "onpromotion_lag_5": 0.4731119528858785, "onpromotion_lag_6": 0.12554310980872363, "onpromotion_lag_7": 0.7728856021671178, "payday": 0.8414221567958434, "promo_last_7_days": 0.04329093818615859, "sales_one_year_lag": 0.48644074317039476, "state": 0.23941104413775594, "time_since_quake": 0.9524737816932592, "time_since_quake_sq": 0.9438926277837961, "total_other_city_promo": 0.6139340023847009, "total_other_promo_store": 0.9734873973251963, "type": 0.344861343716251, "workday": 0.8978507176676818, "year": 0.4345949734085095}, "datetime": {"datetime": "2024-02-23 13:06:07", "elapsed": 202.217272, "delta": 7.106721}}
