{"target": -0.8664464915338679, "params": {"Change_in_oil_prices": 0.0, "city": 0.0, "day": 1.0, "dayofyear": 0.0, "dcoilwtico": 0.0, "dcoilwtico_lag_1": 0.0, "dcoilwtico_lag_2": 0.0, "dcoilwtico_lag_3": 0.0, "dcoilwtico_lag_4": 0.0, "dcoilwtico_lag_5": 0.0, "dcoilwtico_lag_6": 0.0, "dcoilwtico_lag_7": 0.0, "event": 0.0, "holiday": 0.0, "holiday_description": 1.0, "month": 0.0, "onpromotion": 1.0, "onpromotion_lag_1": 0.0, "onpromotion_lag_2": 1.0, "onpromotion_lag_3": 0.0, "onpromotion_lag_4": 0.8276570787918527, "onpromotion_lag_5": 0.0, "onpromotion_lag_6": 1.0, "onpromotion_lag_7": 0.0, "payday": 1.0, "promo_last_7_days": 1.0, "sales_one_year_lag": 1.0, "state": 0.4192483095612168, "time_since_quake": 0.0, "time_since_quake_sq": 0.0, "total_other_city_promo": 0.0, "total_other_promo_store": 1.0, "type": 1.0, "workday": 1.0, "year": 1.0}, "datetime": {"datetime": "2024-02-23 14:02:26", "elapsed": 483.530199, "delta": 7.667789}}
{"target": -0.9259058987829092, "params": {"Change_in_oil_prices": 0.0, "city": 1.0, "day": 0.0, "dayofyear": 1.0, "dcoilwtico": 0.0, "dcoilwtico_lag_1": 0.0, "dcoilwtico_lag_2": 0.0, "dcoilwtico_lag_3": 0.0, "dcoilwtico_lag_4": 0.0, "dcoilwtico_lag_5": 0.0, "dcoilwtico_lag_6": 0.0, "dcoilwtico_lag_7": 0.0, "event": 0.0, "holiday": 0.0, "holiday_description": 1.0, "month": 0.0, "onpromotion": 1.0, "onpromotion_lag_1": 0.0, "onpromotion_lag_2": 0.560737583670853, "onpromotion_lag_3": 0.923926945530954, "onpromotion_lag_4": 0.0, "onpromotion_lag_5": 0.0, "onpromotion_lag_6": 1.0, "onpromotion_lag_7": 0.5818160731783306, "payday": 1.0, "promo_last_7_days": 1.0, "sales_one_year_lag": 1.0, "state": 1.0, "time_since_quake": 0.0, "time_since_quake_sq": 0.0, "total_other_city_promo": 0.0, "total_other_promo_store": 1.0, "type": 1.0, "workday": 1.0, "year": 1.0}, "datetime": {"datetime": "2024-02-23 14:02:34", "elapsed": 491.886053, "delta": 8.355854}}
{"target": -0.854272793910278, "params": {"Change_in_oil_prices": 0.833542353726673, "city": 0.17507608389311005, "day": 0.0, "dayofyear": 0.0, "dcoilwtico": 0.0, "dcoilwtico_lag_1": 0.0, "dcoilwtico_lag_2": 0.0, "dcoilwtico_lag_3": 0.0, "dcoilwtico_lag_4": 0.0, "dcoilwtico_lag_5": 0.0, "dcoilwtico_lag_6": 0.0, "dcoilwtico_lag_7": 0.0, "event": 0.0, "holiday": 0.0, "holiday_description": 1.0, "month": 0.0, "onpromotion": 1.0, "onpromotion_lag_1": 0.0, "onpromotion_lag_2": 1.0, "onpromotion_lag_3": 0.0, "onpromotion_lag_4": 1.0, "onpromotion_lag_5": 0.0, "onpromotion_lag_6": 1.0, "onpromotion_lag_7": 0.0, "payday": 1.0, "promo_last_7_days": 1.0, "sales_one_year_lag": 1.0, "state": 1.0, "time_since_quake": 0.0, "time_since_quake_sq": 0.0, "total_other_city_promo": 1.0, "total_other_promo_store": 1.0, "type": 1.0, "workday": 0.0, "year": 0.0}, "datetime": {"datetime": "2024-02-23 14:02:43", "elapsed": 500.345408, "delta": 8.459355}}
{"target": -0.8739077529639162, "params": {"Change_in_oil_prices": 0.31741914589047354, "city": 1.0, "day": 1.0, "dayofyear": 0.0, "dcoilwtico": 0.0, "dcoilwtico_lag_1": 0.0, "dcoilwtico_lag_2": 0.0, "dcoilwtico_lag_3": 0.0, "dcoilwtico_lag_4": 0.0, "dcoilwtico_lag_5": 0.0, "dcoilwtico_lag_6": 0.0, "dcoilwtico_lag_7": 0.0, "event": 0.0, "holiday": 0.0, "holiday_description": 1.0, "month": 0.0, "onpromotion": 1.0, "onpromotion_lag_1": 0.0, "onpromotion_lag_2": 1.0, "onpromotion_lag_3": 0.14485852399650867, "onpromotion_lag_4": 0.0, "onpromotion_lag_5": 0.0, "onpromotion_lag_6": 1.0, "onpromotion_lag_7": 0.0, "payday": 1.0, "promo_last_7_days": 1.0, "sales_one_year_lag": 1.0, "state": 1.0, "time_since_quake": 1.0, "time_since_quake_sq": 0.0, "total_other_city_promo": 1.0, "total_other_promo_store": 1.0, "type": 1.0, "workday": 0.0, "year": 0.0}, "datetime": {"datetime": "2024-02-23 14:02:51", "elapsed": 508.786577, "delta": 8.441169}}
{"target": -0.8623131936012641, "params": {"Change_in_oil_prices": 1.0, "city": 0.0, "day": 0.0, "dayofyear": 0.0, "dcoilwtico": 0.0, "dcoilwtico_lag_1": 0.0, "dcoilwtico_lag_2": 0.0, "dcoilwtico_lag_3": 0.0, "dcoilwtico_lag_4": 0.0, "dcoilwtico_lag_5": 0.0, "dcoilwtico_lag_6": 0.0, "dcoilwtico_lag_7": 0.0, "event": 0.0, "holiday": 0.0, "holiday_description": 1.0, "month": 0.0, "onpromotion": 1.0, "onpromotion_lag_1": 1.0, "onpromotion_lag_2": 1.0, "onpromotion_lag_3": 0.0, "onpromotion_lag_4": 0.0, "onpromotion_lag_5": 0.0, "onpromotion_lag_6": 1.0, "onpromotion_lag_7": 0.0, "payday": 1.0, "promo_last_7_days": 1.0, "sales_one_year_lag": 1.0, "state": 1.0, "time_since_quake": 0.0, "time_since_quake_sq": 0.0, "total_other_city_promo": 0.0, "total_other_promo_store": 1.0, "type": 1.0, "workday": 1.0, "year": 0.0}, "datetime": {"datetime": "2024-02-23 14:02:59", "elapsed": 517.007393, "delta": 8.220816}}
{"target": -0.863668375236038, "params": {"Change_in_oil_prices": 0.7130163174636592, "city": 0.0, "day": 0.0, "dayofyear": 0.0, "dcoilwtico": 0.0, "dcoilwtico_lag_1": 0.0, "dcoilwtico_lag_2": 0.0, "dcoilwtico_lag_3": 0.0, "dcoilwtico_lag_4": 0.0, "dcoilwtico_lag_5": 0.0, "dcoilwtico_lag_6": 0.0, "dcoilwtico_lag_7": 1.0, "event": 0.0, "holiday": 0.0, "holiday_description": 1.0, "month": 0.0, "onpromotion": 1.0, "onpromotion_lag_1": 0.0, "onpromotion_lag_2": 1.0, "onpromotion_lag_3": 0.0, "onpromotion_lag_4": 0.0, "onpromotion_lag_5": 0.0, "onpromotion_lag_6": 1.0, "onpromotion_lag_7": 0.0, "payday": 1.0, "promo_last_7_days": 1.0, "sales_one_year_lag": 1.0, "state": 0.0, "time_since_quake": 0.0, "time_since_quake_sq": 0.0, "total_other_city_promo": 0.8899368585769216, "total_other_promo_store": 1.0, "type": 1.0, "workday": 0.0, "year": 1.0}, "datetime": {"datetime": "2024-02-23 14:03:08", "elapsed": 525.397832, "delta": 8.390439}}
{"target": -0.934888523419526, "params": {"Change_in_oil_prices": 0.0, "city": 0.0, "day": 0.0, "dayofyear": 0.0, "dcoilwtico": 0.0, "dcoilwtico_lag_1": 0.9242382308809742, "dcoilwtico_lag_2": 0.0, "dcoilwtico_lag_3": 0.0, "dcoilwtico_lag_4": 0.0, "dcoilwtico_lag_5": 0.0, "dcoilwtico_lag_6": 1.0, "dcoilwtico_lag_7": 0.0, "event": 0.0, "holiday": 0.0, "holiday_description": 1.0, "month": 0.0, "onpromotion": 1.0, "onpromotion_lag_1": 1.0, "onpromotion_lag_2": 1.0, "onpromotion_lag_3": 0.0, "onpromotion_lag_4": 0.9103098949530362, "onpromotion_lag_5": 0.0, "onpromotion_lag_6": 1.0, "onpromotion_lag_7": 0.0, "payday": 1.0, "promo_last_7_days": 1.0, "sales_one_year_lag": 1.0, "state": 0.31816786712764217, "time_since_quake": 0.0, "time_since_quake_sq": 0.0, "total_other_city_promo": 0.3476630848781508, "total_other_promo_store": 1.0, "type": 1.0, "workday": 0.0, "year": 1.0}, "datetime": {"datetime": "2024-02-23 14:03:16", "elapsed": 533.634289, "delta": 8.236457}}
{"target": -0.8946130141901381, "params": {"Change_in_oil_prices": 0.6474270639955801, "city": 0.35557733371210004, "day": 0.0, "dayofyear": 0.0, "dcoilwtico": 0.0, "dcoilwtico_lag_1": 0.0, "dcoilwtico_lag_2": 0.0, "dcoilwtico_lag_3": 0.0, "dcoilwtico_lag_4": 0.0, "dcoilwtico_lag_5": 1.0, "dcoilwtico_lag_6": 0.0, "dcoilwtico_lag_7": 0.0, "event": 0.0, "holiday": 0.0, "holiday_description": 1.0, "month": 0.0, "onpromotion": 1.0, "onpromotion_lag_1": 0.0, "onpromotion_lag_2": 1.0, "onpromotion_lag_3": 0.0, "onpromotion_lag_4": 0.0, "onpromotion_lag_5": 0.0, "onpromotion_lag_6": 1.0, "onpromotion_lag_7": 0.0, "payday": 1.0, "promo_last_7_days": 1.0, "sales_one_year_lag": 1.0, "state": 1.0, "time_since_quake": 0.0, "time_since_quake_sq": 0.0, "total_other_city_promo": 0.9581922150355171, "total_other_promo_store": 0.0, "type": 1.0, "workday": 0.699064338161461, "year": 0.0}, "datetime": {"datetime": "2024-02-23 14:03:24", "elapsed": 541.970972, "delta": 8.336683}}
{"target": -0.8760492903706867, "params": {"Change_in_oil_prices": 1.0, "city": 0.33171470203787884, "day": 0.0, "dayofyear": 0.0, "dcoilwtico": 0.0, "dcoilwtico_lag_1": 0.0, "dcoilwtico_lag_2": 0.0, "dcoilwtico_lag_3": 0.0, "dcoilwtico_lag_4": 0.0, "dcoilwtico_lag_5": 0.0, "dcoilwtico_lag_6": 0.0, "dcoilwtico_lag_7": 1.0, "event": 0.0, "holiday": 0.0, "holiday_description": 1.0, "month": 0.0, "onpromotion": 1.0, "onpromotion_lag_1": 0.0, "onpromotion_lag_2": 0.024019276047882596, "onpromotion_lag_3": 0.0, "onpromotion_lag_4": 0.9509179947308054, "onpromotion_lag_5": 0.0, "onpromotion_lag_6": 1.0, "onpromotion_lag_7": 0.0, "payday": 1.0, "promo_last_7_days": 1.0, "sales_one_year_lag": 1.0, "state": 1.0, "time_since_quake": 0.0, "time_since_quake_sq": 0.0, "total_other_city_promo": 0.43222344443133454, "total_other_promo_store": 1.0, "type": 0.18913801793508153, "workday": 1.0, "year": 0.503834130962038}, "datetime": {"datetime": "2024-02-23 14:03:33", "elapsed": 550.672516, "delta": 8.701544}}
{"target": -0.8531472399577048, "params": {"Change_in_oil_prices": 1.0, "city": 1.0, "day": 0.0, "dayofyear": 0.0, "dcoilwtico": 0.0, "dcoilwtico_lag_1": 0.0, "dcoilwtico_lag_2": 0.85934970400798, "dcoilwtico_lag_3": 0.0, "dcoilwtico_lag_4": 1.0, "dcoilwtico_lag_5": 0.0, "dcoilwtico_lag_6": 0.0, "dcoilwtico_lag_7": 0.0, "event": 0.0, "holiday": 0.0, "holiday_description": 1.0, "month": 0.0, "onpromotion": 1.0, "onpromotion_lag_1": 0.0, "onpromotion_lag_2": 1.0, "onpromotion_lag_3": 0.0, "onpromotion_lag_4": 0.0, "onpromotion_lag_5": 0.0, "onpromotion_lag_6": 1.0, "onpromotion_lag_7": 0.0, "payday": 1.0, "promo_last_7_days": 1.0, "sales_one_year_lag": 1.0, "state": 0.5222599044068402, "time_since_quake": 0.0, "time_since_quake_sq": 0.0, "total_other_city_promo": 0.0, "total_other_promo_store": 1.0, "type": 1.0, "workday": 0.0, "year": 0.0}, "datetime": {"datetime": "2024-02-23 14:03:41", "elapsed": 559.033851, "delta": 8.361335}}
{"target": -0.8441254625378651, "params": {"Change_in_oil_prices": 1.0, "city": 1.0, "day": 0.0, "dayofyear": 0.0, "dcoilwtico": 0.0, "dcoilwtico_lag_1": 0.0, "dcoilwtico_lag_2": 0.0, "dcoilwtico_lag_3": 0.0, "dcoilwtico_lag_4": 0.0, "dcoilwtico_lag_5": 0.0, "dcoilwtico_lag_6": 0.0, "dcoilwtico_lag_7": 0.0, "event": 0.0, "holiday": 0.0, "holiday_description": 1.0, "month": 0.0, "onpromotion": 1.0, "onpromotion_lag_1": 0.0, "onpromotion_lag_2": 0.6313843880143268, "onpromotion_lag_3": 0.0, "onpromotion_lag_4": 0.0, "onpromotion_lag_5": 0.0, "onpromotion_lag_6": 1.0, "onpromotion_lag_7": 0.0, "payday": 1.0, "promo_last_7_days": 0.0, "sales_one_year_lag": 1.0, "state": 0.09309974038169827, "time_since_quake": 0.0, "time_since_quake_sq": 0.0, "total_other_city_promo": 0.594156744488477, "total_other_promo_store": 1.0, "type": 0.1286475596305169, "workday": 0.0, "year": 0.0}, "datetime": {"datetime": "2024-02-23 14:03:49", "elapsed": 566.70424, "delta": 7.670389}}
{"target": -0.8603995527042482, "params": {"Change_in_oil_prices": 1.0, "city": 0.0, "day": 1.0, "dayofyear": 0.0, "dcoilwtico": 0.0, "dcoilwtico_lag_1": 0.0, "dcoilwtico_lag_2": 0.0, "dcoilwtico_lag_3": 0.0, "dcoilwtico_lag_4": 0.0, "dcoilwtico_lag_5": 0.0, "dcoilwtico_lag_6": 0.0, "dcoilwtico_lag_7": 0.0, "event": 0.0, "holiday": 0.0, "holiday_description": 1.0, "month": 0.0, "onpromotion": 1.0, "onpromotion_lag_1": 0.0, "onpromotion_lag_2": 0.0, "onpromotion_lag_3": 0.0, "onpromotion_lag_4": 0.0, "onpromotion_lag_5": 0.0, "onpromotion_lag_6": 1.0, "onpromotion_lag_7": 0.0, "payday": 1.0, "promo_last_7_days": 1.0, "sales_one_year_lag": 1.0, "state": 0.0, "time_since_quake": 0.0, "time_since_quake_sq": 0.0, "total_other_city_promo": 0.0, "total_other_promo_store": 1.0, "type": 0.0, "workday": 0.0, "year": 0.0}, "datetime": {"datetime": "2024-02-23 14:03:57", "elapsed": 574.868921, "delta": 8.164681}}
{"target": -0.8316336822932209, "params": {"Change_in_oil_prices": 1.0, "city": 1.0, "day": 0.0, "dayofyear": 0.0, "dcoilwtico": 0.0, "dcoilwtico_lag_1": 0.0, "dcoilwtico_lag_2": 0.0, "dcoilwtico_lag_3": 0.0, "dcoilwtico_lag_4": 0.0, "dcoilwtico_lag_5": 0.0, "dcoilwtico_lag_6": 0.0, "dcoilwtico_lag_7": 0.0, "event": 1.0, "holiday": 0.0, "holiday_description": 1.0, "month": 0.0, "onpromotion": 1.0, "onpromotion_lag_1": 0.0, "onpromotion_lag_2": 1.0, "onpromotion_lag_3": 0.0, "onpromotion_lag_4": 0.0, "onpromotion_lag_5": 0.0, "onpromotion_lag_6": 1.0, "onpromotion_lag_7": 0.0, "payday": 1.0, "promo_last_7_days": 1.0, "sales_one_year_lag": 1.0, "state": 1.0, "time_since_quake": 0.0, "time_since_quake_sq": 0.0, "total_other_city_promo": 0.0, "total_other_promo_store": 1.0, "type": 0.0, "workday": 0.0, "year": 0.0}, "datetime": {"datetime": "2024-02-23 14:04:05", "elapsed": 582.663053, "delta": 7.794132}}
{"target": -0.864357525059918, "params": {"Change_in_oil_prices": 1.0, "city": 1.0, "day": 0.0, "dayofyear": 0.0, "dcoilwtico": 0.0, "dcoilwtico_lag_1": 0.0, "dcoilwtico_lag_2": 0.8784045596016692, "dcoilwtico_lag_3": 0.0, "dcoilwtico_lag_4": 0.0, "dcoilwtico_lag_5": 0.0, "dcoilwtico_lag_6": 0.0, "dcoilwtico_lag_7": 0.0, "event": 0.0, "holiday": 1.0, "holiday_description": 1.0, "month": 0.0, "onpromotion": 1.0, "onpromotion_lag_1": 0.0, "onpromotion_lag_2": 0.6133833964827708, "onpromotion_lag_3": 0.0, "onpromotion_lag_4": 0.0, "onpromotion_lag_5": 0.0, "onpromotion_lag_6": 1.0, "onpromotion_lag_7": 0.0, "payday": 1.0, "promo_last_7_days": 1.0, "sales_one_year_lag": 1.0, "state": 1.0, "time_since_quake": 0.0, "time_since_quake_sq": 0.0, "total_other_city_promo": 0.8863403711061247, "total_other_promo_store": 1.0, "type": 0.0, "workday": 0.0, "year": 0.0}, "datetime": {"datetime": "2024-02-23 14:04:13", "elapsed": 590.960607, "delta": 8.297554}}
{"target": -0.8246080211759856, "params": {"Change_in_oil_prices": 1.0, "city": 1.0, "day": 0.0, "dayofyear": 0.0, "dcoilwtico": 0.0, "dcoilwtico_lag_1": 0.0, "dcoilwtico_lag_2": 0.0, "dcoilwtico_lag_3": 0.0, "dcoilwtico_lag_4": 0.0, "dcoilwtico_lag_5": 0.0, "dcoilwtico_lag_6": 0.0, "dcoilwtico_lag_7": 0.0, "event": 0.0, "holiday": 0.0, "holiday_description": 1.0, "month": 0.0, "onpromotion": 1.0, "onpromotion_lag_1": 0.0, "onpromotion_lag_2": 1.0, "onpromotion_lag_3": 0.0, "onpromotion_lag_4": 0.0, "onpromotion_lag_5": 0.0, "onpromotion_lag_6": 1.0, "onpromotion_lag_7": 0.0, "payday": 1.0, "promo_last_7_days": 1.0, "sales_one_year_lag": 1.0, "state": 0.16737023072919058, "time_since_quake": 0.8744515887604701, "time_since_quake_sq": 1.0, "total_other_city_promo": 0.0, "total_other_promo_store": 1.0, "type": 0.0, "workday": 0.4781656069731996, "year": 0.0}, "datetime": {"datetime": "2024-02-23 14:04:22", "elapsed": 599.372456, "delta": 8.411849}}
{"target": -0.8498266621234287, "params": {"Change_in_oil_prices": 1.0, "city": 1.0, "day": 0.0, "dayofyear": 0.0, "dcoilwtico": 0.0, "dcoilwtico_lag_1": 0.0, "dcoilwtico_lag_2": 0.0, "dcoilwtico_lag_3": 0.0, "dcoilwtico_lag_4": 0.0, "dcoilwtico_lag_5": 0.0, "dcoilwtico_lag_6": 0.0, "dcoilwtico_lag_7": 0.0, "event": 0.0, "holiday": 0.0, "holiday_description": 1.0, "month": 0.0, "onpromotion": 0.0, "onpromotion_lag_1": 0.0, "onpromotion_lag_2": 1.0, "onpromotion_lag_3": 1.0, "onpromotion_lag_4": 0.0, "onpromotion_lag_5": 0.0, "onpromotion_lag_6": 1.0, "onpromotion_lag_7": 0.0, "payday": 1.0, "promo_last_7_days": 1.0, "sales_one_year_lag": 1.0, "state": 0.1041722497305047, "time_since_quake": 1.0, "time_since_quake_sq": 0.0, "total_other_city_promo": 0.0, "total_other_promo_store": 1.0, "type": 0.0, "workday": 0.0, "year": 0.0}, "datetime": {"datetime": "2024-02-23 14:04:30", "elapsed": 607.594245, "delta": 8.221789}}
{"target": -0.8352456899370857, "params": {"Change_in_oil_prices": 1.0, "city": 1.0, "day": 0.0, "dayofyear": 0.0, "dcoilwtico": 0.0, "dcoilwtico_lag_1": 0.0, "dcoilwtico_lag_2": 0.0, "dcoilwtico_lag_3": 0.0, "dcoilwtico_lag_4": 0.0, "dcoilwtico_lag_5": 0.0, "dcoilwtico_lag_6": 0.0, "dcoilwtico_lag_7": 0.0, "event": 0.0, "holiday": 0.0, "holiday_description": 1.0, "month": 0.0, "onpromotion": 0.0, "onpromotion_lag_1": 0.0, "onpromotion_lag_2": 1.0, "onpromotion_lag_3": 0.0, "onpromotion_lag_4": 0.0, "onpromotion_lag_5": 0.0, "onpromotion_lag_6": 1.0, "onpromotion_lag_7": 0.0, "payday": 1.0, "promo_last_7_days": 1.0, "sales_one_year_lag": 1.0, "state": 1.0, "time_since_quake": 0.0, "time_since_quake_sq": 1.0, "total_other_city_promo": 0.22041187507664578, "total_other_promo_store": 1.0, "type": 0.3966706312144319, "workday": 0.0, "year": 0.0}, "datetime": {"datetime": "2024-02-23 14:04:38", "elapsed": 615.951121, "delta": 8.356876}}
{"target": -0.8521421382130739, "params": {"Change_in_oil_prices": 1.0, "city": 1.0, "day": 0.0, "dayofyear": 0.0, "dcoilwtico": 0.0, "dcoilwtico_lag_1": 0.0, "dcoilwtico_lag_2": 0.0, "dcoilwtico_lag_3": 0.0, "dcoilwtico_lag_4": 0.0, "dcoilwtico_lag_5": 0.0, "dcoilwtico_lag_6": 0.0, "dcoilwtico_lag_7": 0.0, "event": 0.8310840613414548, "holiday": 0.0, "holiday_description": 1.0, "month": 0.0, "onpromotion": 1.0, "onpromotion_lag_1": 0.0, "onpromotion_lag_2": 0.0, "onpromotion_lag_3": 0.0, "onpromotion_lag_4": 0.0, "onpromotion_lag_5": 0.0, "onpromotion_lag_6": 1.0, "onpromotion_lag_7": 0.0, "payday": 1.0, "promo_last_7_days": 1.0, "sales_one_year_lag": 1.0, "state": 1.0, "time_since_quake": 0.9190106253386389, "time_since_quake_sq": 1.0, "total_other_city_promo": 0.0, "total_other_promo_store": 1.0, "type": 1.0, "workday": 0.0, "year": 0.0}, "datetime": {"datetime": "2024-02-23 14:04:46", "elapsed": 623.51275, "delta": 7.561629}}
{"target": -0.8634697753378212, "params": {"Change_in_oil_prices": 1.0, "city": 1.0, "day": 0.0, "dayofyear": 0.0, "dcoilwtico": 0.0, "dcoilwtico_lag_1": 1.0, "dcoilwtico_lag_2": 0.0, "dcoilwtico_lag_3": 0.0, "dcoilwtico_lag_4": 0.0, "dcoilwtico_lag_5": 0.0, "dcoilwtico_lag_6": 0.0, "dcoilwtico_lag_7": 0.0, "event": 0.0, "holiday": 0.0, "holiday_description": 1.0, "month": 0.0, "onpromotion": 1.0, "onpromotion_lag_1": 0.0, "onpromotion_lag_2": 0.6022293402122258, "onpromotion_lag_3": 1.0, "onpromotion_lag_4": 0.0, "onpromotion_lag_5": 0.0, "onpromotion_lag_6": 1.0, "onpromotion_lag_7": 0.0, "payday": 1.0, "promo_last_7_days": 1.0, "sales_one_year_lag": 1.0, "state": 0.6978430877823197, "time_since_quake": 0.0, "time_since_quake_sq": 1.0, "total_other_city_promo": 0.0, "total_other_promo_store": 1.0, "type": 0.0, "workday": 0.0, "year": 0.0}, "datetime": {"datetime": "2024-02-23 14:04:54", "elapsed": 632.020952, "delta": 8.508202}}
{"target": -0.8603915701951483, "params": {"Change_in_oil_prices": 1.0, "city": 1.0, "day": 0.0, "dayofyear": 0.0, "dcoilwtico": 0.0, "dcoilwtico_lag_1": 0.0, "dcoilwtico_lag_2": 0.0, "dcoilwtico_lag_3": 1.0, "dcoilwtico_lag_4": 0.0, "dcoilwtico_lag_5": 0.0, "dcoilwtico_lag_6": 0.0, "dcoilwtico_lag_7": 0.0, "event": 0.0, "holiday": 0.0, "holiday_description": 1.0, "month": 0.0, "onpromotion": 1.0, "onpromotion_lag_1": 0.0, "onpromotion_lag_2": 1.0, "onpromotion_lag_3": 0.0, "onpromotion_lag_4": 0.0, "onpromotion_lag_5": 0.0, "onpromotion_lag_6": 1.0, "onpromotion_lag_7": 0.0, "payday": 1.0, "promo_last_7_days": 1.0, "sales_one_year_lag": 1.0, "state": 0.0316221809683674, "time_since_quake": 0.0, "time_since_quake_sq": 0.45172098650356585, "total_other_city_promo": 0.0, "total_other_promo_store": 1.0, "type": 0.0, "workday": 0.0, "year": 1.0}, "datetime": {"datetime": "2024-02-23 14:05:03", "elapsed": 640.390878, "delta": 8.369926}}
{"target": -0.8677832161908748, "params": {"Change_in_oil_prices": 1.0, "city": 1.0, "day": 0.0, "dayofyear": 0.0, "dcoilwtico": 1.0, "dcoilwtico_lag_1": 0.0, "dcoilwtico_lag_2": 0.0, "dcoilwtico_lag_3": 0.0, "dcoilwtico_lag_4": 0.0, "dcoilwtico_lag_5": 0.0, "dcoilwtico_lag_6": 0.0, "dcoilwtico_lag_7": 0.0, "event": 0.0, "holiday": 0.0, "holiday_description": 0.11950582881384925, "month": 0.0, "onpromotion": 1.0, "onpromotion_lag_1": 0.0, "onpromotion_lag_2": 0.8314331341599281, "onpromotion_lag_3": 0.0, "onpromotion_lag_4": 0.0, "onpromotion_lag_5": 0.0, "onpromotion_lag_6": 1.0, "onpromotion_lag_7": 0.0, "payday": 1.0, "promo_last_7_days": 1.0, "sales_one_year_lag": 1.0, "state": 1.0, "time_since_quake": 1.0, "time_since_quake_sq": 0.0, "total_other_city_promo": 0.0, "total_other_promo_store": 1.0, "type": 0.0, "workday": 0.0, "year": 0.0}, "datetime": {"datetime": "2024-02-23 14:05:11", "elapsed": 649.070002, "delta": 8.679124}}
{"target": -0.862773972930434, "params": {"Change_in_oil_prices": 1.0, "city": 1.0, "day": 0.0, "dayofyear": 0.0, "dcoilwtico": 0.0, "dcoilwtico_lag_1": 0.0, "dcoilwtico_lag_2": 0.0, "dcoilwtico_lag_3": 0.0, "dcoilwtico_lag_4": 0.0, "dcoilwtico_lag_5": 0.0, "dcoilwtico_lag_6": 0.0, "dcoilwtico_lag_7": 0.0, "event": 1.0, "holiday": 0.0, "holiday_description": 1.0, "month": 0.0, "onpromotion": 0.02016876633060823, "onpromotion_lag_1": 0.984269906809037, "onpromotion_lag_2": 0.4996363661288314, "onpromotion_lag_3": 0.0, "onpromotion_lag_4": 0.0, "onpromotion_lag_5": 0.0, "onpromotion_lag_6": 1.0, "onpromotion_lag_7": 0.0, "payday": 1.0, "promo_last_7_days": 1.0, "sales_one_year_lag": 1.0, "state": 0.0, "time_since_quake": 0.0, "time_since_quake_sq": 0.8546909691772162, "total_other_city_promo": 0.0, "total_other_promo_store": 1.0, "type": 0.0, "workday": 1.0, "year": 0.0}, "datetime": {"datetime": "2024-02-23 14:05:20", "elapsed": 657.324662, "delta": 8.25466}}
{"target": -0.8784523286932207, "params": {"Change_in_oil_prices": 1.0, "city": 1.0, "day": 0.0, "dayofyear": 0.0, "dcoilwtico": 0.0, "dcoilwtico_lag_1": 0.0, "dcoilwtico_lag_2": 0.0, "dcoilwtico_lag_3": 0.0, "dcoilwtico_lag_4": 1.0, "dcoilwtico_lag_5": 0.0, "dcoilwtico_lag_6": 0.0, "dcoilwtico_lag_7": 0.0, "event": 0.0, "holiday": 0.0, "holiday_description": 1.0, "month": 0.0, "onpromotion": 0.0, "onpromotion_lag_1": 0.0, "onpromotion_lag_2": 0.0, "onpromotion_lag_3": 0.0, "onpromotion_lag_4": 0.0, "onpromotion_lag_5": 0.0, "onpromotion_lag_6": 1.0, "onpromotion_lag_7": 0.0, "payday": 1.0, "promo_last_7_days": 0.018484165780524517, "sales_one_year_lag": 1.0, "state": 0.0, "time_since_quake": 1.0, "time_since_quake_sq": 0.9820702996958091, "total_other_city_promo": 0.0, "total_other_promo_store": 1.0, "type": 0.0, "workday": 1.0, "year": 0.0}, "datetime": {"datetime": "2024-02-23 14:05:28", "elapsed": 665.10235, "delta": 7.777688}}
