{"target": -0.8651405941165465, "params": {"Change_in_oil_prices": 0.3312221819904854, "city": 0.8595139860378941, "day": 0.8975227027848683, "dayofyear": 0.0, "dcoilwtico": 0.1861181568529863, "dcoilwtico_lag_1": 0.20818930982027653, "dcoilwtico_lag_2": 0.0, "dcoilwtico_lag_3": 0.8970353362994634, "dcoilwtico_lag_4": 0.5906404296214072, "dcoilwtico_lag_5": 0.3085079123701205, "dcoilwtico_lag_6": 0.0, "dcoilwtico_lag_7": 0.04710415291611785, "event": 0.0, "holiday": 0.05343594353894424, "holiday_description": 1.0, "month": 0.14510766052053334, "onpromotion": 1.0, "onpromotion_lag_1": 0.0, "onpromotion_lag_2": 0.1386397746699249, "onpromotion_lag_3": 0.0, "onpromotion_lag_4": 0.0, "onpromotion_lag_5": 0.0, "onpromotion_lag_6": 1.0, "onpromotion_lag_7": 0.0, "payday": 1.0, "promo_last_7_days": 1.0, "sales_one_year_lag": 1.0, "state": 0.019907506297965498, "time_since_quake": 0.23996532575879967, "time_since_quake_sq": 0.734720559743039, "total_other_city_promo": 1.0, "total_other_promo_store": 1.0, "type": 1.0, "workday": 1.0, "year": 0.4010599511093565}, "datetime": {"datetime": "2024-02-23 13:59:43", "elapsed": 320.677883, "delta": 8.009149}}
{"target": -0.8884745107945918, "params": {"Change_in_oil_prices": 0.0, "city": 0.9233182713862873, "day": 0.19821229048449346, "dayofyear": 0.0, "dcoilwtico": 0.031909864585734395, "dcoilwtico_lag_1": 0.0, "dcoilwtico_lag_2": 0.07639067773517748, "dcoilwtico_lag_3": 1.0, "dcoilwtico_lag_4": 0.7935797575605914, "dcoilwtico_lag_5": 0.0, "dcoilwtico_lag_6": 0.0, "dcoilwtico_lag_7": 0.0, "event": 0.0, "holiday": 0.843026461958638, "holiday_description": 1.0, "month": 0.0, "onpromotion": 1.0, "onpromotion_lag_1": 0.0, "onpromotion_lag_2": 0.6824918674066195, "onpromotion_lag_3": 0.0, "onpromotion_lag_4": 0.0, "onpromotion_lag_5": 0.0, "onpromotion_lag_6": 0.8644172155283946, "onpromotion_lag_7": 0.0, "payday": 0.5580460967177912, "promo_last_7_days": 1.0, "sales_one_year_lag": 1.0, "state": 0.43847197188546116, "time_since_quake": 0.0, "time_since_quake_sq": 0.07628869581082434, "total_other_city_promo": 1.0, "total_other_promo_store": 0.1774544460503823, "type": 1.0, "workday": 1.0, "year": 0.0}, "datetime": {"datetime": "2024-02-23 13:59:50", "elapsed": 328.008322, "delta": 7.330439}}
{"target": -0.8936671536736627, "params": {"Change_in_oil_prices": 0.25855738346951623, "city": 0.41506154507690873, "day": 0.0, "dayofyear": 0.0, "dcoilwtico": 0.5794112787177925, "dcoilwtico_lag_1": 0.9436260290986201, "dcoilwtico_lag_2": 0.11863959859225215, "dcoilwtico_lag_3": 0.25844774802103165, "dcoilwtico_lag_4": 0.6800908437927471, "dcoilwtico_lag_5": 0.547042393924155, "dcoilwtico_lag_6": 0.0, "dcoilwtico_lag_7": 0.0, "event": 0.0, "holiday": 0.6212932489212531, "holiday_description": 1.0, "month": 0.0, "onpromotion": 1.0, "onpromotion_lag_1": 0.0, "onpromotion_lag_2": 0.0, "onpromotion_lag_3": 0.0, "onpromotion_lag_4": 0.4678595746626064, "onpromotion_lag_5": 0.0, "onpromotion_lag_6": 1.0, "onpromotion_lag_7": 0.0, "payday": 0.6834270263284438, "promo_last_7_days": 1.0, "sales_one_year_lag": 1.0, "state": 0.5163619913694087, "time_since_quake": 0.0, "time_since_quake_sq": 0.8614004346225237, "total_other_city_promo": 1.0, "total_other_promo_store": 1.0, "type": 1.0, "workday": 1.0, "year": 0.0}, "datetime": {"datetime": "2024-02-23 13:59:58", "elapsed": 335.847624, "delta": 7.839302}}
{"target": -0.8690267931827202, "params": {"Change_in_oil_prices": 0.0, "city": 1.0, "day": 0.16198463773689745, "dayofyear": 0.0, "dcoilwtico": 0.4077066741983487, "dcoilwtico_lag_1": 0.02564239542538919, "dcoilwtico_lag_2": 0.36861379997448107, "dcoilwtico_lag_3": 0.4345011631470653, "dcoilwtico_lag_4": 0.0, "dcoilwtico_lag_5": 0.35426228818479083, "dcoilwtico_lag_6": 0.0, "dcoilwtico_lag_7": 0.0, "event": 0.0, "holiday": 0.007639123483622377, "holiday_description": 1.0, "month": 0.0, "onpromotion": 1.0, "onpromotion_lag_1": 0.0, "onpromotion_lag_2": 0.3804463734789839, "onpromotion_lag_3": 0.8591205154317231, "onpromotion_lag_4": 0.0, "onpromotion_lag_5": 0.0, "onpromotion_lag_6": 1.0, "onpromotion_lag_7": 0.17756300412622963, "payday": 1.0, "promo_last_7_days": 1.0, "sales_one_year_lag": 1.0, "state": 0.0, "time_since_quake": 0.1716565459445659, "time_since_quake_sq": 0.0, "total_other_city_promo": 1.0, "total_other_promo_store": 1.0, "type": 0.0, "workday": 1.0, "year": 0.0}, "datetime": {"datetime": "2024-02-23 14:00:05", "elapsed": 342.925675, "delta": 7.078051}}
{"target": -0.8829722614692482, "params": {"Change_in_oil_prices": 0.7744170709793684, "city": 1.0, "day": 0.0, "dayofyear": 0.0, "dcoilwtico": 0.47670003188375115, "dcoilwtico_lag_1": 0.0, "dcoilwtico_lag_2": 0.32423698965027015, "dcoilwtico_lag_3": 0.4422726896262387, "dcoilwtico_lag_4": 0.0, "dcoilwtico_lag_5": 0.10768775746315153, "dcoilwtico_lag_6": 1.0, "dcoilwtico_lag_7": 0.0, "event": 0.0, "holiday": 0.09803504349127144, "holiday_description": 1.0, "month": 0.0, "onpromotion": 1.0, "onpromotion_lag_1": 0.6161399306135388, "onpromotion_lag_2": 0.19585594771118184, "onpromotion_lag_3": 0.0, "onpromotion_lag_4": 0.0, "onpromotion_lag_5": 0.0, "onpromotion_lag_6": 1.0, "onpromotion_lag_7": 0.18549282079628854, "payday": 1.0, "promo_last_7_days": 1.0, "sales_one_year_lag": 1.0, "state": 0.220274927450304, "time_since_quake": 0.7089223435310955, "time_since_quake_sq": 0.0, "total_other_city_promo": 1.0, "total_other_promo_store": 1.0, "type": 0.9085807943824551, "workday": 1.0, "year": 0.0}, "datetime": {"datetime": "2024-02-23 14:00:13", "elapsed": 350.67199, "delta": 7.746315}}
{"target": -0.8669021006736375, "params": {"Change_in_oil_prices": 0.0, "city": 0.23692738598899651, "day": 0.0, "dayofyear": 0.0, "dcoilwtico": 0.3946972445130621, "dcoilwtico_lag_1": 0.0, "dcoilwtico_lag_2": 0.720496706433113, "dcoilwtico_lag_3": 0.8503862197326723, "dcoilwtico_lag_4": 0.0, "dcoilwtico_lag_5": 0.0, "dcoilwtico_lag_6": 0.0, "dcoilwtico_lag_7": 0.0, "event": 0.0, "holiday": 0.1729321420044324, "holiday_description": 1.0, "month": 0.0, "onpromotion": 1.0, "onpromotion_lag_1": 0.0, "onpromotion_lag_2": 0.6248877390607035, "onpromotion_lag_3": 0.0, "onpromotion_lag_4": 0.0, "onpromotion_lag_5": 0.0, "onpromotion_lag_6": 1.0, "onpromotion_lag_7": 0.5639629138206339, "payday": 1.0, "promo_last_7_days": 1.0, "sales_one_year_lag": 1.0, "state": 0.15545035189467343, "time_since_quake": 0.0, "time_since_quake_sq": 0.1325059453620639, "total_other_city_promo": 1.0, "total_other_promo_store": 1.0, "type": 1.0, "workday": 1.0, "year": 1.0}, "datetime": {"datetime": "2024-02-23 14:00:21", "elapsed": 358.725969, "delta": 8.053979}}
{"target": -0.894079361201901, "params": {"Change_in_oil_prices": 0.0601730398207145, "city": 0.9851267686759901, "day": 0.7641130831564837, "dayofyear": 0.0, "dcoilwtico": 0.8177944636460123, "dcoilwtico_lag_1": 0.0, "dcoilwtico_lag_2": 0.9596158988513812, "dcoilwtico_lag_3": 0.23948532052893953, "dcoilwtico_lag_4": 0.0, "dcoilwtico_lag_5": 0.1592534690797838, "dcoilwtico_lag_6": 0.0, "dcoilwtico_lag_7": 0.0, "event": 0.0, "holiday": 0.0, "holiday_description": 1.0, "month": 0.0, "onpromotion": 0.0, "onpromotion_lag_1": 0.0, "onpromotion_lag_2": 0.25203119191163315, "onpromotion_lag_3": 0.0, "onpromotion_lag_4": 0.0, "onpromotion_lag_5": 0.0, "onpromotion_lag_6": 1.0, "onpromotion_lag_7": 0.0, "payday": 1.0, "promo_last_7_days": 1.0, "sales_one_year_lag": 1.0, "state": 0.35424101445344564, "time_since_quake": 0.0, "time_since_quake_sq": 0.0, "total_other_city_promo": 1.0, "total_other_promo_store": 1.0, "type": 1.0, "workday": 1.0, "year": 0.0}, "datetime": {"datetime": "2024-02-23 14:00:28", "elapsed": 365.728816, "delta": 7.002847}}
{"target": -0.8879876081243931, "params": {"Change_in_oil_prices": 0.0, "city": 0.8962702224609328, "day": 0.0, "dayofyear": 0.0, "dcoilwtico": 0.11844216603406879, "dcoilwtico_lag_1": 0.0, "dcoilwtico_lag_2": 0.4239403925989747, "dcoilwtico_lag_3": 1.0, "dcoilwtico_lag_4": 0.0, "dcoilwtico_lag_5": 0.0, "dcoilwtico_lag_6": 0.0, "dcoilwtico_lag_7": 1.0, "event": 0.0, "holiday": 0.0, "holiday_description": 1.0, "month": 0.0, "onpromotion": 1.0, "onpromotion_lag_1": 0.0, "onpromotion_lag_2": 0.5343525275891006, "onpromotion_lag_3": 0.0, "onpromotion_lag_4": 0.0, "onpromotion_lag_5": 0.0, "onpromotion_lag_6": 0.28942918256134903, "onpromotion_lag_7": 0.0, "payday": 1.0, "promo_last_7_days": 1.0, "sales_one_year_lag": 1.0, "state": 0.33985525121709337, "time_since_quake": 0.0, "time_since_quake_sq": 0.8477928315245337, "total_other_city_promo": 1.0, "total_other_promo_store": 1.0, "type": 1.0, "workday": 1.0, "year": 0.0}, "datetime": {"datetime": "2024-02-23 14:00:35", "elapsed": 373.078074, "delta": 7.349258}}
{"target": -0.8612834371666087, "params": {"Change_in_oil_prices": 0.07193431645255495, "city": 1.0, "day": 0.046529935216891964, "dayofyear": 0.0, "dcoilwtico": 0.6130946411525541, "dcoilwtico_lag_1": 0.0, "dcoilwtico_lag_2": 0.0, "dcoilwtico_lag_3": 0.0, "dcoilwtico_lag_4": 0.0, "dcoilwtico_lag_5": 0.0, "dcoilwtico_lag_6": 0.0, "dcoilwtico_lag_7": 0.0, "event": 0.0, "holiday": 0.0, "holiday_description": 1.0, "month": 0.0, "onpromotion": 1.0, "onpromotion_lag_1": 0.0, "onpromotion_lag_2": 0.609909796794788, "onpromotion_lag_3": 1.0, "onpromotion_lag_4": 0.0, "onpromotion_lag_5": 0.0, "onpromotion_lag_6": 1.0, "onpromotion_lag_7": 1.0, "payday": 1.0, "promo_last_7_days": 1.0, "sales_one_year_lag": 1.0, "state": 0.7900454321731937, "time_since_quake": 0.9185792051117538, "time_since_quake_sq": 0.7117518567927629, "total_other_city_promo": 1.0, "total_other_promo_store": 1.0, "type": 1.0, "workday": 1.0, "year": 0.0}, "datetime": {"datetime": "2024-02-23 14:00:44", "elapsed": 381.190639, "delta": 8.112565}}
{"target": -0.8778199574702545, "params": {"Change_in_oil_prices": 1.0, "city": 0.6279481137778461, "day": 0.7606938294348997, "dayofyear": 0.0, "dcoilwtico": 0.0, "dcoilwtico_lag_1": 0.0, "dcoilwtico_lag_2": 0.3527661558527917, "dcoilwtico_lag_3": 0.0, "dcoilwtico_lag_4": 0.0, "dcoilwtico_lag_5": 0.0, "dcoilwtico_lag_6": 0.0058456349236756565, "dcoilwtico_lag_7": 0.0, "event": 0.0, "holiday": 0.40865259452754665, "holiday_description": 1.0, "month": 0.0, "onpromotion": 1.0, "onpromotion_lag_1": 0.0, "onpromotion_lag_2": 1.0, "onpromotion_lag_3": 0.9440669024284426, "onpromotion_lag_4": 0.0, "onpromotion_lag_5": 0.0, "onpromotion_lag_6": 1.0, "onpromotion_lag_7": 0.9753820724480783, "payday": 1.0, "promo_last_7_days": 1.0, "sales_one_year_lag": 1.0, "state": 0.1274202598026001, "time_since_quake": 0.007064602602585084, "time_since_quake_sq": 0.11127912923647329, "total_other_city_promo": 1.0, "total_other_promo_store": 1.0, "type": 1.0, "workday": 1.0, "year": 0.0}, "datetime": {"datetime": "2024-02-23 14:00:52", "elapsed": 389.107922, "delta": 7.917283}}
{"target": -0.8822677370049532, "params": {"Change_in_oil_prices": 0.0, "city": 1.0, "day": 0.0, "dayofyear": 0.0, "dcoilwtico": 0.0, "dcoilwtico_lag_1": 0.0, "dcoilwtico_lag_2": 0.03934663791433242, "dcoilwtico_lag_3": 0.0, "dcoilwtico_lag_4": 0.7624513505304563, "dcoilwtico_lag_5": 1.0, "dcoilwtico_lag_6": 0.4251812028916941, "dcoilwtico_lag_7": 0.0, "event": 0.0, "holiday": 0.0, "holiday_description": 1.0, "month": 0.0, "onpromotion": 1.0, "onpromotion_lag_1": 0.0, "onpromotion_lag_2": 0.8392445555863257, "onpromotion_lag_3": 0.1904015554856816, "onpromotion_lag_4": 0.0, "onpromotion_lag_5": 0.0, "onpromotion_lag_6": 1.0, "onpromotion_lag_7": 1.0, "payday": 1.0, "promo_last_7_days": 1.0, "sales_one_year_lag": 1.0, "state": 0.0, "time_since_quake": 0.0, "time_since_quake_sq": 0.2532390417106643, "total_other_city_promo": 1.0, "total_other_promo_store": 1.0, "type": 1.0, "workday": 1.0, "year": 0.5208215170185737}, "datetime": {"datetime": "2024-02-23 14:00:59", "elapsed": 397.09704, "delta": 7.989118}}
{"target": -0.8802650543298489, "params": {"Change_in_oil_prices": 0.0, "city": 1.0, "day": 0.0, "dayofyear": 0.0, "dcoilwtico": 0.3009696694028323, "dcoilwtico_lag_1": 0.4122916461271781, "dcoilwtico_lag_2": 0.24647924700059703, "dcoilwtico_lag_3": 0.1870310864124185, "dcoilwtico_lag_4": 0.0, "dcoilwtico_lag_5": 0.0, "dcoilwtico_lag_6": 0.0, "dcoilwtico_lag_7": 0.0, "event": 0.0, "holiday": 0.0, "holiday_description": 1.0, "month": 0.9364817996527154, "onpromotion": 1.0, "onpromotion_lag_1": 1.0, "onpromotion_lag_2": 0.8135535440052716, "onpromotion_lag_3": 0.31658500602062317, "onpromotion_lag_4": 0.0, "onpromotion_lag_5": 0.0, "onpromotion_lag_6": 1.0, "onpromotion_lag_7": 0.9490417009875257, "payday": 1.0, "promo_last_7_days": 1.0, "sales_one_year_lag": 1.0, "state": 0.7671971346564294, "time_since_quake": 0.0, "time_since_quake_sq": 0.0, "total_other_city_promo": 1.0, "total_other_promo_store": 1.0, "type": 1.0, "workday": 1.0, "year": 0.0}, "datetime": {"datetime": "2024-02-23 14:01:08", "elapsed": 405.106228, "delta": 8.009188}}
{"target": -0.8965367487508112, "params": {"Change_in_oil_prices": 0.3835857594643416, "city": 1.0, "day": 0.0, "dayofyear": 0.0, "dcoilwtico": 0.7404549498332, "dcoilwtico_lag_1": 0.0, "dcoilwtico_lag_2": 0.19044301553612444, "dcoilwtico_lag_3": 0.24806135538311397, "dcoilwtico_lag_4": 0.0, "dcoilwtico_lag_5": 0.0, "dcoilwtico_lag_6": 0.0, "dcoilwtico_lag_7": 0.0, "event": 0.887589729625804, "holiday": 0.0, "holiday_description": 1.0, "month": 0.0, "onpromotion": 1.0, "onpromotion_lag_1": 0.0, "onpromotion_lag_2": 0.04229877400473533, "onpromotion_lag_3": 0.45017046329958843, "onpromotion_lag_4": 0.0, "onpromotion_lag_5": 0.0, "onpromotion_lag_6": 1.0, "onpromotion_lag_7": 1.0, "payday": 1.0, "promo_last_7_days": 1.0, "sales_one_year_lag": 1.0, "state": 0.1023553850268243, "time_since_quake": 0.0, "time_since_quake_sq": 0.46966024205575996, "total_other_city_promo": 1.0, "total_other_promo_store": 0.0, "type": 1.0, "workday": 1.0, "year": 0.0}, "datetime": {"datetime": "2024-02-23 14:01:15", "elapsed": 412.275807, "delta": 7.169579}}
{"target": -0.8804823070672916, "params": {"Change_in_oil_prices": 1.0, "city": 1.0, "day": 0.0, "dayofyear": 0.0, "dcoilwtico": 0.1834734354249987, "dcoilwtico_lag_1": 0.28517758336851856, "dcoilwtico_lag_2": 0.0, "dcoilwtico_lag_3": 0.0, "dcoilwtico_lag_4": 0.0, "dcoilwtico_lag_5": 0.0, "dcoilwtico_lag_6": 0.0, "dcoilwtico_lag_7": 0.0, "event": 0.0, "holiday": 0.0, "holiday_description": 1.0, "month": 0.0, "onpromotion": 1.0, "onpromotion_lag_1": 0.77007930328798, "onpromotion_lag_2": 0.14851083282733787, "onpromotion_lag_3": 1.0, "onpromotion_lag_4": 0.0, "onpromotion_lag_5": 0.0, "onpromotion_lag_6": 1.0, "onpromotion_lag_7": 1.0, "payday": 0.0, "promo_last_7_days": 1.0, "sales_one_year_lag": 1.0, "state": 0.9636785146800195, "time_since_quake": 1.0, "time_since_quake_sq": 0.0, "total_other_city_promo": 1.0, "total_other_promo_store": 1.0, "type": 0.12773443442813218, "workday": 1.0, "year": 0.0}, "datetime": {"datetime": "2024-02-23 14:01:22", "elapsed": 419.932896, "delta": 7.657089}}
{"target": -0.8763049182714603, "params": {"Change_in_oil_prices": 0.25912021309370753, "city": 0.0, "day": 0.0, "dayofyear": 0.0, "dcoilwtico": 0.0, "dcoilwtico_lag_1": 0.0, "dcoilwtico_lag_2": 0.0, "dcoilwtico_lag_3": 0.5422608609088471, "dcoilwtico_lag_4": 0.28572652117393904, "dcoilwtico_lag_5": 0.0, "dcoilwtico_lag_6": 0.0, "dcoilwtico_lag_7": 0.0, "event": 0.0, "holiday": 0.0, "holiday_description": 1.0, "month": 0.0, "onpromotion": 1.0, "onpromotion_lag_1": 0.0, "onpromotion_lag_2": 0.9959017308681268, "onpromotion_lag_3": 0.0, "onpromotion_lag_4": 0.0, "onpromotion_lag_5": 0.0, "onpromotion_lag_6": 1.0, "onpromotion_lag_7": 1.0, "payday": 1.0, "promo_last_7_days": 1.0, "sales_one_year_lag": 1.0, "state": 1.0, "time_since_quake": 0.3714745299826684, "time_since_quake_sq": 0.41693166730417486, "total_other_city_promo": 1.0, "total_other_promo_store": 1.0, "type": 0.0, "workday": 1.0, "year": 0.0}, "datetime": {"datetime": "2024-02-23 14:01:30", "elapsed": 427.664017, "delta": 7.731121}}
{"target": -0.8750013315545272, "params": {"Change_in_oil_prices": 0.0, "city": 0.0, "day": 0.0, "dayofyear": 0.0, "dcoilwtico": 0.0, "dcoilwtico_lag_1": 0.0, "dcoilwtico_lag_2": 0.0, "dcoilwtico_lag_3": 0.0, "dcoilwtico_lag_4": 0.0, "dcoilwtico_lag_5": 0.0, "dcoilwtico_lag_6": 0.0, "dcoilwtico_lag_7": 0.0, "event": 0.0, "holiday": 0.0, "holiday_description": 1.0, "month": 0.0, "onpromotion": 1.0, "onpromotion_lag_1": 0.6101024292679791, "onpromotion_lag_2": 0.0, "onpromotion_lag_3": 1.0, "onpromotion_lag_4": 1.0, "onpromotion_lag_5": 0.0, "onpromotion_lag_6": 1.0, "onpromotion_lag_7": 0.7108308898087068, "payday": 1.0, "promo_last_7_days": 1.0, "sales_one_year_lag": 1.0, "state": 0.8701051117384142, "time_since_quake": 0.47385679970478806, "time_since_quake_sq": 0.0, "total_other_city_promo": 1.0, "total_other_promo_store": 1.0, "type": 1.0, "workday": 1.0, "year": 0.6429194169460714}, "datetime": {"datetime": "2024-02-23 14:01:38", "elapsed": 435.730445, "delta": 8.066428}}
{"target": -0.894597119991623, "params": {"Change_in_oil_prices": 1.0, "city": 0.0, "day": 0.0, "dayofyear": 0.0, "dcoilwtico": 0.25069639937910504, "dcoilwtico_lag_1": 0.0, "dcoilwtico_lag_2": 0.0, "dcoilwtico_lag_3": 0.0, "dcoilwtico_lag_4": 0.0, "dcoilwtico_lag_5": 0.33839973135203016, "dcoilwtico_lag_6": 0.0, "dcoilwtico_lag_7": 0.0, "event": 0.0, "holiday": 0.0, "holiday_description": 1.0, "month": 0.9966257900740664, "onpromotion": 1.0, "onpromotion_lag_1": 0.0, "onpromotion_lag_2": 0.0, "onpromotion_lag_3": 0.1678730257044205, "onpromotion_lag_4": 0.0, "onpromotion_lag_5": 0.0, "onpromotion_lag_6": 1.0, "onpromotion_lag_7": 1.0, "payday": 1.0, "promo_last_7_days": 1.0, "sales_one_year_lag": 1.0, "state": 0.8071218147983024, "time_since_quake": 1.0, "time_since_quake_sq": 0.0, "total_other_city_promo": 1.0, "total_other_promo_store": 1.0, "type": 1.0, "workday": 1.0, "year": 0.0}, "datetime": {"datetime": "2024-02-23 14:01:46", "elapsed": 443.961944, "delta": 8.231499}}
{"target": -0.8919339256770845, "params": {"Change_in_oil_prices": 0.29464624587329175, "city": 1.0, "day": 0.0, "dayofyear": 0.0, "dcoilwtico": 0.0, "dcoilwtico_lag_1": 0.0, "dcoilwtico_lag_2": 1.0, "dcoilwtico_lag_3": 0.8158239914481499, "dcoilwtico_lag_4": 0.0, "dcoilwtico_lag_5": 0.0, "dcoilwtico_lag_6": 0.0, "dcoilwtico_lag_7": 0.0, "event": 0.0, "holiday": 0.0, "holiday_description": 1.0, "month": 0.0, "onpromotion": 1.0, "onpromotion_lag_1": 0.289743929750479, "onpromotion_lag_2": 0.8355210721930421, "onpromotion_lag_3": 1.0, "onpromotion_lag_4": 0.0, "onpromotion_lag_5": 1.0, "onpromotion_lag_6": 1.0, "onpromotion_lag_7": 1.0, "payday": 1.0, "promo_last_7_days": 1.0, "sales_one_year_lag": 1.0, "state": 0.93354246474362, "time_since_quake": 1.0, "time_since_quake_sq": 0.0, "total_other_city_promo": 1.0, "total_other_promo_store": 1.0, "type": 1.0, "workday": 1.0, "year": 0.0}, "datetime": {"datetime": "2024-02-23 14:01:55", "elapsed": 452.135537, "delta": 8.173593}}
{"target": -0.8454721589145042, "params": {"Change_in_oil_prices": 0.9727266954364501, "city": 1.0, "day": 0.0, "dayofyear": 0.0, "dcoilwtico": 0.0, "dcoilwtico_lag_1": 0.0, "dcoilwtico_lag_2": 0.0, "dcoilwtico_lag_3": 0.0, "dcoilwtico_lag_4": 0.0, "dcoilwtico_lag_5": 0.0, "dcoilwtico_lag_6": 0.0, "dcoilwtico_lag_7": 0.0, "event": 0.0, "holiday": 0.0, "holiday_description": 1.0, "month": 0.0, "onpromotion": 1.0, "onpromotion_lag_1": 0.0, "onpromotion_lag_2": 1.0, "onpromotion_lag_3": 0.24097967476732787, "onpromotion_lag_4": 0.0, "onpromotion_lag_5": 0.0, "onpromotion_lag_6": 1.0, "onpromotion_lag_7": 0.0, "payday": 1.0, "promo_last_7_days": 1.0, "sales_one_year_lag": 1.0, "state": 1.0, "time_since_quake": 0.28040150056079605, "time_since_quake_sq": 0.0, "total_other_city_promo": 1.0, "total_other_promo_store": 1.0, "type": 0.8417939873278929, "workday": 1.0, "year": 1.0}, "datetime": {"datetime": "2024-02-23 14:02:02", "elapsed": 459.775355, "delta": 7.639818}}
{"target": -0.8808559982562147, "params": {"Change_in_oil_prices": 0.0, "city": 0.38525449481351703, "day": 0.0, "dayofyear": 0.0, "dcoilwtico": 0.0, "dcoilwtico_lag_1": 0.0, "dcoilwtico_lag_2": 0.0, "dcoilwtico_lag_3": 0.0, "dcoilwtico_lag_4": 0.0, "dcoilwtico_lag_5": 0.7283529776002508, "dcoilwtico_lag_6": 0.0, "dcoilwtico_lag_7": 0.0, "event": 0.0, "holiday": 0.0, "holiday_description": 1.0, "month": 0.0, "onpromotion": 1.0, "onpromotion_lag_1": 0.9245320775474394, "onpromotion_lag_2": 1.0, "onpromotion_lag_3": 0.0, "onpromotion_lag_4": 0.0, "onpromotion_lag_5": 0.0, "onpromotion_lag_6": 1.0, "onpromotion_lag_7": 0.0, "payday": 0.0, "promo_last_7_days": 1.0, "sales_one_year_lag": 1.0, "state": 0.9721554520196787, "time_since_quake": 0.5780939538560059, "time_since_quake_sq": 0.0, "total_other_city_promo": 1.0, "total_other_promo_store": 1.0, "type": 1.0, "workday": 1.0, "year": 0.8196830715573524}, "datetime": {"datetime": "2024-02-23 14:02:11", "elapsed": 468.108095, "delta": 8.33274}}
{"target": -0.8423915196090878, "params": {"Change_in_oil_prices": 0.0, "city": 0.5954183684034698, "day": 0.0, "dayofyear": 0.0, "dcoilwtico": 0.0, "dcoilwtico_lag_1": 0.0, "dcoilwtico_lag_2": 0.0, "dcoilwtico_lag_3": 0.0, "dcoilwtico_lag_4": 0.0, "dcoilwtico_lag_5": 0.0, "dcoilwtico_lag_6": 0.0, "dcoilwtico_lag_7": 0.0, "event": 0.0, "holiday": 0.0, "holiday_description": 1.0, "month": 0.0, "onpromotion": 1.0, "onpromotion_lag_1": 0.0, "onpromotion_lag_2": 0.6374346090307245, "onpromotion_lag_3": 0.0, "onpromotion_lag_4": 0.0, "onpromotion_lag_5": 0.0, "onpromotion_lag_6": 1.0, "onpromotion_lag_7": 0.0, "payday": 1.0, "promo_last_7_days": 1.0, "sales_one_year_lag": 1.0, "state": 1.0, "time_since_quake": 0.0, "time_since_quake_sq": 0.0, "total_other_city_promo": 0.0, "total_other_promo_store": 1.0, "type": 1.0, "workday": 0.0, "year": 0.5763707238907169}, "datetime": {"datetime": "2024-02-23 14:02:18", "elapsed": 475.86241, "delta": 7.754315}}
