{"target": -1.083454063584025, "params": {"Change_in_oil_prices": 0.417022004702574, "city": 0.7203244934421581, "day": 0.00011437481734488664, "dayofyear": 0.30233257263183977, "dcoilwtico": 0.14675589081711304, "dcoilwtico_lag_1": 0.0923385947687978, "dcoilwtico_lag_2": 0.1862602113776709, "dcoilwtico_lag_3": 0.34556072704304774, "dcoilwtico_lag_4": 0.39676747423066994, "dcoilwtico_lag_5": 0.538816734003357, "dcoilwtico_lag_6": 0.4191945144032948, "dcoilwtico_lag_7": 0.6852195003967595, "event": 0.20445224973151743, "holiday": 0.8781174363909454, "holiday_description": 0.027387593197926163, "month": 0.6704675101784022, "onpromotion": 0.41730480236712697, "onpromotion_lag_1": 0.5586898284457517, "onpromotion_lag_2": 0.14038693859523377, "onpromotion_lag_3": 0.1981014890848788, "onpromotion_lag_4": 0.8007445686755367, "onpromotion_lag_5": 0.9682615757193975, "onpromotion_lag_6": 0.31342417815924284, "onpromotion_lag_7": 0.6923226156693141, "payday": 0.8763891522960383, "promo_last_7_days": 0.8946066635038473, "sales_one_year_lag": 0.08504421136977791, "state": 0.03905478323288236, "time_since_quake": 0.1698304195645689, "time_since_quake_sq": 0.8781425034294131, "total_other_city_promo": 0.0983468338330501, "total_other_promo_store": 0.42110762500505217, "type": 0.9578895301505019, "workday": 0.5331652849730171, "year": 0.6918771139504734}, "datetime": {"datetime": "2024-02-23 13:54:22", "elapsed": 0.0, "delta": 0.0}}
{"target": -1.065710765086408, "params": {"Change_in_oil_prices": 0.31551563100606295, "city": 0.6865009276815837, "day": 0.8346256718973729, "dayofyear": 0.018288277344191806, "dcoilwtico": 0.7501443149449675, "dcoilwtico_lag_1": 0.9888610889064947, "dcoilwtico_lag_2": 0.7481656543798394, "dcoilwtico_lag_3": 0.2804439920644052, "dcoilwtico_lag_4": 0.7892793284514885, "dcoilwtico_lag_5": 0.10322600657764203, "dcoilwtico_lag_6": 0.44789352617590517, "dcoilwtico_lag_7": 0.9085955030930956, "event": 0.2936141483736795, "holiday": 0.28777533858634874, "holiday_description": 0.13002857211827767, "month": 0.019366957870297075, "onpromotion": 0.678835532939891, "onpromotion_lag_1": 0.21162811600005904, "onpromotion_lag_2": 0.2655466593722262, "onpromotion_lag_3": 0.4915731592803383, "onpromotion_lag_4": 0.053362545117080384, "onpromotion_lag_5": 0.5741176054920131, "onpromotion_lag_6": 0.14672857490581015, "onpromotion_lag_7": 0.5893055369032842, "payday": 0.6997583600209312, "promo_last_7_days": 0.10233442882782584, "sales_one_year_lag": 0.4140559878195683, "state": 0.6944001577277451, "time_since_quake": 0.41417926952690265, "time_since_quake_sq": 0.04995345894608716, "total_other_city_promo": 0.5358964059155116, "total_other_promo_store": 0.6637946452197888, "type": 0.5148891120583086, "workday": 0.9445947559908133, "year": 0.5865550405019929}, "datetime": {"datetime": "2024-02-23 13:54:29", "elapsed": 6.175495, "delta": 6.175495}}
{"target": -1.117567615951014, "params": {"Change_in_oil_prices": 0.9034019152878835, "city": 0.13747470414623753, "day": 0.13927634725075855, "dayofyear": 0.8073912887095238, "dcoilwtico": 0.3976768369855336, "dcoilwtico_lag_1": 0.16535419711693278, "dcoilwtico_lag_2": 0.9275085803960339, "dcoilwtico_lag_3": 0.34776585974550656, "dcoilwtico_lag_4": 0.7508121031361555, "dcoilwtico_lag_5": 0.7259979853504515, "dcoilwtico_lag_6": 0.8833060912058098, "dcoilwtico_lag_7": 0.6236722070556089, "event": 0.7509424340273372, "holiday": 0.34889834197784253, "holiday_description": 0.2699278917650261, "month": 0.8958862181960668, "onpromotion": 0.4280911898712949, "onpromotion_lag_1": 0.9648400471483856, "onpromotion_lag_2": 0.6634414978184481, "onpromotion_lag_3": 0.6216957202091218, "onpromotion_lag_4": 0.11474597295337519, "onpromotion_lag_5": 0.9494892587070712, "onpromotion_lag_6": 0.4499121334799405, "onpromotion_lag_7": 0.5783896143871318, "payday": 0.40813680276128117, "promo_last_7_days": 0.2370269802430277, "sales_one_year_lag": 0.9033795205622538, "state": 0.5736794866722859, "time_since_quake": 0.00287032703115897, "time_since_quake_sq": 0.6171449136207239, "total_other_city_promo": 0.32664490177209615, "total_other_promo_store": 0.5270581022576093, "type": 0.8859420993107745, "workday": 0.35726976000249977, "year": 0.9085351509197992}, "datetime": {"datetime": "2024-02-23 13:54:35", "elapsed": 12.669348, "delta": 6.493853}}
{"target": -1.0037012582534743, "params": {"Change_in_oil_prices": 0.6233601157918027, "city": 0.015821242846556283, "day": 0.9294372337437613, "dayofyear": 0.690896917516924, "dcoilwtico": 0.9973228504514805, "dcoilwtico_lag_1": 0.17234050834532855, "dcoilwtico_lag_2": 0.13713574962887776, "dcoilwtico_lag_3": 0.9325954630371636, "dcoilwtico_lag_4": 0.6968181614899002, "dcoilwtico_lag_5": 0.06600017272206249, "dcoilwtico_lag_6": 0.7554630526024664, "dcoilwtico_lag_7": 0.7538761884612464, "event": 0.9230245355464833, "holiday": 0.7115247586284718, "holiday_description": 0.1242709619721647, "month": 0.01988013383979559, "onpromotion": 0.026210986877719278, "onpromotion_lag_1": 0.028306488020794607, "onpromotion_lag_2": 0.2462110676030459, "onpromotion_lag_3": 0.860027948682888, "onpromotion_lag_4": 0.5388310643416528, "onpromotion_lag_5": 0.5528219786857659, "onpromotion_lag_6": 0.8420308923596057, "onpromotion_lag_7": 0.12417331511991114, "payday": 0.2791836790111395, "promo_last_7_days": 0.5857592714582879, "sales_one_year_lag": 0.9695957483196745, "state": 0.56103021925571, "time_since_quake": 0.01864728937294302, "time_since_quake_sq": 0.8006326726806163, "total_other_city_promo": 0.23297427384102043, "total_other_promo_store": 0.8071051956187791, "type": 0.38786064406417176, "workday": 0.8635418545594287, "year": 0.7471216427371846}, "datetime": {"datetime": "2024-02-23 13:54:42", "elapsed": 19.630458, "delta": 6.96111}}
{"target": -1.0215481250485932, "params": {"Change_in_oil_prices": 0.5562402339904189, "city": 0.13645522566068502, "day": 0.05991768951221166, "dayofyear": 0.12134345574073735, "dcoilwtico": 0.044551878544761725, "dcoilwtico_lag_1": 0.1074941291060929, "dcoilwtico_lag_2": 0.2257093386078547, "dcoilwtico_lag_3": 0.7129889803826767, "dcoilwtico_lag_4": 0.5597169820541424, "dcoilwtico_lag_5": 0.012555980159115854, "dcoilwtico_lag_6": 0.07197427968948678, "dcoilwtico_lag_7": 0.967276330000272, "event": 0.5681004619199421, "holiday": 0.20329323466099047, "holiday_description": 0.2523257445703234, "month": 0.7438258540750929, "onpromotion": 0.1954294811093188, "onpromotion_lag_1": 0.5813589272732578, "onpromotion_lag_2": 0.9700199890883123, "onpromotion_lag_3": 0.8468288014900353, "onpromotion_lag_4": 0.23984775914758616, "onpromotion_lag_5": 0.49376971426872995, "onpromotion_lag_6": 0.6199557183813798, "onpromotion_lag_7": 0.8289808995501787, "payday": 0.15679139464608427, "promo_last_7_days": 0.018576202177409518, "sales_one_year_lag": 0.07002214371922233, "state": 0.4863451109370318, "time_since_quake": 0.6063294616533303, "time_since_quake_sq": 0.5688514370864813, "total_other_city_promo": 0.31736240932216075, "total_other_promo_store": 0.9886161544124489, "type": 0.5797452192457969, "workday": 0.3801411726235504, "year": 0.5509482191178968}, "datetime": {"datetime": "2024-02-23 13:54:48", "elapsed": 25.897752, "delta": 6.267294}}
{"target": -0.8922204162895985, "params": {"Change_in_oil_prices": 0.7453344309065021, "city": 0.6692328934531846, "day": 0.2649195576628094, "dayofyear": 0.06633483442844157, "dcoilwtico": 0.3700841979141063, "dcoilwtico_lag_1": 0.6297175070215645, "dcoilwtico_lag_2": 0.2101740099148396, "dcoilwtico_lag_3": 0.7527555537388139, "dcoilwtico_lag_4": 0.06653648135411494, "dcoilwtico_lag_5": 0.26031509857854096, "dcoilwtico_lag_6": 0.8047545637433454, "dcoilwtico_lag_7": 0.19343428262332774, "event": 0.6394608808799401, "holiday": 0.5246703091237337, "holiday_description": 0.9248079703993507, "month": 0.263296770487111, "onpromotion": 0.06596109068402378, "onpromotion_lag_1": 0.7350659632886695, "onpromotion_lag_2": 0.7721780295432468, "onpromotion_lag_3": 0.907815852503524, "onpromotion_lag_4": 0.9319720691968373, "onpromotion_lag_5": 0.013951572975597015, "onpromotion_lag_6": 0.2343620861214205, "onpromotion_lag_7": 0.6167783570016576, "payday": 0.9490163206876164, "promo_last_7_days": 0.9501761192470797, "sales_one_year_lag": 0.5566531881951564, "state": 0.9156063497662745, "time_since_quake": 0.6415662089463375, "time_since_quake_sq": 0.39000771414124624, "total_other_city_promo": 0.48599066709690975, "total_other_promo_store": 0.6043104829199732, "type": 0.5495479215085626, "workday": 0.9261814267064536, "year": 0.9187334356336061}, "datetime": {"datetime": "2024-02-23 13:54:55", "elapsed": 32.628414, "delta": 6.730662}}
{"target": -1.020096501568278, "params": {"Change_in_oil_prices": 0.3948756129235549, "city": 0.9632625284407118, "day": 0.17395566668046436, "dayofyear": 0.12632951943963733, "dcoilwtico": 0.13507915804673132, "dcoilwtico_lag_1": 0.5056621656768967, "dcoilwtico_lag_2": 0.021524805274197978, "dcoilwtico_lag_3": 0.947970211217681, "dcoilwtico_lag_4": 0.8271154711707325, "dcoilwtico_lag_5": 0.015018980742122379, "dcoilwtico_lag_6": 0.17619625557505525, "dcoilwtico_lag_7": 0.332063574366837, "event": 0.1309968448109169, "holiday": 0.8094906921265821, "holiday_description": 0.34473665268329345, "month": 0.9401074823333672, "onpromotion": 0.58201417994708, "onpromotion_lag_1": 0.8788319844118441, "onpromotion_lag_2": 0.8447344453922219, "onpromotion_lag_3": 0.9053923187086492, "onpromotion_lag_4": 0.45988026581680697, "onpromotion_lag_5": 0.5463468160203733, "onpromotion_lag_6": 0.7986035911520394, "onpromotion_lag_7": 0.28571885173414757, "payday": 0.4902535226199277, "promo_last_7_days": 0.5991103076458784, "sales_one_year_lag": 0.015533275550835723, "state": 0.5934814081966372, "time_since_quake": 0.4336763489894583, "time_since_quake_sq": 0.8073605288848414, "total_other_city_promo": 0.31524480309537295, "total_other_promo_store": 0.8928887085251513, "type": 0.5778572152845355, "workday": 0.18401020162746506, "year": 0.7879292338255043}, "datetime": {"datetime": "2024-02-23 13:55:01", "elapsed": 39.05206, "delta": 6.423646}}
{"target": -1.4026931231545476, "params": {"Change_in_oil_prices": 0.6120311770449339, "city": 0.053909272073752956, "day": 0.4201936800011322, "dayofyear": 0.6790688365654296, "dcoilwtico": 0.9186017779775258, "dcoilwtico_lag_1": 0.00040202489135743313, "dcoilwtico_lag_2": 0.9767591490310596, "dcoilwtico_lag_3": 0.37658031474577447, "dcoilwtico_lag_4": 0.9737835383583225, "dcoilwtico_lag_5": 0.604716100974053, "dcoilwtico_lag_6": 0.828845807980693, "dcoilwtico_lag_7": 0.5747115047081023, "event": 0.6280761983073504, "holiday": 0.28557628169569393, "holiday_description": 0.586833340656083, "month": 0.7500217637026599, "onpromotion": 0.8583138364290424, "onpromotion_lag_1": 0.7550821884676802, "onpromotion_lag_2": 0.698057248447303, "onpromotion_lag_3": 0.8644794300545998, "onpromotion_lag_4": 0.32268099683674645, "onpromotion_lag_5": 0.6707887907875872, "onpromotion_lag_6": 0.45087393641334916, "onpromotion_lag_7": 0.3821027520315172, "payday": 0.4108113499221856, "promo_last_7_days": 0.4014795834695406, "sales_one_year_lag": 0.3173839459582769, "state": 0.6219193679203014, "time_since_quake": 0.43024727082126435, "time_since_quake_sq": 0.9738020779272523, "total_other_city_promo": 0.6778008914343111, "total_other_promo_store": 0.19856988842711087, "type": 0.4267010093480328, "workday": 0.343346239774423, "year": 0.7976388039585666}, "datetime": {"datetime": "2024-02-23 13:55:08", "elapsed": 45.499475, "delta": 6.447415}}
{"target": -1.0096653415593142, "params": {"Change_in_oil_prices": 0.8799982885634318, "city": 0.903841955826372, "day": 0.6627198123752622, "dayofyear": 0.2702082620297578, "dcoilwtico": 0.25236670150458973, "dcoilwtico_lag_1": 0.8548979426974024, "dcoilwtico_lag_2": 0.5277146463087466, "dcoilwtico_lag_3": 0.8021610840045981, "dcoilwtico_lag_4": 0.5724885171916063, "dcoilwtico_lag_5": 0.7331425252875111, "dcoilwtico_lag_6": 0.5190116274640558, "dcoilwtico_lag_7": 0.770883910501888, "event": 0.5688579907047155, "holiday": 0.4657098785919809, "holiday_description": 0.3426889079532818, "month": 0.06820934841670412, "onpromotion": 0.37792417932809985, "onpromotion_lag_1": 0.07962607769825236, "onpromotion_lag_2": 0.982817113730445, "onpromotion_lag_3": 0.18161285133076377, "onpromotion_lag_4": 0.8118586977205398, "onpromotion_lag_5": 0.8749616449558981, "onpromotion_lag_6": 0.6884132523859433, "onpromotion_lag_7": 0.5694944127453757, "payday": 0.16097143681560877, "promo_last_7_days": 0.4668800227633063, "sales_one_year_lag": 0.345172051155215, "state": 0.2250399578140846, "time_since_quake": 0.5925118687657968, "time_since_quake_sq": 0.31226983770191696, "total_other_city_promo": 0.9163055534683507, "total_other_promo_store": 0.9096355249515571, "type": 0.2571182937821962, "workday": 0.1108913007440292, "year": 0.19296273201911285}, "datetime": {"datetime": "2024-02-23 13:55:14", "elapsed": 51.940563, "delta": 6.441088}}
{"target": -0.873914509905806, "params": {"Change_in_oil_prices": 0.49958417067888605, "city": 0.7285856679745962, "day": 0.20819443840879148, "dayofyear": 0.24803355837723073, "dcoilwtico": 0.851671874936367, "dcoilwtico_lag_1": 0.41584871826752734, "dcoilwtico_lag_2": 0.6166850671552362, "dcoilwtico_lag_3": 0.23366613923925006, "dcoilwtico_lag_4": 0.10196725942579743, "dcoilwtico_lag_5": 0.5158570169685298, "dcoilwtico_lag_6": 0.47714098704978236, "dcoilwtico_lag_7": 0.15267164409316325, "event": 0.6218062317404155, "holiday": 0.5440101188139381, "holiday_description": 0.6541373469707443, "month": 0.1445455401246598, "onpromotion": 0.7515278171352439, "onpromotion_lag_1": 0.2220491397999227, "onpromotion_lag_2": 0.519351824366033, "onpromotion_lag_3": 0.7852960282216189, "onpromotion_lag_4": 0.02233042799180618, "onpromotion_lag_5": 0.3243624597261865, "onpromotion_lag_6": 0.872922376400111, "onpromotion_lag_7": 0.8447096076020696, "payday": 0.5384405925945437, "promo_last_7_days": 0.866608274166513, "sales_one_year_lag": 0.9498059913536265, "state": 0.8264069976293413, "time_since_quake": 0.8541154438365387, "time_since_quake_sq": 0.09874340182034835, "total_other_city_promo": 0.651304332340991, "total_other_promo_store": 0.703516988152653, "type": 0.6102408126466297, "workday": 0.799615261736028, "year": 0.03457121987163425}, "datetime": {"datetime": "2024-02-23 13:55:21", "elapsed": 58.585642, "delta": 6.645079}}
{"target": -0.9516344997390574, "params": {"Change_in_oil_prices": 0.7702387345549799, "city": 0.731728600739527, "day": 0.2596983932983531, "dayofyear": 0.2570692988221467, "dcoilwtico": 0.6323033174301278, "dcoilwtico_lag_1": 0.34529746159108154, "dcoilwtico_lag_2": 0.7965886780072875, "dcoilwtico_lag_3": 0.44614623200345727, "dcoilwtico_lag_4": 0.7827494147841719, "dcoilwtico_lag_5": 0.9904717836238407, "dcoilwtico_lag_6": 0.30024833953390007, "dcoilwtico_lag_7": 0.14300582825809938, "event": 0.9013084363492738, "holiday": 0.5415593788873733, "holiday_description": 0.9747403708550822, "month": 0.6366044000018972, "onpromotion": 0.9939130246104789, "onpromotion_lag_1": 0.5460708041429516, "onpromotion_lag_2": 0.5264259339055213, "onpromotion_lag_3": 0.1354279030721699, "onpromotion_lag_4": 0.3557051709838811, "onpromotion_lag_5": 0.026218567296373285, "onpromotion_lag_6": 0.1603951795196491, "onpromotion_lag_7": 0.7456371927074961, "payday": 0.03039968992878883, "promo_last_7_days": 0.36654309724374434, "sales_one_year_lag": 0.8623462528380441, "state": 0.6926777175073543, "time_since_quake": 0.6909421420661686, "time_since_quake_sq": 0.18863680095531088, "total_other_city_promo": 0.44190428074842336, "total_other_promo_store": 0.5815774073442912, "type": 0.9897517076637052, "workday": 0.20390622523312185, "year": 0.24773290176235485}, "datetime": {"datetime": "2024-02-23 13:55:27", "elapsed": 64.946151, "delta": 6.360509}}
{"target": -1.1031535478787906, "params": {"Change_in_oil_prices": 0.26217308377291193, "city": 0.7501724132979928, "day": 0.4569753274356928, "dayofyear": 0.05692943841109499, "dcoilwtico": 0.5085162406102396, "dcoilwtico_lag_1": 0.21196016464367595, "dcoilwtico_lag_2": 0.7986042447602102, "dcoilwtico_lag_3": 0.29733138150727223, "dcoilwtico_lag_4": 0.02760601195450363, "dcoilwtico_lag_5": 0.593432449464621, "dcoilwtico_lag_6": 0.8438404289311888, "dcoilwtico_lag_7": 0.3810161240622142, "event": 0.7498583107261434, "holiday": 0.5111414782971282, "holiday_description": 0.5409518049621886, "month": 0.9594343210617524, "onpromotion": 0.8039608914986468, "onpromotion_lag_1": 0.03232306662357398, "onpromotion_lag_2": 0.7093872512312951, "onpromotion_lag_3": 0.46500148156350607, "onpromotion_lag_4": 0.9475489413950998, "onpromotion_lag_5": 0.2214327343234883, "onpromotion_lag_6": 0.2670720196843658, "onpromotion_lag_7": 0.081473964877262, "payday": 0.42861882866378653, "promo_last_7_days": 0.10901876401906829, "sales_one_year_lag": 0.6337867606119179, "state": 0.8029632373737379, "time_since_quake": 0.6968004961201785, "time_since_quake_sq": 0.7662113810757705, "total_other_city_promo": 0.3424541198435198, "total_other_promo_store": 0.8458514830276777, "type": 0.42876877499944255, "workday": 0.8240098704123188, "year": 0.6264961586242938}, "datetime": {"datetime": "2024-02-23 13:55:34", "elapsed": 71.380884, "delta": 6.434733}}
{"target": -0.8932215177899094, "params": {"Change_in_oil_prices": 0.1434230486702449, "city": 0.07838689985494796, "day": 0.01833264291300729, "dayofyear": 0.06672499763935646, "dcoilwtico": 0.4585838137084318, "dcoilwtico_lag_1": 0.11334192276759048, "dcoilwtico_lag_2": 0.027783348848669953, "dcoilwtico_lag_3": 0.7548614813904674, "dcoilwtico_lag_4": 0.3948504804606394, "dcoilwtico_lag_5": 0.7469384956075251, "dcoilwtico_lag_6": 0.45240482674645155, "dcoilwtico_lag_7": 0.4500867470007611, "event": 0.47807250671783097, "holiday": 0.47400392656219403, "holiday_description": 0.8031633421141696, "month": 0.40239251985773583, "onpromotion": 0.904686160343623, "onpromotion_lag_1": 0.037061047954035864, "onpromotion_lag_2": 0.7738743427204187, "onpromotion_lag_3": 0.12564138113773882, "onpromotion_lag_4": 0.6185135669120855, "onpromotion_lag_5": 0.010364261335231939, "onpromotion_lag_6": 0.538627282576347, "onpromotion_lag_7": 0.0030179566195963625, "payday": 0.9511937854902045, "promo_last_7_days": 0.905402033702778, "sales_one_year_lag": 0.7959669419422694, "state": 0.9152743199147875, "time_since_quake": 0.14555823115839706, "time_since_quake_sq": 0.15773006987053328, "total_other_city_promo": 0.187631672902434, "total_other_promo_store": 0.6224959022999211, "type": 0.9058094960083019, "workday": 0.9899551783590737, "year": 0.7111224587658159}, "datetime": {"datetime": "2024-02-23 13:55:40", "elapsed": 77.474333, "delta": 6.093449}}
{"target": -0.9874641725741696, "params": {"Change_in_oil_prices": 0.7318004091422953, "city": 0.9092932045442544, "day": 0.4008737323711209, "dayofyear": 0.24985068022503676, "dcoilwtico": 0.17343017078712286, "dcoilwtico_lag_1": 0.119457050333729, "dcoilwtico_lag_2": 0.8126105880328287, "dcoilwtico_lag_3": 0.14679237341724316, "dcoilwtico_lag_4": 0.2642974827269007, "dcoilwtico_lag_5": 0.8190891786335308, "dcoilwtico_lag_6": 0.31058725179421, "dcoilwtico_lag_7": 0.9824174492929428, "event": 0.2666387021516352, "holiday": 0.5336533449712114, "holiday_description": 0.31446701118584963, "month": 0.9107728311738374, "onpromotion": 0.36655664385123443, "onpromotion_lag_1": 0.43359232727316455, "onpromotion_lag_2": 0.5122926922783614, "onpromotion_lag_3": 0.9388864773697133, "onpromotion_lag_4": 0.030949006271150714, "onpromotion_lag_5": 0.7168786636316892, "onpromotion_lag_6": 0.8910189542923389, "onpromotion_lag_7": 0.027287223517468817, "payday": 0.5220512472525107, "promo_last_7_days": 0.3259898117700253, "sales_one_year_lag": 0.8594893208655858, "state": 0.5585165509225178, "time_since_quake": 0.6902278681627478, "time_since_quake_sq": 0.45285349995153745, "total_other_city_promo": 0.6283090375213571, "total_other_promo_store": 0.2900968516874258, "type": 0.009348577966515781, "workday": 0.5767559349870908, "year": 0.3114442141324628}, "datetime": {"datetime": "2024-02-23 13:55:46", "elapsed": 83.936266, "delta": 6.461933}}
{"target": -0.8910387982393099, "params": {"Change_in_oil_prices": 0.5172675985011298, "city": 0.9164058530538978, "day": 0.426474788501396, "dayofyear": 0.2473960366023854, "dcoilwtico": 0.37129376127905445, "dcoilwtico_lag_1": 0.9318611166365406, "dcoilwtico_lag_2": 0.9368683813090937, "dcoilwtico_lag_3": 0.8443299485657132, "dcoilwtico_lag_4": 0.9202065143056605, "dcoilwtico_lag_5": 0.22790028995131695, "dcoilwtico_lag_6": 0.08748220955359087, "dcoilwtico_lag_7": 0.22730973628468876, "event": 0.31437661611405043, "holiday": 0.17476587635631158, "holiday_description": 0.6070941619724605, "month": 0.41358641500116133, "onpromotion": 0.8163515118272141, "onpromotion_lag_1": 0.18513039826903066, "onpromotion_lag_2": 0.7018765297563104, "onpromotion_lag_3": 0.24035562484913886, "onpromotion_lag_4": 0.5742190888408597, "onpromotion_lag_5": 0.34898759722078887, "onpromotion_lag_6": 0.05696439948283272, "onpromotion_lag_7": 0.22881367096037586, "payday": 0.6641025553547935, "promo_last_7_days": 0.4972500933605313, "sales_one_year_lag": 0.5190159840736788, "state": 0.1747201501089225, "time_since_quake": 0.5707158515462564, "time_since_quake_sq": 0.99675342520821, "total_other_city_promo": 0.8168351087916219, "total_other_promo_store": 0.5943726238309778, "type": 0.9759890683309049, "workday": 0.9015625846693213, "year": 0.5956079336026455}, "datetime": {"datetime": "2024-02-23 13:55:53", "elapsed": 90.341472, "delta": 6.405206}}
