{"target": -1.2210260549091885, "params": {"gamma": 4.753198042323167, "learning_rate": 0.7203272901972236, "max_depth": 3.001029373356104, "n_estimators": 302.33257263183975, "subsample": 0.14675589081711304}, "datetime": {"datetime": "2024-02-23 13:16:35", "elapsed": 0.0, "delta": 0.0}}
{"target": -0.7882109638187895, "params": {"gamma": 1.8310473529191802, "learning_rate": 0.18626834877555715, "max_depth": 6.11004654338743, "n_estimators": 396.76747423066996, "subsample": 0.538816734003357}, "datetime": {"datetime": "2024-02-23 13:16:50", "elapsed": 14.498348, "delta": 14.498348}}
{"target": -5.837179208513517, "params": {"gamma": 4.772750629629654, "learning_rate": 0.6852226482017555, "max_depth": 4.8400702475836574, "n_estimators": 878.1174363909454, "subsample": 0.027387593197926163}, "datetime": {"datetime": "2024-02-23 13:17:08", "elapsed": 32.670278, "delta": 18.17193}}
{"target": -0.9697640821528979, "params": {"gamma": 7.03420759160562, "learning_rate": 0.41731062931910334, "max_depth": 8.028208456011765, "n_estimators": 140.38693859523377, "subsample": 0.1981014890848788}, "datetime": {"datetime": "2024-02-23 13:17:18", "elapsed": 42.333049, "delta": 9.662771}}
{"target": -1.0131054589552717, "params": {"gamma": 8.206701118079831, "learning_rate": 0.9682618931036403, "max_depth": 5.820817603433186, "n_estimators": 692.3226156693141, "subsample": 0.8763891522960383}, "datetime": {"datetime": "2024-02-23 13:17:36", "elapsed": 60.352756, "delta": 18.019707}}
{"target": -0.7662280326569691, "params": {"gamma": 9.051459971534626, "learning_rate": 0.08505336092766422, "max_depth": 3.351493049095941, "n_estimators": 169.8304195645689, "subsample": 0.8781425034294131}, "datetime": {"datetime": "2024-02-23 13:17:43", "elapsed": 67.054319, "delta": 6.701563}}
{"target": -0.9007297700879826, "params": {"gamma": 1.8851215044974508, "learning_rate": 0.42111341392880214, "max_depth": 11.621005771354518, "n_estimators": 533.165284973017, "subsample": 0.6918771139504734}, "datetime": {"datetime": "2024-02-23 13:19:22", "elapsed": 166.955037, "delta": 99.900718}}
{"target": -0.7980238301318826, "params": {"gamma": 3.8396406790545665, "learning_rate": 0.6865040626723068, "max_depth": 10.511631047076357, "n_estimators": 18.288277344191805, "subsample": 0.7501443149449675}, "datetime": {"datetime": "2024-02-23 13:19:28", "elapsed": 173.010509, "delta": 6.055472}}
{"target": -7.887532133254237, "params": {"gamma": 9.899749800158453, "learning_rate": 0.7481681727232956, "max_depth": 5.523995928579646, "n_estimators": 789.2793284514885, "subsample": 0.10322600657764203}, "datetime": {"datetime": "2024-02-23 13:19:48", "elapsed": 192.416537, "delta": 19.406028}}
{"target": -2.163598250988411, "params": {"gamma": 5.0310417355831465, "learning_rate": 0.9085964171380646, "max_depth": 5.642527335363115, "n_estimators": 287.77533858634877, "subsample": 0.13002857211827767}, "datetime": {"datetime": "2024-02-23 13:19:58", "elapsed": 202.404507, "delta": 9.98797}}
{"target": -0.9661780394827439, "params": {"gamma": 1.1743026208326737, "learning_rate": 0.6788387445845615, "max_depth": 4.904653044000531, "n_estimators": 265.5466593722262, "subsample": 0.4915731592803383}, "datetime": {"datetime": "2024-02-23 13:20:07", "elapsed": 211.352854, "delta": 8.948347}}
{"target": -0.898049327206776, "params": {"gamma": 1.4802629060537233, "learning_rate": 0.5741218643159581, "max_depth": 4.320557174152292, "n_estimators": 589.3055369032843, "subsample": 0.6997583600209312}, "datetime": {"datetime": "2024-02-23 13:20:21", "elapsed": 225.334816, "delta": 13.981962}}
{"target": -2.2697022874467705, "params": {"gamma": 1.9210098594504326, "learning_rate": 0.41406184725969014, "max_depth": 9.249601419549705, "n_estimators": 414.17926952690266, "subsample": 0.04995345894608716}, "datetime": {"datetime": "2024-02-23 13:20:42", "elapsed": 246.241195, "delta": 20.906379}}
{"target": -1.033347540067098, "params": {"gamma": 5.823067653239605, "learning_rate": 0.6637980072733366, "max_depth": 7.634002008524777, "n_estimators": 944.5947559908134, "subsample": 0.5865550405019929}, "datetime": {"datetime": "2024-02-23 13:21:16", "elapsed": 280.431555, "delta": 34.19036}}
{"target": -0.8452625073128717, "params": {"gamma": 9.130617237590952, "learning_rate": 0.13748332939919608, "max_depth": 4.253487125256827, "n_estimators": 807.3912887095238, "subsample": 0.3976768369855336}, "datetime": {"datetime": "2024-02-23 13:21:33", "elapsed": 297.999541, "delta": 17.567986}}
{"target": -1.07121576250944, "params": {"gamma": 2.488187774052395, "learning_rate": 0.9275093053102299, "max_depth": 6.129892737709559, "n_estimators": 750.8121031361555, "subsample": 0.7259979853504515}, "datetime": {"datetime": "2024-02-23 13:21:56", "elapsed": 321.000046, "delta": 23.000505}}
{"target": -1.2812567242176127, "params": {"gamma": 8.949754820852288, "learning_rate": 0.6236759703335383, "max_depth": 9.758481906246034, "n_estimators": 348.8983419778425, "subsample": 0.2699278917650261}, "datetime": {"datetime": "2024-02-23 13:22:20", "elapsed": 344.261783, "delta": 23.261737}}
{"target": -0.9407922226606936, "params": {"gamma": 9.062975963764602, "learning_rate": 0.4280969089593962, "max_depth": 11.68356042433547, "n_estimators": 663.441497818448, "subsample": 0.6216957202091218}, "datetime": {"datetime": "2024-02-23 13:24:21", "elapsed": 465.900735, "delta": 121.638952}}
{"target": -1.419121581697653, "params": {"gamma": 2.032713756580377, "learning_rate": 0.9494897638144841, "max_depth": 7.0492092013194645, "n_estimators": 578.3896143871318, "subsample": 0.40813680276128117}, "datetime": {"datetime": "2024-02-23 13:24:43", "elapsed": 487.903993, "delta": 22.003258}}
{"target": -0.7837083270769755, "params": {"gamma": 3.1332428221872495, "learning_rate": 0.9033804867670482, "max_depth": 8.163115380050574, "n_estimators": 2.87032703115897, "subsample": 0.6171449136207239}, "datetime": {"datetime": "2024-02-23 13:24:48", "elapsed": 492.420678, "delta": 4.516685}}
{"target": -0.8092791572831186, "params": {"gamma": 7.617279589613544, "learning_rate": 0.19366129953693884, "max_depth": 4.163609688574923, "n_estimators": 169.66711335995998, "subsample": 0.5608609414364435}, "datetime": {"datetime": "2024-02-23 13:24:55", "elapsed": 499.91224, "delta": 7.491562}}
{"target": -0.7797682019082087, "params": {"gamma": 8.554456854627494, "learning_rate": 1e-05, "max_depth": 3.288888488239475, "n_estimators": 821.0122915589128, "subsample": 0.6217008954136232}, "datetime": {"datetime": "2024-02-23 13:25:11", "elapsed": 515.26429, "delta": 15.35205}}
{"target": -0.9083687389166585, "params": {"gamma": 3.14695384855113, "learning_rate": 0.34803479560419787, "max_depth": 6.6580641056708885, "n_estimators": 379.0694329676211, "subsample": 0.3053360681450503}, "datetime": {"datetime": "2024-02-23 13:25:24", "elapsed": 528.363297, "delta": 13.099007}}
{"target": -0.9624067142609168, "params": {"gamma": 9.284984913579533, "learning_rate": 0.9966051717864784, "max_depth": 5.296807247188072, "n_estimators": 188.06822769689867, "subsample": 0.9496406063991358}, "datetime": {"datetime": "2024-02-23 13:25:32", "elapsed": 536.586412, "delta": 8.223115}}
{"target": -0.9088887036230794, "params": {"gamma": 3.3699683942036165, "learning_rate": 0.5646408453487672, "max_depth": 7.936028862667045, "n_estimators": 608.7817570442422, "subsample": 0.9750057430542463}, "datetime": {"datetime": "2024-02-23 13:25:55", "elapsed": 559.936579, "delta": 23.350167}}
{"target": -0.7223923407430107, "params": {"gamma": 6.018432404535454, "learning_rate": 0.01260954214590719, "max_depth": 10.18615779260282, "n_estimators": 641.8175370505053, "subsample": 0.5568850199636658}, "datetime": {"datetime": "2024-02-23 13:26:50", "elapsed": 614.415304, "delta": 54.478725}}
{"target": -0.7807082872063923, "params": {"gamma": 10.0, "learning_rate": 1e-05, "max_depth": 3.0, "n_estimators": 626.157724001562, "subsample": 0.0}, "datetime": {"datetime": "2024-02-23 13:26:59", "elapsed": 623.784936, "delta": 9.369632}}
{"target": -0.8736800530297123, "params": {"gamma": 1.561947859586275, "learning_rate": 0.6173772223559293, "max_depth": 4.78331949647359, "n_estimators": 243.84107751113993, "subsample": 0.6829487962072731}, "datetime": {"datetime": "2024-02-23 13:27:08", "elapsed": 632.293777, "delta": 8.508841}}
{"target": -1.665013154584395, "params": {"gamma": 5.785465118435454, "learning_rate": 0.4424285982326334, "max_depth": 5.5738229612263295, "n_estimators": 221.20265189874823, "subsample": 0.023124800825222946}, "datetime": {"datetime": "2024-02-23 13:27:16", "elapsed": 640.980426, "delta": 8.686649}}
{"target": -0.7797164619817848, "params": {"gamma": 5.740772542238718, "learning_rate": 1e-05, "max_depth": 8.221171593875333, "n_estimators": 512.7507790579364, "subsample": 1.0}, "datetime": {"datetime": "2024-02-23 13:27:41", "elapsed": 665.101624, "delta": 24.121198}}
{"target": -1.1241313566286872, "params": {"gamma": 2.6810412803686297, "learning_rate": 0.7191709360466335, "max_depth": 11.790106685116982, "n_estimators": 492.9000509203979, "subsample": 0.6258822003310919}, "datetime": {"datetime": "2024-02-23 13:29:10", "elapsed": 754.927452, "delta": 89.825828}}
{"target": -0.780671642746316, "params": {"gamma": 10.0, "learning_rate": 1e-05, "max_depth": 3.0, "n_estimators": 36.95058653682107, "subsample": 1.0}, "datetime": {"datetime": "2024-02-23 13:29:15", "elapsed": 759.73843, "delta": 4.810978}}
{"target": -0.7930721218026842, "params": {"gamma": 2.6452606292573515, "learning_rate": 0.4070502730043083, "max_depth": 11.557926912720175, "n_estimators": 53.55305902754548, "subsample": 0.6266328542211625}, "datetime": {"datetime": "2024-02-23 13:29:26", "elapsed": 770.995731, "delta": 11.257301}}
{"target": -0.780641587292462, "params": {"gamma": 10.0, "learning_rate": 1e-05, "max_depth": 3.0, "n_estimators": 70.23028265137198, "subsample": 1.0}, "datetime": {"datetime": "2024-02-23 13:29:32", "elapsed": 776.301589, "delta": 5.305858}}
{"target": -0.7807082872063923, "params": {"gamma": 1.0, "learning_rate": 1.0, "max_depth": 12.0, "n_estimators": 85.5725113281944, "subsample": 0.0}, "datetime": {"datetime": "2024-02-23 13:29:37", "elapsed": 781.26169, "delta": 4.960101}}
{"target": -0.7744722982855455, "params": {"gamma": 7.048812511633374, "learning_rate": 0.007743613303948198, "max_depth": 4.650555560308611, "n_estimators": 104.3696871135289, "subsample": 0.42423454613491485}, "datetime": {"datetime": "2024-02-23 13:29:43", "elapsed": 787.276738, "delta": 6.015048}}
{"target": -0.8695504676808214, "params": {"gamma": 1.6299867727420216, "learning_rate": 0.6004202436730293, "max_depth": 11.509935635359568, "n_estimators": 120.17207087503756, "subsample": 0.9637946873312127}, "datetime": {"datetime": "2024-02-23 13:30:06", "elapsed": 810.060413, "delta": 22.783675}}
{"target": -1.044177381409381, "params": {"gamma": 5.077289775933379, "learning_rate": 0.9350143210193405, "max_depth": 6.07422407672436, "n_estimators": 722.3349843870909, "subsample": 0.7958598753946872}, "datetime": {"datetime": "2024-02-23 13:30:27", "elapsed": 831.539699, "delta": 21.479286}}
{"target": -0.884142483517536, "params": {"gamma": 1.3584331183682556, "learning_rate": 0.4269665557928325, "max_depth": 9.65189910466692, "n_estimators": 969.2978936113007, "subsample": 0.9071368238589211}, "datetime": {"datetime": "2024-02-23 13:31:35", "elapsed": 899.767741, "delta": 68.228042}}
{"target": -0.8216838960220495, "params": {"gamma": 9.529991581993174, "learning_rate": 0.044689263671176885, "max_depth": 3.948859958664766, "n_estimators": 989.650371142103, "subsample": 0.3376955938423428}, "datetime": {"datetime": "2024-02-23 13:31:52", "elapsed": 916.447476, "delta": 16.679735}}
{"target": -0.9834404474719421, "params": {"gamma": 1.0, "learning_rate": 1.0, "max_depth": 3.0, "n_estimators": 324.66028043673793, "subsample": 1.0}, "datetime": {"datetime": "2024-02-23 13:32:00", "elapsed": 924.739266, "delta": 8.29179}}
{"target": -0.7801149464012077, "params": {"gamma": 10.0, "learning_rate": 1e-05, "max_depth": 3.0, "n_estimators": 466.23640784893496, "subsample": 1.0}, "datetime": {"datetime": "2024-02-23 13:32:10", "elapsed": 934.808101, "delta": 10.068835}}
{"target": -0.7807082872063923, "params": {"gamma": 1.0, "learning_rate": 1.0, "max_depth": 12.0, "n_estimators": 451.9941660659711, "subsample": 0.0}, "datetime": {"datetime": "2024-02-23 13:32:18", "elapsed": 942.198004, "delta": 7.389903}}
{"target": -1.3788335454775296, "params": {"gamma": 9.966435728209255, "learning_rate": 0.7619068027616365, "max_depth": 4.937066446886002, "n_estimators": 548.6522049396018, "subsample": 0.18566242788471587}, "datetime": {"datetime": "2024-02-23 13:32:30", "elapsed": 954.933431, "delta": 12.735427}}
{"target": -1.1291491612786657, "params": {"gamma": 1.0, "learning_rate": 1.0, "max_depth": 12.0, "n_estimators": 1000.0, "subsample": 1.0}, "datetime": {"datetime": "2024-02-23 13:35:07", "elapsed": 1111.96513, "delta": 157.031699}}
{"target": -28.352109826704787, "params": {"gamma": 2.32306222418617, "learning_rate": 0.9632598951250532, "max_depth": 11.066741778748154, "n_estimators": 922.5277388359409, "subsample": 0.02564409699279868}, "datetime": {"datetime": "2024-02-23 13:36:00", "elapsed": 1164.863339, "delta": 52.898209}}
{"target": -1.350295459814605, "params": {"gamma": 8.783812022588775, "learning_rate": 0.5360959868934136, "max_depth": 3.31805861467833, "n_estimators": 954.932792695179, "subsample": 0.08524652073194361}, "datetime": {"datetime": "2024-02-23 13:36:16", "elapsed": 1180.888513, "delta": 16.025174}}
{"target": -0.7200944000389895, "params": {"gamma": 1.8341142880593395, "learning_rate": 0.022189817637013276, "max_depth": 11.75055013991161, "n_estimators": 841.6284665485007, "subsample": 0.6573582590545632}, "datetime": {"datetime": "2024-02-23 13:38:08", "elapsed": 1292.606761, "delta": 111.718248}}
{"target": -1.0202011596959468, "params": {"gamma": 9.59635246689215, "learning_rate": 0.7045587083907031, "max_depth": 4.01256772175959, "n_estimators": 438.26839081766747, "subsample": 0.3865735854173068}, "datetime": {"datetime": "2024-02-23 13:38:19", "elapsed": 1303.586542, "delta": 10.979781}}
{"target": -0.8639359250608839, "params": {"gamma": 1.2932868560075956, "learning_rate": 0.2483057476590211, "max_depth": 3.3506200291545905, "n_estimators": 674.5324852799974, "subsample": 0.7136964336582283}, "datetime": {"datetime": "2024-02-23 13:38:32", "elapsed": 1316.359972, "delta": 12.77343}}
{"target": -0.8700352270696353, "params": {"gamma": 1.1986800971195182, "learning_rate": 0.30151374439349105, "max_depth": 11.51712888631858, "n_estimators": 201.4944273156164, "subsample": 0.2668149885055692}, "datetime": {"datetime": "2024-02-23 13:38:58", "elapsed": 1342.376914, "delta": 26.016942}}
{"target": -0.7806292776700803, "params": {"gamma": 10.0, "learning_rate": 1e-05, "max_depth": 12.0, "n_estimators": 254.75834730446277, "subsample": 1.0}, "datetime": {"datetime": "2024-02-23 13:39:33", "elapsed": 1378.002417, "delta": 35.625503}}
{"target": -0.8198378006042888, "params": {"gamma": 9.37466608244656, "learning_rate": 0.06275663015726005, "max_depth": 3.0784297820320967, "n_estimators": 851.4389919791005, "subsample": 0.5796275136291602}, "datetime": {"datetime": "2024-02-23 13:39:48", "elapsed": 1393.015916, "delta": 15.013499}}
{"target": -0.7807082872063923, "params": {"gamma": 1.0, "learning_rate": 1e-05, "max_depth": 12.0, "n_estimators": 706.2767527348342, "subsample": 0.0}, "datetime": {"datetime": "2024-02-23 13:39:58", "elapsed": 1402.259229, "delta": 9.243313}}
{"target": -0.7806352321161408, "params": {"gamma": 10.0, "learning_rate": 1e-05, "max_depth": 12.0, "n_estimators": 316.6026641066583, "subsample": 1.0}, "datetime": {"datetime": "2024-02-23 13:40:42", "elapsed": 1446.423211, "delta": 44.163982}}
{"target": -0.7807082872063923, "params": {"gamma": 10.0, "learning_rate": 1e-05, "max_depth": 12.0, "n_estimators": 737.8145099935025, "subsample": 0.0}, "datetime": {"datetime": "2024-02-23 13:40:51", "elapsed": 1455.700325, "delta": 9.277114}}
{"target": -1.2607888630118422, "params": {"gamma": 1.2727101768148907, "learning_rate": 0.7678116483484775, "max_depth": 11.724361854410986, "n_estimators": 154.8009053261431, "subsample": 0.36975076678493346}, "datetime": {"datetime": "2024-02-23 13:41:13", "elapsed": 1477.642154, "delta": 21.941829}}
{"target": -1.0237084238787455, "params": {"gamma": 1.0, "learning_rate": 1.0, "max_depth": 3.0, "n_estimators": 654.083060844655, "subsample": 1.0}, "datetime": {"datetime": "2024-02-23 13:41:26", "elapsed": 1490.108615, "delta": 12.466461}}
{"target": -0.8256748959842047, "params": {"gamma": 1.5835888595664076, "learning_rate": 0.21955646312848864, "max_depth": 11.759983343429091, "n_estimators": 474.75324067585643, "subsample": 0.43401426494118733}, "datetime": {"datetime": "2024-02-23 13:42:42", "elapsed": 1566.588577, "delta": 76.479962}}
{"target": -0.8861532283074616, "params": {"gamma": 1.5222782006656947, "learning_rate": 0.09652974566214394, "max_depth": 3.363159162130612, "n_estimators": 359.37334281373967, "subsample": 0.08033644441451449}, "datetime": {"datetime": "2024-02-23 13:42:51", "elapsed": 1575.49771, "delta": 8.909133}}
{"target": -0.7807082872063923, "params": {"gamma": 1.0, "learning_rate": 1.0, "max_depth": 12.0, "n_estimators": 814.972436635251, "subsample": 0.0}, "datetime": {"datetime": "2024-02-23 13:43:01", "elapsed": 1585.35921, "delta": 9.8615}}
{"target": -0.924385984489934, "params": {"gamma": 1.2312617941903334, "learning_rate": 0.1642508279296316, "max_depth": 11.944157517051568, "n_estimators": 953.5480119357029, "subsample": 0.1835038984433076}, "datetime": {"datetime": "2024-02-23 13:45:01", "elapsed": 1705.498419, "delta": 120.139209}}
{"target": -11.622407484599563, "params": {"gamma": 1.2555406008114312, "learning_rate": 0.8268338756774536, "max_depth": 11.4209568914346, "n_estimators": 558.7582237888728, "subsample": 0.14681348374603342}, "datetime": {"datetime": "2024-02-23 13:45:39", "elapsed": 1743.997452, "delta": 38.499033}}
{"target": -0.7664110261592608, "params": {"gamma": 9.604907153075471, "learning_rate": 0.02094697961072749, "max_depth": 3.9662807190718934, "n_estimators": 530.7720176138833, "subsample": 0.8845323476412915}, "datetime": {"datetime": "2024-02-23 13:45:50", "elapsed": 1754.960557, "delta": 10.963105}}
{"target": -1.126038002537419, "params": {"gamma": 10.0, "learning_rate": 1.0, "max_depth": 12.0, "n_estimators": 592.0997430213934, "subsample": 1.0}, "datetime": {"datetime": "2024-02-23 13:47:32", "elapsed": 1856.576455, "delta": 101.615898}}
{"target": -1.1286007805774407, "params": {"gamma": 1.0, "learning_rate": 1.0, "max_depth": 12.0, "n_estimators": 625.5465217352651, "subsample": 1.0}, "datetime": {"datetime": "2024-02-23 13:49:59", "elapsed": 2003.482488, "delta": 146.906033}}
{"target": -1.0355041018739015, "params": {"gamma": 8.318694232551572, "learning_rate": 0.6305965950277554, "max_depth": 3.2448140658033893, "n_estimators": 484.46486895309835, "subsample": 0.3436361345888097}, "datetime": {"datetime": "2024-02-23 13:50:09", "elapsed": 2014.020501, "delta": 10.538013}}
{"target": -0.7807082872063923, "params": {"gamma": 10.0, "learning_rate": 1.0, "max_depth": 12.0, "n_estimators": 235.5078384098709, "subsample": 0.0}, "datetime": {"datetime": "2024-02-23 13:50:16", "elapsed": 2020.144275, "delta": 6.123774}}
{"target": -1.1225058803399783, "params": {"gamma": 10.0, "learning_rate": 1.0, "max_depth": 12.0, "n_estimators": 367.01265967144815, "subsample": 1.0}, "datetime": {"datetime": "2024-02-23 13:51:44", "elapsed": 2108.069962, "delta": 87.925687}}
{"target": -0.8066244045953642, "params": {"gamma": 1.4965145384730607, "learning_rate": 0.5104191477726799, "max_depth": 11.995479347512486, "n_estimators": 36.53702754228083, "subsample": 0.5324216103349951}, "datetime": {"datetime": "2024-02-23 13:51:52", "elapsed": 2116.449821, "delta": 8.379859}}
