{"target": -0.7545561194713768, "params": {"Change_in_oil_prices": 0.0, "city": 1.0, "day": 1.0, "dayofyear": 0.0, "dcoilwtico": 1.0, "dcoilwtico_lag_1": 1.0, "dcoilwtico_lag_2": 1.0, "dcoilwtico_lag_3": 1.0, "dcoilwtico_lag_4": 1.0, "dcoilwtico_lag_5": 1.0, "dcoilwtico_lag_6": 1.0, "dcoilwtico_lag_7": 1.0, "event": 0.0, "holiday": 0.0, "holiday_description": 0.0, "month": 0.0, "onpromotion": 0.0, "onpromotion_lag_1": 0.0, "onpromotion_lag_2": 1.0, "onpromotion_lag_3": 0.0, "onpromotion_lag_4": 0.0, "onpromotion_lag_5": 0.0, "onpromotion_lag_6": 0.0, "onpromotion_lag_7": 1.0, "payday": 1.0, "promo_last_7_days": 1.0, "sales_one_year_lag": 1.0, "state": 1.0, "time_since_quake": 0.0, "time_since_quake_sq": 0.0, "total_other_city_promo": 0.0, "total_other_promo_store": 1.0, "type": 1.0, "workday": 0.0, "year": 1.0}, "datetime": {"datetime": "2024-02-27 14:03:29", "elapsed": 19779.901926, "delta": 254.340417}}
{"target": -0.7610175167272504, "params": {"Change_in_oil_prices": 0.0, "city": 1.0, "day": 1.0, "dayofyear": 0.0, "dcoilwtico": 0.0, "dcoilwtico_lag_1": 1.0, "dcoilwtico_lag_2": 1.0, "dcoilwtico_lag_3": 1.0, "dcoilwtico_lag_4": 1.0, "dcoilwtico_lag_5": 1.0, "dcoilwtico_lag_6": 0.0, "dcoilwtico_lag_7": 1.0, "event": 0.40418113515474074, "holiday": 0.0, "holiday_description": 0.0, "month": 0.0, "onpromotion": 0.0, "onpromotion_lag_1": 0.0, "onpromotion_lag_2": 0.0, "onpromotion_lag_3": 0.0, "onpromotion_lag_4": 0.0, "onpromotion_lag_5": 0.0, "onpromotion_lag_6": 0.0, "onpromotion_lag_7": 1.0, "payday": 0.0, "promo_last_7_days": 1.0, "sales_one_year_lag": 1.0, "state": 1.0, "time_since_quake": 0.0, "time_since_quake_sq": 0.0, "total_other_city_promo": 0.0, "total_other_promo_store": 1.0, "type": 0.0, "workday": 1.0, "year": 0.0}, "datetime": {"datetime": "2024-02-27 14:07:28", "elapsed": 20019.069717, "delta": 239.167791}}
{"target": -0.7500982212628197, "params": {"Change_in_oil_prices": 1.0, "city": 1.0, "day": 1.0, "dayofyear": 0.0, "dcoilwtico": 1.0, "dcoilwtico_lag_1": 1.0, "dcoilwtico_lag_2": 0.0, "dcoilwtico_lag_3": 1.0, "dcoilwtico_lag_4": 1.0, "dcoilwtico_lag_5": 1.0, "dcoilwtico_lag_6": 0.0, "dcoilwtico_lag_7": 1.0, "event": 0.0, "holiday": 0.0, "holiday_description": 0.0, "month": 0.0, "onpromotion": 1.0, "onpromotion_lag_1": 0.0, "onpromotion_lag_2": 0.0, "onpromotion_lag_3": 0.0, "onpromotion_lag_4": 0.0, "onpromotion_lag_5": 1.0, "onpromotion_lag_6": 0.0, "onpromotion_lag_7": 1.0, "payday": 0.0, "promo_last_7_days": 0.0, "sales_one_year_lag": 1.0, "state": 1.0, "time_since_quake": 0.0, "time_since_quake_sq": 0.0, "total_other_city_promo": 0.0, "total_other_promo_store": 1.0, "type": 0.3839661069306043, "workday": 0.0, "year": 1.0}, "datetime": {"datetime": "2024-02-27 14:11:31", "elapsed": 20261.855489, "delta": 242.785772}}
{"target": -0.7484651932139563, "params": {"Change_in_oil_prices": 0.0, "city": 0.0, "day": 1.0, "dayofyear": 0.0, "dcoilwtico": 0.0, "dcoilwtico_lag_1": 1.0, "dcoilwtico_lag_2": 0.0, "dcoilwtico_lag_3": 1.0, "dcoilwtico_lag_4": 1.0, "dcoilwtico_lag_5": 1.0, "dcoilwtico_lag_6": 0.9788365862142382, "dcoilwtico_lag_7": 1.0, "event": 0.0, "holiday": 0.0, "holiday_description": 0.0, "month": 0.0, "onpromotion": 1.0, "onpromotion_lag_1": 0.0, "onpromotion_lag_2": 1.0, "onpromotion_lag_3": 0.0, "onpromotion_lag_4": 0.0, "onpromotion_lag_5": 1.0, "onpromotion_lag_6": 0.0, "onpromotion_lag_7": 1.0, "payday": 0.0, "promo_last_7_days": 1.0, "sales_one_year_lag": 1.0, "state": 1.0, "time_since_quake": 0.0, "time_since_quake_sq": 0.0, "total_other_city_promo": 1.0, "total_other_promo_store": 1.0, "type": 0.0, "workday": 0.7139191909045906, "year": 1.0}, "datetime": {"datetime": "2024-02-27 14:15:06", "elapsed": 20476.77416, "delta": 214.918671}}
{"target": -0.7475943955794705, "params": {"Change_in_oil_prices": 0.0, "city": 1.0, "day": 1.0, "dayofyear": 0.0, "dcoilwtico": 0.0, "dcoilwtico_lag_1": 0.0, "dcoilwtico_lag_2": 1.0, "dcoilwtico_lag_3": 0.0, "dcoilwtico_lag_4": 1.0, "dcoilwtico_lag_5": 1.0, "dcoilwtico_lag_6": 0.0, "dcoilwtico_lag_7": 1.0, "event": 0.0, "holiday": 1.0, "holiday_description": 0.0, "month": 0.0, "onpromotion": 1.0, "onpromotion_lag_1": 0.0, "onpromotion_lag_2": 1.0, "onpromotion_lag_3": 0.0, "onpromotion_lag_4": 0.0, "onpromotion_lag_5": 0.0, "onpromotion_lag_6": 1.0, "onpromotion_lag_7": 0.0, "payday": 1.0, "promo_last_7_days": 1.0, "sales_one_year_lag": 1.0, "state": 1.0, "time_since_quake": 0.0, "time_since_quake_sq": 0.0, "total_other_city_promo": 0.0, "total_other_promo_store": 1.0, "type": 0.0, "workday": 0.0, "year": 0.0}, "datetime": {"datetime": "2024-02-27 14:19:14", "elapsed": 20725.09175, "delta": 248.31759}}
{"target": -0.7597745862430294, "params": {"Change_in_oil_prices": 1.0, "city": 1.0, "day": 1.0, "dayofyear": 0.0, "dcoilwtico": 0.0, "dcoilwtico_lag_1": 1.0, "dcoilwtico_lag_2": 1.0, "dcoilwtico_lag_3": 0.0, "dcoilwtico_lag_4": 1.0, "dcoilwtico_lag_5": 1.0, "dcoilwtico_lag_6": 0.0, "dcoilwtico_lag_7": 1.0, "event": 0.0, "holiday": 0.0, "holiday_description": 1.0, "month": 1.0, "onpromotion": 1.0, "onpromotion_lag_1": 1.0, "onpromotion_lag_2": 1.0, "onpromotion_lag_3": 0.0, "onpromotion_lag_4": 0.0, "onpromotion_lag_5": 0.0, "onpromotion_lag_6": 0.0, "onpromotion_lag_7": 1.0, "payday": 1.0, "promo_last_7_days": 1.0, "sales_one_year_lag": 1.0, "state": 1.0, "time_since_quake": 0.0, "time_since_quake_sq": 0.0, "total_other_city_promo": 0.0, "total_other_promo_store": 1.0, "type": 0.0, "workday": 0.0, "year": 1.0}, "datetime": {"datetime": "2024-02-27 14:24:26", "elapsed": 21036.596686, "delta": 311.504936}}
{"target": -0.7320617898620593, "params": {"Change_in_oil_prices": 1.0, "city": 1.0, "day": 0.0, "dayofyear": 0.0, "dcoilwtico": 0.0, "dcoilwtico_lag_1": 1.0, "dcoilwtico_lag_2": 0.0, "dcoilwtico_lag_3": 1.0, "dcoilwtico_lag_4": 0.0, "dcoilwtico_lag_5": 0.0, "dcoilwtico_lag_6": 1.0, "dcoilwtico_lag_7": 0.0, "event": 0.0, "holiday": 0.0, "holiday_description": 0.0, "month": 0.0, "onpromotion": 1.0, "onpromotion_lag_1": 0.0, "onpromotion_lag_2": 0.0, "onpromotion_lag_3": 0.0, "onpromotion_lag_4": 0.0, "onpromotion_lag_5": 1.0, "onpromotion_lag_6": 0.0, "onpromotion_lag_7": 1.0, "payday": 1.0, "promo_last_7_days": 1.0, "sales_one_year_lag": 1.0, "state": 1.0, "time_since_quake": 0.0, "time_since_quake_sq": 0.0, "total_other_city_promo": 0.0, "total_other_promo_store": 1.0, "type": 0.0, "workday": 1.0, "year": 1.0}, "datetime": {"datetime": "2024-02-27 14:28:32", "elapsed": 21283.274449, "delta": 246.677763}}
{"target": -0.7492823978203741, "params": {"Change_in_oil_prices": 1.0, "city": 1.0, "day": 1.0, "dayofyear": 0.0, "dcoilwtico": 0.0, "dcoilwtico_lag_1": 1.0, "dcoilwtico_lag_2": 0.0, "dcoilwtico_lag_3": 0.0, "dcoilwtico_lag_4": 0.0, "dcoilwtico_lag_5": 1.0, "dcoilwtico_lag_6": 0.0, "dcoilwtico_lag_7": 0.0, "event": 0.0, "holiday": 0.0, "holiday_description": 0.0, "month": 0.0, "onpromotion": 1.0, "onpromotion_lag_1": 0.0, "onpromotion_lag_2": 1.0, "onpromotion_lag_3": 1.0, "onpromotion_lag_4": 0.0, "onpromotion_lag_5": 0.0, "onpromotion_lag_6": 1.0, "onpromotion_lag_7": 0.0, "payday": 1.0, "promo_last_7_days": 1.0, "sales_one_year_lag": 1.0, "state": 1.0, "time_since_quake": 0.0, "time_since_quake_sq": 0.0, "total_other_city_promo": 1.0, "total_other_promo_store": 1.0, "type": 0.0, "workday": 0.0, "year": 1.0}, "datetime": {"datetime": "2024-02-27 14:32:39", "elapsed": 21530.08857, "delta": 246.814121}}
{"target": -0.7383838288829214, "params": {"Change_in_oil_prices": 1.0, "city": 1.0, "day": 1.0, "dayofyear": 0.0, "dcoilwtico": 0.0, "dcoilwtico_lag_1": 1.0, "dcoilwtico_lag_2": 1.0, "dcoilwtico_lag_3": 0.0, "dcoilwtico_lag_4": 1.0, "dcoilwtico_lag_5": 0.0, "dcoilwtico_lag_6": 1.0, "dcoilwtico_lag_7": 0.0, "event": 0.0, "holiday": 0.0, "holiday_description": 0.0, "month": 0.0, "onpromotion": 1.0, "onpromotion_lag_1": 0.0, "onpromotion_lag_2": 0.0, "onpromotion_lag_3": 0.0, "onpromotion_lag_4": 0.0, "onpromotion_lag_5": 1.0, "onpromotion_lag_6": 0.0, "onpromotion_lag_7": 1.0, "payday": 0.0, "promo_last_7_days": 1.0, "sales_one_year_lag": 1.0, "state": 1.0, "time_since_quake": 0.0, "time_since_quake_sq": 0.0, "total_other_city_promo": 0.0, "total_other_promo_store": 1.0, "type": 0.0, "workday": 0.0, "year": 1.0}, "datetime": {"datetime": "2024-02-27 14:36:42", "elapsed": 21773.056608, "delta": 242.968038}}
{"target": -0.761075650878116, "params": {"Change_in_oil_prices": 0.0, "city": 1.0, "day": 1.0, "dayofyear": 0.0, "dcoilwtico": 0.0, "dcoilwtico_lag_1": 1.0, "dcoilwtico_lag_2": 0.0, "dcoilwtico_lag_3": 0.0, "dcoilwtico_lag_4": 1.0, "dcoilwtico_lag_5": 1.0, "dcoilwtico_lag_6": 1.0, "dcoilwtico_lag_7": 1.0, "event": 0.0, "holiday": 0.0, "holiday_description": 0.0, "month": 0.0, "onpromotion": 0.0, "onpromotion_lag_1": 1.0, "onpromotion_lag_2": 0.0, "onpromotion_lag_3": 0.0, "onpromotion_lag_4": 0.0, "onpromotion_lag_5": 1.0, "onpromotion_lag_6": 0.0, "onpromotion_lag_7": 0.0, "payday": 0.9999999999999999, "promo_last_7_days": 1.0, "sales_one_year_lag": 1.0, "state": 1.0, "time_since_quake": 0.0, "time_since_quake_sq": 0.0, "total_other_city_promo": 0.0, "total_other_promo_store": 1.0, "type": 0.0, "workday": 0.0, "year": 1.0}, "datetime": {"datetime": "2024-02-27 14:40:45", "elapsed": 22015.825044, "delta": 242.768436}}
{"target": -0.7664084335849823, "params": {"Change_in_oil_prices": 1.0, "city": 1.0, "day": 1.0, "dayofyear": 0.0, "dcoilwtico": 0.0, "dcoilwtico_lag_1": 1.0, "dcoilwtico_lag_2": 0.0, "dcoilwtico_lag_3": 0.0, "dcoilwtico_lag_4": 0.0, "dcoilwtico_lag_5": 0.0, "dcoilwtico_lag_6": 1.0, "dcoilwtico_lag_7": 0.0, "event": 0.0, "holiday": 0.0, "holiday_description": 0.0, "month": 0.0, "onpromotion": 1.0, "onpromotion_lag_1": 0.0, "onpromotion_lag_2": 1.0, "onpromotion_lag_3": 1.0, "onpromotion_lag_4": 0.0, "onpromotion_lag_5": 1.0, "onpromotion_lag_6": 0.0, "onpromotion_lag_7": 1.0, "payday": 1.0, "promo_last_7_days": 1.0, "sales_one_year_lag": 1.0, "state": 1.0, "time_since_quake": 0.0, "time_since_quake_sq": 0.0, "total_other_city_promo": 0.0, "total_other_promo_store": 0.0, "type": 0.0, "workday": 0.0, "year": 1.0}, "datetime": {"datetime": "2024-02-27 14:44:53", "elapsed": 22263.557556, "delta": 247.732512}}
{"target": -0.7372294891200691, "params": {"Change_in_oil_prices": 1.0, "city": 1.0, "day": 1.0, "dayofyear": 0.0, "dcoilwtico": 0.0, "dcoilwtico_lag_1": 0.0, "dcoilwtico_lag_2": 0.0, "dcoilwtico_lag_3": 0.0, "dcoilwtico_lag_4": 1.0, "dcoilwtico_lag_5": 1.0, "dcoilwtico_lag_6": 1.0, "dcoilwtico_lag_7": 0.0, "event": 0.0, "holiday": 0.0, "holiday_description": 0.0, "month": 0.0, "onpromotion": 1.0, "onpromotion_lag_1": 0.0, "onpromotion_lag_2": 0.0, "onpromotion_lag_3": 0.0, "onpromotion_lag_4": 0.0, "onpromotion_lag_5": 0.0, "onpromotion_lag_6": 0.0, "onpromotion_lag_7": 1.0, "payday": 1.0, "promo_last_7_days": 1.0, "sales_one_year_lag": 1.0, "state": 1.0, "time_since_quake": 0.0, "time_since_quake_sq": 0.0, "total_other_city_promo": 1.0, "total_other_promo_store": 1.0, "type": 0.0, "workday": 0.0, "year": 0.0}, "datetime": {"datetime": "2024-02-27 14:48:53", "elapsed": 22504.158486, "delta": 240.60093}}
{"target": -0.7340726499046951, "params": {"Change_in_oil_prices": 1.0, "city": 1.0, "day": 0.0, "dayofyear": 0.0, "dcoilwtico": 0.0, "dcoilwtico_lag_1": 1.0, "dcoilwtico_lag_2": 1.0, "dcoilwtico_lag_3": 1.0, "dcoilwtico_lag_4": 1.0, "dcoilwtico_lag_5": 1.0, "dcoilwtico_lag_6": 1.0, "dcoilwtico_lag_7": 0.0, "event": 0.0, "holiday": 0.0, "holiday_description": 0.0, "month": 1.0, "onpromotion": 1.0, "onpromotion_lag_1": 0.0, "onpromotion_lag_2": 1.0, "onpromotion_lag_3": 0.0, "onpromotion_lag_4": 0.0, "onpromotion_lag_5": 1.0, "onpromotion_lag_6": 0.0, "onpromotion_lag_7": 1.0, "payday": 1.0, "promo_last_7_days": 1.0, "sales_one_year_lag": 1.0, "state": 1.0, "time_since_quake": 0.0, "time_since_quake_sq": 0.0, "total_other_city_promo": 0.0, "total_other_promo_store": 1.0, "type": 0.0, "workday": 0.0, "year": 0.0}, "datetime": {"datetime": "2024-02-27 14:53:01", "elapsed": 22751.859622, "delta": 247.701136}}
{"target": -0.7422317322339971, "params": {"Change_in_oil_prices": 1.0, "city": 1.0, "day": 1.0, "dayofyear": 0.0, "dcoilwtico": 0.0, "dcoilwtico_lag_1": 1.0, "dcoilwtico_lag_2": 0.0, "dcoilwtico_lag_3": 1.0, "dcoilwtico_lag_4": 1.0, "dcoilwtico_lag_5": 1.0, "dcoilwtico_lag_6": 1.0, "dcoilwtico_lag_7": 1.0, "event": 0.0, "holiday": 0.0, "holiday_description": 0.0, "month": 0.0, "onpromotion": 1.0, "onpromotion_lag_1": 0.0, "onpromotion_lag_2": 0.0, "onpromotion_lag_3": 1.0, "onpromotion_lag_4": 1.0, "onpromotion_lag_5": 0.0, "onpromotion_lag_6": 0.0, "onpromotion_lag_7": 1.0, "payday": 1.0, "promo_last_7_days": 1.0, "sales_one_year_lag": 1.0, "state": 1.0, "time_since_quake": 0.0, "time_since_quake_sq": 0.0, "total_other_city_promo": 0.0, "total_other_promo_store": 1.0, "type": 0.0, "workday": 0.0, "year": 1.0}, "datetime": {"datetime": "2024-02-27 14:57:07", "elapsed": 22997.903794, "delta": 246.044172}}
{"target": -0.7547222785464042, "params": {"Change_in_oil_prices": 1.0, "city": 1.0, "day": 0.0, "dayofyear": 0.0, "dcoilwtico": 0.0, "dcoilwtico_lag_1": 0.0, "dcoilwtico_lag_2": 1.0, "dcoilwtico_lag_3": 0.0, "dcoilwtico_lag_4": 1.0, "dcoilwtico_lag_5": 1.0, "dcoilwtico_lag_6": 0.0, "dcoilwtico_lag_7": 0.0, "event": 0.0, "holiday": 0.0, "holiday_description": 0.0, "month": 0.0, "onpromotion": 0.0, "onpromotion_lag_1": 0.0, "onpromotion_lag_2": 0.0, "onpromotion_lag_3": 0.0, "onpromotion_lag_4": 0.0, "onpromotion_lag_5": 0.0, "onpromotion_lag_6": 1.0, "onpromotion_lag_7": 0.0, "payday": 1.0, "promo_last_7_days": 1.0, "sales_one_year_lag": 1.0, "state": 1.0, "time_since_quake": 0.0, "time_since_quake_sq": 0.0, "total_other_city_promo": 0.0, "total_other_promo_store": 1.0, "type": 0.0, "workday": 0.0, "year": 1.0}, "datetime": {"datetime": "2024-02-27 15:01:06", "elapsed": 23237.3021, "delta": 239.398306}}
{"target": -0.7477070216124752, "params": {"Change_in_oil_prices": 1.0, "city": 1.0, "day": 1.0, "dayofyear": 0.0, "dcoilwtico": 0.0, "dcoilwtico_lag_1": 1.0, "dcoilwtico_lag_2": 0.0, "dcoilwtico_lag_3": 0.0, "dcoilwtico_lag_4": 1.0, "dcoilwtico_lag_5": 1.0, "dcoilwtico_lag_6": 0.0, "dcoilwtico_lag_7": 1.0, "event": 0.0, "holiday": 1.0, "holiday_description": 0.0, "month": 1.0, "onpromotion": 1.0, "onpromotion_lag_1": 0.0, "onpromotion_lag_2": 0.0, "onpromotion_lag_3": 0.0, "onpromotion_lag_4": 0.0, "onpromotion_lag_5": 1.0, "onpromotion_lag_6": 0.0, "onpromotion_lag_7": 0.0, "payday": 1.0, "promo_last_7_days": 1.0, "sales_one_year_lag": 1.0, "state": 1.0, "time_since_quake": 0.0, "time_since_quake_sq": 0.0, "total_other_city_promo": 1.0, "total_other_promo_store": 1.0, "type": 0.0, "workday": 0.0, "year": 1.0}, "datetime": {"datetime": "2024-02-27 15:05:16", "elapsed": 23487.305075, "delta": 250.002975}}
{"target": -0.7356495209933479, "params": {"Change_in_oil_prices": 1.0, "city": 1.0, "day": 0.0, "dayofyear": 0.0, "dcoilwtico": 0.0, "dcoilwtico_lag_1": 0.0, "dcoilwtico_lag_2": 0.0, "dcoilwtico_lag_3": 1.0, "dcoilwtico_lag_4": 1.0, "dcoilwtico_lag_5": 1.0, "dcoilwtico_lag_6": 0.0, "dcoilwtico_lag_7": 0.0, "event": 0.0, "holiday": 0.0, "holiday_description": 0.0, "month": 0.0, "onpromotion": 1.0, "onpromotion_lag_1": 0.0, "onpromotion_lag_2": 1.0, "onpromotion_lag_3": 0.0, "onpromotion_lag_4": 1.0, "onpromotion_lag_5": 0.0, "onpromotion_lag_6": 0.0, "onpromotion_lag_7": 0.0, "payday": 1.0, "promo_last_7_days": 1.0, "sales_one_year_lag": 1.0, "state": 1.0, "time_since_quake": 0.0, "time_since_quake_sq": 0.0, "total_other_city_promo": 0.0, "total_other_promo_store": 1.0, "type": 1.0, "workday": 0.0, "year": 1.0}, "datetime": {"datetime": "2024-02-27 15:09:29", "elapsed": 23739.892921, "delta": 252.587846}}
{"target": -0.7487168873342487, "params": {"Change_in_oil_prices": 1.0, "city": 1.0, "day": 1.0, "dayofyear": 0.0, "dcoilwtico": 0.0, "dcoilwtico_lag_1": 0.0, "dcoilwtico_lag_2": 1.0, "dcoilwtico_lag_3": 0.0, "dcoilwtico_lag_4": 1.0, "dcoilwtico_lag_5": 1.0, "dcoilwtico_lag_6": 0.0, "dcoilwtico_lag_7": 1.0, "event": 1.0, "holiday": 0.0, "holiday_description": 0.0, "month": 0.0, "onpromotion": 1.0, "onpromotion_lag_1": 0.0, "onpromotion_lag_2": 1.0, "onpromotion_lag_3": 0.0, "onpromotion_lag_4": 0.0, "onpromotion_lag_5": 1.0, "onpromotion_lag_6": 0.0, "onpromotion_lag_7": 0.0, "payday": 1.0, "promo_last_7_days": 1.0, "sales_one_year_lag": 1.0, "state": 1.0, "time_since_quake": 0.0, "time_since_quake_sq": 0.0, "total_other_city_promo": 1.0, "total_other_promo_store": 1.0, "type": 0.0, "workday": 0.0, "year": 0.0}, "datetime": {"datetime": "2024-02-27 15:13:43", "elapsed": 23993.571602, "delta": 253.678681}}
{"target": -0.73461928346896, "params": {"Change_in_oil_prices": 1.0, "city": 0.0, "day": 0.0, "dayofyear": 0.0, "dcoilwtico": 0.0, "dcoilwtico_lag_1": 1.0, "dcoilwtico_lag_2": 0.0, "dcoilwtico_lag_3": 0.0, "dcoilwtico_lag_4": 1.0, "dcoilwtico_lag_5": 1.0, "dcoilwtico_lag_6": 0.0, "dcoilwtico_lag_7": 0.0, "event": 0.0, "holiday": 0.0, "holiday_description": 0.0, "month": 0.0, "onpromotion": 1.0, "onpromotion_lag_1": 0.0, "onpromotion_lag_2": 0.0, "onpromotion_lag_3": 0.0, "onpromotion_lag_4": 0.0, "onpromotion_lag_5": 1.0, "onpromotion_lag_6": 0.0, "onpromotion_lag_7": 1.0, "payday": 0.0, "promo_last_7_days": 1.0, "sales_one_year_lag": 1.0, "state": 1.0, "time_since_quake": 0.0, "time_since_quake_sq": 0.0, "total_other_city_promo": 0.0, "total_other_promo_store": 1.0, "type": 0.9429063188272397, "workday": 0.0, "year": 0.0}, "datetime": {"datetime": "2024-02-27 15:17:18", "elapsed": 24208.541865, "delta": 214.970263}}
{"target": -0.7699075416422201, "params": {"Change_in_oil_prices": 1.0, "city": 1.0, "day": 1.0, "dayofyear": 0.0, "dcoilwtico": 0.0, "dcoilwtico_lag_1": 1.0, "dcoilwtico_lag_2": 1.0, "dcoilwtico_lag_3": 1.0, "dcoilwtico_lag_4": 0.0, "dcoilwtico_lag_5": 1.0, "dcoilwtico_lag_6": 1.0, "dcoilwtico_lag_7": 1.0, "event": 0.0, "holiday": 0.0, "holiday_description": 0.0, "month": 0.0, "onpromotion": 1.0, "onpromotion_lag_1": 1.0, "onpromotion_lag_2": 0.0, "onpromotion_lag_3": 0.0, "onpromotion_lag_4": 0.0, "onpromotion_lag_5": 1.0, "onpromotion_lag_6": 0.0, "onpromotion_lag_7": 1.0, "payday": 1.0, "promo_last_7_days": 1.0, "sales_one_year_lag": 0.0, "state": 1.0, "time_since_quake": 0.0, "time_since_quake_sq": 0.0, "total_other_city_promo": 1.0, "total_other_promo_store": 1.0, "type": 0.0, "workday": 0.0, "year": 1.0}, "datetime": {"datetime": "2024-02-27 15:21:25", "elapsed": 24456.015411, "delta": 247.473546}}
{"target": -0.7328071032037615, "params": {"Change_in_oil_prices": 1.0, "city": 0.0, "day": 0.0, "dayofyear": 0.0, "dcoilwtico": 0.0, "dcoilwtico_lag_1": 1.0, "dcoilwtico_lag_2": 0.0, "dcoilwtico_lag_3": 1.0, "dcoilwtico_lag_4": 0.0, "dcoilwtico_lag_5": 1.0, "dcoilwtico_lag_6": 0.0, "dcoilwtico_lag_7": 0.0, "event": 0.0, "holiday": 0.0, "holiday_description": 0.0, "month": 1.0, "onpromotion": 1.0, "onpromotion_lag_1": 0.0, "onpromotion_lag_2": 0.0, "onpromotion_lag_3": 0.0, "onpromotion_lag_4": 0.0, "onpromotion_lag_5": 0.0, "onpromotion_lag_6": 0.0, "onpromotion_lag_7": 1.0, "payday": 1.0, "promo_last_7_days": 1.0, "sales_one_year_lag": 1.0, "state": 1.0, "time_since_quake": 0.0, "time_since_quake_sq": 0.0, "total_other_city_promo": 0.0, "total_other_promo_store": 1.0, "type": 0.0, "workday": 0.0, "year": 1.0}, "datetime": {"datetime": "2024-02-27 15:24:56", "elapsed": 24666.949866, "delta": 210.934455}}
{"target": -0.7475657708078361, "params": {"Change_in_oil_prices": 0.0, "city": 0.0, "day": 0.0, "dayofyear": 0.0, "dcoilwtico": 0.0, "dcoilwtico_lag_1": 1.0, "dcoilwtico_lag_2": 0.0, "dcoilwtico_lag_3": 1.0, "dcoilwtico_lag_4": 1.0, "dcoilwtico_lag_5": 0.0, "dcoilwtico_lag_6": 1.0, "dcoilwtico_lag_7": 0.0, "event": 0.0, "holiday": 0.0, "holiday_description": 0.0, "month": 0.2660601778603379, "onpromotion": 1.0, "onpromotion_lag_1": 1.0, "onpromotion_lag_2": 0.0, "onpromotion_lag_3": 0.0, "onpromotion_lag_4": 0.0, "onpromotion_lag_5": 1.0, "onpromotion_lag_6": 0.0, "onpromotion_lag_7": 1.0, "payday": 1.0, "promo_last_7_days": 1.0, "sales_one_year_lag": 1.0, "state": 1.0, "time_since_quake": 0.0, "time_since_quake_sq": 0.0, "total_other_city_promo": 0.0, "total_other_promo_store": 1.0, "type": 0.2536459586236369, "workday": 0.0, "year": 0.0}, "datetime": {"datetime": "2024-02-27 15:28:26", "elapsed": 24876.680525, "delta": 209.730659}}
{"target": -0.7511784072500755, "params": {"Change_in_oil_prices": 1.0, "city": 1.0, "day": 0.0, "dayofyear": 0.0, "dcoilwtico": 0.0, "dcoilwtico_lag_1": 1.0, "dcoilwtico_lag_2": 0.0, "dcoilwtico_lag_3": 0.0, "dcoilwtico_lag_4": 0.0, "dcoilwtico_lag_5": 1.0, "dcoilwtico_lag_6": 0.0, "dcoilwtico_lag_7": 0.0, "event": 0.0, "holiday": 0.0, "holiday_description": 0.0, "month": 1.0, "onpromotion": 1.0, "onpromotion_lag_1": 1.0, "onpromotion_lag_2": 1.0, "onpromotion_lag_3": 0.0, "onpromotion_lag_4": 0.0, "onpromotion_lag_5": 1.0, "onpromotion_lag_6": 0.0, "onpromotion_lag_7": 0.0, "payday": 1.0, "promo_last_7_days": 1.0, "sales_one_year_lag": 1.0, "state": 1.0, "time_since_quake": 0.0, "time_since_quake_sq": 0.0, "total_other_city_promo": 0.0, "total_other_promo_store": 1.0, "type": 1.0, "workday": 0.0, "year": 1.0}, "datetime": {"datetime": "2024-02-27 15:32:40", "elapsed": 25130.744777, "delta": 254.064252}}
