{"target": -0.7285271825746802, "params": {"Change_in_oil_prices": 1.0, "city": 1.0, "day": 1.0, "dayofyear": 0.0, "dcoilwtico": 0.0, "dcoilwtico_lag_1": 0.0, "dcoilwtico_lag_2": 0.0, "dcoilwtico_lag_3": 0.0, "dcoilwtico_lag_4": 1.0, "dcoilwtico_lag_5": 0.0, "dcoilwtico_lag_6": 0.0, "dcoilwtico_lag_7": 0.0, "event": 0.0, "holiday": 0.0, "holiday_description": 0.0, "month": 1.0, "onpromotion": 1.0, "onpromotion_lag_1": 0.0, "onpromotion_lag_2": 1.0, "onpromotion_lag_3": 0.0, "onpromotion_lag_4": 0.0, "onpromotion_lag_5": 0.0, "onpromotion_lag_6": 0.0, "onpromotion_lag_7": 0.0, "payday": 1.0, "promo_last_7_days": 1.0, "sales_one_year_lag": 1.0, "state": 1.0, "time_since_quake": 0.0, "time_since_quake_sq": 0.0, "total_other_city_promo": 0.0, "total_other_promo_store": 1.0, "type": 0.0, "workday": 0.0, "year": 0.0}, "datetime": {"datetime": "2024-02-27 15:36:41", "elapsed": 25371.832178, "delta": 241.087401}}
{"target": -0.7529608076543521, "params": {"Change_in_oil_prices": 0.0, "city": 1.0, "day": 1.0, "dayofyear": 0.0, "dcoilwtico": 0.0, "dcoilwtico_lag_1": 1.0, "dcoilwtico_lag_2": 0.0, "dcoilwtico_lag_3": 1.0, "dcoilwtico_lag_4": 1.0, "dcoilwtico_lag_5": 1.0, "dcoilwtico_lag_6": 0.0, "dcoilwtico_lag_7": 0.0, "event": 0.0, "holiday": 0.0, "holiday_description": 0.0, "month": 1.0, "onpromotion": 1.0, "onpromotion_lag_1": 0.0, "onpromotion_lag_2": 0.0, "onpromotion_lag_3": 0.0, "onpromotion_lag_4": 1.0, "onpromotion_lag_5": 0.0, "onpromotion_lag_6": 1.0, "onpromotion_lag_7": 1.0, "payday": 1.0, "promo_last_7_days": 1.0, "sales_one_year_lag": 1.0, "state": 1.0, "time_since_quake": 0.0, "time_since_quake_sq": 0.0, "total_other_city_promo": 0.0, "total_other_promo_store": 1.0, "type": 0.0, "workday": 0.0, "year": 0.0}, "datetime": {"datetime": "2024-02-27 15:40:46", "elapsed": 25616.842577, "delta": 245.010399}}
{"target": -0.7558815934259921, "params": {"Change_in_oil_prices": 1.0, "city": 1.0, "day": 0.0, "dayofyear": 0.0, "dcoilwtico": 0.0, "dcoilwtico_lag_1": 1.0, "dcoilwtico_lag_2": 0.0, "dcoilwtico_lag_3": 1.0, "dcoilwtico_lag_4": 1.0, "dcoilwtico_lag_5": 1.0, "dcoilwtico_lag_6": 1.0, "dcoilwtico_lag_7": 0.0, "event": 0.0, "holiday": 1.0, "holiday_description": 0.0, "month": 0.0, "onpromotion": 0.0, "onpromotion_lag_1": 0.0, "onpromotion_lag_2": 1.0, "onpromotion_lag_3": 0.0, "onpromotion_lag_4": 1.0, "onpromotion_lag_5": 1.0, "onpromotion_lag_6": 0.0, "onpromotion_lag_7": 0.0, "payday": 1.0, "promo_last_7_days": 1.0, "sales_one_year_lag": 1.0, "state": 1.0, "time_since_quake": 0.0, "time_since_quake_sq": 0.0, "total_other_city_promo": 0.0, "total_other_promo_store": 1.0, "type": 0.0, "workday": 0.0, "year": 0.0}, "datetime": {"datetime": "2024-02-27 15:44:49", "elapsed": 25859.507911, "delta": 242.665334}}
{"target": -0.7378574126281806, "params": {"Change_in_oil_prices": 1.0, "city": 1.0, "day": 0.0, "dayofyear": 0.0, "dcoilwtico": 0.0, "dcoilwtico_lag_1": 1.0, "dcoilwtico_lag_2": 1.0, "dcoilwtico_lag_3": 0.0, "dcoilwtico_lag_4": 0.0, "dcoilwtico_lag_5": 0.0, "dcoilwtico_lag_6": 0.0, "dcoilwtico_lag_7": 0.0, "event": 0.0, "holiday": 1.0, "holiday_description": 0.0, "month": 1.0, "onpromotion": 1.0, "onpromotion_lag_1": 0.0, "onpromotion_lag_2": 0.0, "onpromotion_lag_3": 0.0, "onpromotion_lag_4": 0.0, "onpromotion_lag_5": 0.0, "onpromotion_lag_6": 0.0, "onpromotion_lag_7": 1.0, "payday": 1.0, "promo_last_7_days": 1.0, "sales_one_year_lag": 1.0, "state": 1.0, "time_since_quake": 0.0, "time_since_quake_sq": 0.0, "total_other_city_promo": 0.0, "total_other_promo_store": 1.0, "type": 1.0, "workday": 0.0, "year": 0.0}, "datetime": {"datetime": "2024-02-27 15:48:59", "elapsed": 26110.178641, "delta": 250.67073}}
{"target": -0.739485115722515, "params": {"Change_in_oil_prices": 1.0, "city": 1.0, "day": 1.0, "dayofyear": 0.0, "dcoilwtico": 1.0, "dcoilwtico_lag_1": 1.0, "dcoilwtico_lag_2": 0.0, "dcoilwtico_lag_3": 0.0, "dcoilwtico_lag_4": 1.0, "dcoilwtico_lag_5": 0.0, "dcoilwtico_lag_6": 1.0, "dcoilwtico_lag_7": 0.0, "event": 0.0, "holiday": 0.0, "holiday_description": 0.0, "month": 1.0, "onpromotion": 1.0, "onpromotion_lag_1": 0.0, "onpromotion_lag_2": 1.0, "onpromotion_lag_3": 0.0, "onpromotion_lag_4": 0.0, "onpromotion_lag_5": 0.0, "onpromotion_lag_6": 0.0, "onpromotion_lag_7": 1.0, "payday": 0.0, "promo_last_7_days": 1.0, "sales_one_year_lag": 1.0, "state": 1.0, "time_since_quake": 0.0, "time_since_quake_sq": 0.0, "total_other_city_promo": 1.0, "total_other_promo_store": 1.0, "type": 1.0, "workday": 0.0, "year": 0.0}, "datetime": {"datetime": "2024-02-27 15:53:10", "elapsed": 26360.924393, "delta": 250.745752}}
{"target": -0.7281108130464132, "params": {"Change_in_oil_prices": 1.0, "city": 1.0, "day": 0.0, "dayofyear": 0.0, "dcoilwtico": 1.0, "dcoilwtico_lag_1": 1.0, "dcoilwtico_lag_2": 0.0, "dcoilwtico_lag_3": 0.0, "dcoilwtico_lag_4": 1.0, "dcoilwtico_lag_5": 0.0, "dcoilwtico_lag_6": 0.0, "dcoilwtico_lag_7": 0.0, "event": 0.0, "holiday": 0.0, "holiday_description": 0.0, "month": 1.0, "onpromotion": 1.0, "onpromotion_lag_1": 0.0, "onpromotion_lag_2": 0.0, "onpromotion_lag_3": 0.0, "onpromotion_lag_4": 0.0, "onpromotion_lag_5": 1.0, "onpromotion_lag_6": 0.0, "onpromotion_lag_7": 1.0, "payday": 1.0, "promo_last_7_days": 1.0, "sales_one_year_lag": 1.0, "state": 1.0, "time_since_quake": 0.0, "time_since_quake_sq": 0.0, "total_other_city_promo": 1.0, "total_other_promo_store": 1.0, "type": 0.0, "workday": 0.0, "year": 1.0}, "datetime": {"datetime": "2024-02-27 15:57:15", "elapsed": 26605.723743, "delta": 244.79935}}
