{"target": -1.4419831195275712, "params": {"gamma": 5.08511002351287, "learning_rate": 0.7203272901972236, "max_depth": 3.001029373356104, "n_estimators": 151.16628631591988, "subsample": 0.1468412152280313}, "datetime": {"datetime": "2024-02-23 14:06:43", "elapsed": 0.0, "delta": 0.0}}
{"target": -0.8550971410672522, "params": {"gamma": 3.4616929738439888, "learning_rate": 0.18626834877555715, "max_depth": 6.11004654338743, "n_estimators": 198.38373711533498, "subsample": 0.5388628523299566}, "datetime": {"datetime": "2024-02-23 14:06:51", "elapsed": 7.803683, "delta": 7.803683}}
{"target": -3.643391003837319, "params": {"gamma": 5.095972572016474, "learning_rate": 0.6852226482017555, "max_depth": 4.8400702475836574, "n_estimators": 439.0587181954727, "subsample": 0.02748485443860637}, "datetime": {"datetime": "2024-02-23 14:07:01", "elapsed": 17.799506, "delta": 9.995823}}
{"target": -1.0097909350793444, "params": {"gamma": 6.3523375508920115, "learning_rate": 0.41731062931910334, "max_depth": 8.028208456011765, "n_estimators": 70.19346929761689, "subsample": 0.1981816789359703}, "datetime": {"datetime": "2024-02-23 14:07:07", "elapsed": 23.621003, "delta": 5.821497}}
{"target": -1.2146440431297185, "params": {"gamma": 7.003722843377683, "learning_rate": 0.9682618931036403, "max_depth": 5.820817603433186, "n_estimators": 346.16130783465707, "subsample": 0.8764015133808087}, "datetime": {"datetime": "2024-02-23 14:07:16", "elapsed": 33.279209, "delta": 9.658206}}
{"target": -1.3066067515222912, "params": {"gamma": 7.473033317519237, "learning_rate": 0.08505336092766422, "max_depth": 3.351493049095941, "n_estimators": 84.91520978228445, "subsample": 0.8781546891790702}, "datetime": {"datetime": "2024-02-23 14:07:21", "elapsed": 37.721452, "delta": 4.442243}}
{"target": -0.867867301583807, "params": {"gamma": 3.4917341691652504, "learning_rate": 0.42111341392880214, "max_depth": 11.621005771354518, "n_estimators": 266.5826424865085, "subsample": 0.6919079262390783}, "datetime": {"datetime": "2024-02-23 14:08:09", "elapsed": 85.873728, "delta": 48.152276}}
{"target": -0.7484534679200451, "params": {"gamma": 4.577578155030315, "learning_rate": 0.6865040626723068, "max_depth": 10.511631047076357, "n_estimators": 9.144138672095902, "subsample": 0.750169300513473}, "datetime": {"datetime": "2024-02-23 14:08:13", "elapsed": 90.216426, "delta": 4.342698}}
{"target": -2.536856486820604, "params": {"gamma": 7.944305444532474, "learning_rate": 0.7481681727232956, "max_depth": 5.523995928579646, "n_estimators": 394.63966422574424, "subsample": 0.10331568397698426}, "datetime": {"datetime": "2024-02-23 14:08:24", "elapsed": 100.657975, "delta": 10.441549}}
{"target": -1.6702815383798413, "params": {"gamma": 5.239467630879526, "learning_rate": 0.9085964171380646, "max_depth": 5.642527335363115, "n_estimators": 143.88766929317438, "subsample": 0.13011556926106585}, "datetime": {"datetime": "2024-02-23 14:08:30", "elapsed": 106.745981, "delta": 6.088006}}
{"target": -1.1663579356745273, "params": {"gamma": 3.0968347893514854, "learning_rate": 0.6788387445845615, "max_depth": 4.904653044000531, "n_estimators": 132.7733296861131, "subsample": 0.49162400196441025}, "datetime": {"datetime": "2024-02-23 14:08:35", "elapsed": 112.298543, "delta": 5.552562}}
{"target": -1.0395119964441208, "params": {"gamma": 3.266812725585402, "learning_rate": 0.5741218643159581, "max_depth": 4.320557174152292, "n_estimators": 294.65276845164215, "subsample": 0.6997883841849291}, "datetime": {"datetime": "2024-02-23 14:08:44", "elapsed": 120.492253, "delta": 8.19371}}
{"target": -1.9595358226926745, "params": {"gamma": 3.511672144139129, "learning_rate": 0.41406184725969014, "max_depth": 9.249601419549705, "n_estimators": 207.08963476345133, "subsample": 0.05004846360019256}, "datetime": {"datetime": "2024-02-23 14:08:55", "elapsed": 132.189596, "delta": 11.697343}}
{"target": -1.0724788249323303, "params": {"gamma": 5.679482029577558, "learning_rate": 0.6637980072733366, "max_depth": 7.634002008524777, "n_estimators": 472.2973779954067, "subsample": 0.5865963849979428}, "datetime": {"datetime": "2024-02-23 14:09:12", "elapsed": 149.235861, "delta": 17.046265}}
{"target": -1.0103104357685733, "params": {"gamma": 7.517009576439418, "learning_rate": 0.13748332939919608, "max_depth": 4.253487125256827, "n_estimators": 403.6956443547619, "subsample": 0.397737069301835}, "datetime": {"datetime": "2024-02-23 14:09:22", "elapsed": 158.877773, "delta": 9.641912}}
{"target": -1.1996429235718677, "params": {"gamma": 3.826770985584664, "learning_rate": 0.9275093053102299, "max_depth": 6.129892737709559, "n_estimators": 375.40605156807777, "subsample": 0.7260253855519164}, "datetime": {"datetime": "2024-02-23 14:09:34", "elapsed": 170.874021, "delta": 11.996248}}
{"target": -1.2557663345234558, "params": {"gamma": 7.416530456029049, "learning_rate": 0.6236759703335383, "max_depth": 9.758481906246034, "n_estimators": 174.44917098892125, "subsample": 0.27000089897584956}, "datetime": {"datetime": "2024-02-23 14:09:46", "elapsed": 183.03954, "delta": 12.165519}}
{"target": -0.9066881786589361, "params": {"gamma": 7.479431090980334, "learning_rate": 0.4280969089593962, "max_depth": 11.68356042433547, "n_estimators": 331.720748909224, "subsample": 0.6217335506371009}, "datetime": {"datetime": "2024-02-23 14:10:45", "elapsed": 241.983227, "delta": 58.943687}}
{"target": -1.4700807982403503, "params": {"gamma": 3.573729864766876, "learning_rate": 0.9494897638144841, "max_depth": 7.0492092013194645, "n_estimators": 289.1948071935659, "subsample": 0.408195989081005}, "datetime": {"datetime": "2024-02-23 14:10:57", "elapsed": 253.387823, "delta": 11.404596}}
{"target": -0.8822482871048632, "params": {"gamma": 4.185134901215139, "learning_rate": 0.9033804867670482, "max_depth": 8.163115380050574, "n_estimators": 1.435163515579485, "subsample": 0.6171831991293618}, "datetime": {"datetime": "2024-02-23 14:11:00", "elapsed": 257.237528, "delta": 3.849705}}
{"target": -1.0287724106994318, "params": {"gamma": 3.6247624650458743, "learning_rate": 0.7264380226143168, "max_depth": 6.387632876105323, "n_estimators": 375.6114082249983, "subsample": 0.8032104978456384}, "datetime": {"datetime": "2024-02-23 14:11:12", "elapsed": 269.259995, "delta": 12.022467}}
{"target": -0.8487222541403593, "params": {"gamma": 3.9153915396939203, "learning_rate": 0.11323946295911243, "max_depth": 9.949779548357087, "n_estimators": 6.254658689094028, "subsample": 0.3380542822242874}, "datetime": {"datetime": "2024-02-23 14:11:16", "elapsed": 273.271605, "delta": 4.01161}}
{"target": -1.3297146374061197, "params": {"gamma": 3.2421935333163647, "learning_rate": 0.6685803778326768, "max_depth": 9.308184057056938, "n_estimators": 378.67169742317503, "subsample": 0.36557916207375196}, "datetime": {"datetime": "2024-02-23 14:11:42", "elapsed": 298.805381, "delta": 25.533776}}
{"target": -0.9646584119489837, "params": {"gamma": 6.962860483173167, "learning_rate": 1.0, "max_depth": 8.432643628978008, "n_estimators": 7.3469564974139905, "subsample": 1.0}, "datetime": {"datetime": "2024-02-23 14:11:46", "elapsed": 303.07239, "delta": 4.267009}}
{"target": -1.2058082440235682, "params": {"gamma": 3.0, "learning_rate": 1.0, "max_depth": 7.054259253606568, "n_estimators": 9.058663599160594, "subsample": 0.13827028714467185}, "datetime": {"datetime": "2024-02-23 14:11:50", "elapsed": 307.217848, "delta": 4.145458}}
{"target": -0.769167870440871, "params": {"gamma": 6.553860888707436, "learning_rate": 1.0, "max_depth": 12.0, "n_estimators": 4.004886234103612, "subsample": 1.0}, "datetime": {"datetime": "2024-02-23 14:11:55", "elapsed": 311.655892, "delta": 4.438044}}
{"target": -4.017694302167393, "params": {"gamma": 7.909718293059254, "learning_rate": 0.23034350680719962, "max_depth": 11.811879654813723, "n_estimators": 0.1123500908211672, "subsample": 0.60645849444808}, "datetime": {"datetime": "2024-02-23 14:11:59", "elapsed": 315.498559, "delta": 3.842667}}
{"target": -0.6894366143680727, "params": {"gamma": 7.038088942962412, "learning_rate": 0.5011608898043668, "max_depth": 11.562454454018605, "n_estimators": 6.30292685274525, "subsample": 0.5937660535918798}, "datetime": {"datetime": "2024-02-23 14:12:03", "elapsed": 320.145411, "delta": 4.646852}}
{"target": -0.70418299235468, "params": {"gamma": 7.738109368370719, "learning_rate": 0.1553875962294172, "max_depth": 10.616754812435506, "n_estimators": 9.917486997274573, "subsample": 0.40113619141240264}, "datetime": {"datetime": "2024-02-23 14:12:08", "elapsed": 324.582744, "delta": 4.437333}}
{"target": -0.8487852266493973, "params": {"gamma": 5.924078006744767, "learning_rate": 1.0, "max_depth": 12.0, "n_estimators": 12.240578562486508, "subsample": 1.0}, "datetime": {"datetime": "2024-02-23 14:12:14", "elapsed": 330.90394, "delta": 6.321196}}
{"target": -0.8163292480560874, "params": {"gamma": 7.19519236112978, "learning_rate": 0.12352465936527128, "max_depth": 8.180061715867588, "n_estimators": 12.092225835091842, "subsample": 0.9305194690614255}, "datetime": {"datetime": "2024-02-23 14:12:18", "elapsed": 335.207222, "delta": 4.303282}}
{"target": -3.957320982961722, "params": {"gamma": 3.3309634438658264, "learning_rate": 1e-05, "max_depth": 9.307333710664693, "n_estimators": 13.63643604488562, "subsample": 1.0}, "datetime": {"datetime": "2024-02-23 14:12:23", "elapsed": 339.694124, "delta": 4.486902}}
{"target": -0.928792880810952, "params": {"gamma": 5.770040138784532, "learning_rate": 0.576295013173023, "max_depth": 7.991207779306005, "n_estimators": 4.415576380227215, "subsample": 0.8380823547656747}, "datetime": {"datetime": "2024-02-23 14:12:27", "elapsed": 343.934677, "delta": 4.240553}}
{"target": -0.7222049008080464, "params": {"gamma": 4.526222496500067, "learning_rate": 0.7570104821990584, "max_depth": 11.81577966416981, "n_estimators": 5.075994076838231, "subsample": 0.8927572098369828}, "datetime": {"datetime": "2024-02-23 14:12:32", "elapsed": 348.544356, "delta": 4.609679}}
{"target": -2.127873586062547, "params": {"gamma": 3.0, "learning_rate": 1.0, "max_depth": 5.503568508347528, "n_estimators": 3.55634288015116, "subsample": 0.0001}, "datetime": {"datetime": "2024-02-23 14:12:35", "elapsed": 352.26686, "delta": 3.722504}}
{"target": -3.589284568392324, "params": {"gamma": 8.0, "learning_rate": 1.0, "max_depth": 10.800856063227448, "n_estimators": 12.672759627687363, "subsample": 0.0001}, "datetime": {"datetime": "2024-02-23 14:12:40", "elapsed": 356.617699, "delta": 4.350839}}
{"target": -0.6994926521375225, "params": {"gamma": 5.630900495008185, "learning_rate": 0.3555153940273014, "max_depth": 10.704278682237607, "n_estimators": 7.1272296357755565, "subsample": 0.8739426266380628}, "datetime": {"datetime": "2024-02-23 14:12:44", "elapsed": 361.202994, "delta": 4.585295}}
{"target": -0.9538673875288518, "params": {"gamma": 5.79924435223937, "learning_rate": 0.9665362301739203, "max_depth": 10.040360051701702, "n_estimators": 5.1678336709636845, "subsample": 0.16048620697335292}, "datetime": {"datetime": "2024-02-23 14:12:49", "elapsed": 365.455047, "delta": 4.252053}}
{"target": -0.7732771108405874, "params": {"gamma": 6.300542083606862, "learning_rate": 0.36510280249766763, "max_depth": 9.010541643558575, "n_estimators": 9.329883855250964, "subsample": 0.15031426210818297}, "datetime": {"datetime": "2024-02-23 14:12:53", "elapsed": 369.642817, "delta": 4.18777}}
{"target": -0.7323513122678572, "params": {"gamma": 7.4504985652706885, "learning_rate": 0.5462643690471933, "max_depth": 11.827798133840952, "n_estimators": 8.287621367917442, "subsample": 0.39776796365489325}, "datetime": {"datetime": "2024-02-23 14:12:58", "elapsed": 374.693381, "delta": 5.050564}}
{"target": -3.969653549102842, "params": {"gamma": 8.0, "learning_rate": 1e-05, "max_depth": 7.0641363277473355, "n_estimators": 10.112560454813984, "subsample": 1.0}, "datetime": {"datetime": "2024-02-23 14:13:02", "elapsed": 378.989746, "delta": 4.296365}}
{"target": -0.6693915349855349, "params": {"gamma": 5.259918532973015, "learning_rate": 0.20619154186281216, "max_depth": 11.918610783931747, "n_estimators": 9.158796550937431, "subsample": 0.31514309327631407}, "datetime": {"datetime": "2024-02-23 14:13:07", "elapsed": 383.876407, "delta": 4.886661}}
{"target": -0.6991713798604923, "params": {"gamma": 5.5810783019806305, "learning_rate": 0.2801644317511473, "max_depth": 10.473811832429636, "n_estimators": 10.355906427875095, "subsample": 0.7209638063039518}, "datetime": {"datetime": "2024-02-23 14:13:12", "elapsed": 388.651589, "delta": 4.775182}}
{"target": -0.6686000891811915, "params": {"gamma": 3.817714029576126, "learning_rate": 0.3625283226197647, "max_depth": 11.818925416760282, "n_estimators": 7.132832399346034, "subsample": 0.8966917484334722}, "datetime": {"datetime": "2024-02-23 14:13:17", "elapsed": 393.394173, "delta": 4.742584}}
{"target": -0.8450194904455933, "params": {"gamma": 7.707688952796937, "learning_rate": 0.6199418977296849, "max_depth": 9.85899972275681, "n_estimators": 7.6933372393519495, "subsample": 0.15819699940631207}, "datetime": {"datetime": "2024-02-23 14:13:21", "elapsed": 397.587623, "delta": 4.19345}}
{"target": -1.3249377674339626, "params": {"gamma": 6.502017199417162, "learning_rate": 0.8457231733018343, "max_depth": 10.71916454596329, "n_estimators": 8.978332974033442, "subsample": 0.024532915819020392}, "datetime": {"datetime": "2024-02-23 14:13:25", "elapsed": 402.175093, "delta": 4.58747}}
{"target": -1.0364981653695928, "params": {"gamma": 3.561988396271598, "learning_rate": 0.12805368487542956, "max_depth": 10.76006823826691, "n_estimators": 3.7836983298026317, "subsample": 0.16526000712998246}, "datetime": {"datetime": "2024-02-23 14:13:30", "elapsed": 406.35301, "delta": 4.177917}}
{"target": -0.903345277941637, "params": {"gamma": 4.997538616560365, "learning_rate": 0.8575766881023104, "max_depth": 8.597870867488, "n_estimators": 7.517517858272593, "subsample": 0.7234394787003813}, "datetime": {"datetime": "2024-02-23 14:13:34", "elapsed": 410.504934, "delta": 4.151924}}
{"target": -1.2704060756821023, "params": {"gamma": 3.4799563939011224, "learning_rate": 0.920632257998723, "max_depth": 3.9539104933110263, "n_estimators": 197.2737517059439, "subsample": 0.8081179420797681}, "datetime": {"datetime": "2024-02-23 14:13:40", "elapsed": 416.740449, "delta": 6.235515}}
{"target": -3.992344379667178, "params": {"gamma": 8.0, "learning_rate": 1e-05, "max_depth": 9.763087748987761, "n_estimators": 5.34654831831106, "subsample": 1.0}, "datetime": {"datetime": "2024-02-23 14:13:44", "elapsed": 420.723156, "delta": 3.982707}}
{"target": -0.8461125336391725, "params": {"gamma": 4.750984932426974, "learning_rate": 0.6887061402986038, "max_depth": 11.632353133182301, "n_estimators": 6.645318660458699, "subsample": 0.1361359611424055}, "datetime": {"datetime": "2024-02-23 14:13:48", "elapsed": 425.288384, "delta": 4.565228}}
{"target": -0.6699299817528828, "params": {"gamma": 3.1735733177837795, "learning_rate": 0.2097011102208268, "max_depth": 11.319035176983148, "n_estimators": 9.412225432372134, "subsample": 0.38777634215973633}, "datetime": {"datetime": "2024-02-23 14:13:53", "elapsed": 430.187192, "delta": 4.898808}}
{"target": -0.6758001608302342, "params": {"gamma": 4.6946369815163145, "learning_rate": 0.2455017079644246, "max_depth": 11.579563381551397, "n_estimators": 10.837858055199433, "subsample": 0.5149174035060575}, "datetime": {"datetime": "2024-02-23 14:13:59", "elapsed": 435.47443, "delta": 5.287238}}
{"target": -0.7968843234634356, "params": {"gamma": 3.24265941035041, "learning_rate": 0.3753955014252202, "max_depth": 8.150080697167528, "n_estimators": 197.4260731418409, "subsample": 0.8223971592681897}, "datetime": {"datetime": "2024-02-23 14:14:10", "elapsed": 447.114514, "delta": 11.640084}}
{"target": -1.22001350962987, "params": {"gamma": 3.0, "learning_rate": 1.0, "max_depth": 7.914587616643444, "n_estimators": 199.61610490352444, "subsample": 1.0}, "datetime": {"datetime": "2024-02-23 14:14:20", "elapsed": 456.386362, "delta": 9.271848}}
{"target": -0.9720476083345405, "params": {"gamma": 3.515126070587319, "learning_rate": 0.5086655004439914, "max_depth": 6.968036778760778, "n_estimators": 195.77426418723758, "subsample": 0.3963816845585838}, "datetime": {"datetime": "2024-02-23 14:14:28", "elapsed": 464.436746, "delta": 8.050384}}
{"target": -3.573265886367186, "params": {"gamma": 5.381841968998684, "learning_rate": 1e-05, "max_depth": 7.329761910876604, "n_estimators": 197.5406954202506, "subsample": 0.6629588542822983}, "datetime": {"datetime": "2024-02-23 14:14:37", "elapsed": 473.931466, "delta": 9.49472}}
{"target": -0.8861410388375541, "params": {"gamma": 3.6555292117913947, "learning_rate": 0.7878848257011615, "max_depth": 8.814507382348815, "n_estimators": 4.7254993941860945, "subsample": 0.5883710260465651}, "datetime": {"datetime": "2024-02-23 14:14:41", "elapsed": 477.989752, "delta": 4.058286}}
{"target": -1.2598363632734413, "params": {"gamma": 3.118723676486507, "learning_rate": 0.8825473636279814, "max_depth": 9.441767884666543, "n_estimators": 9.644741642408361, "subsample": 0.04571245239462731}, "datetime": {"datetime": "2024-02-23 14:14:45", "elapsed": 482.305705, "delta": 4.315953}}
{"target": -0.8423709976418505, "params": {"gamma": 4.8981145035238445, "learning_rate": 1.0, "max_depth": 9.64849138745479, "n_estimators": 3.090798890452916, "subsample": 1.0}, "datetime": {"datetime": "2024-02-23 14:14:50", "elapsed": 486.600582, "delta": 4.294877}}
{"target": -2.044213297644274, "params": {"gamma": 3.734715847198812, "learning_rate": 0.5472183979146785, "max_depth": 11.868178761019443, "n_estimators": 268.8054176089282, "subsample": 0.12311152748432247}, "datetime": {"datetime": "2024-02-23 14:15:11", "elapsed": 507.562399, "delta": 20.961817}}
{"target": -0.9937689453405512, "params": {"gamma": 3.4135151633000422, "learning_rate": 0.6424593691522218, "max_depth": 9.78270694429654, "n_estimators": 265.24904736807844, "subsample": 0.7439644391600374}, "datetime": {"datetime": "2024-02-23 14:15:31", "elapsed": 528.110615, "delta": 20.548216}}
{"target": -1.2271568043282417, "params": {"gamma": 3.0, "learning_rate": 1.0, "max_depth": 9.169656743070306, "n_estimators": 195.70696789649358, "subsample": 0.8831900074221677}, "datetime": {"datetime": "2024-02-23 14:15:47", "elapsed": 544.215795, "delta": 16.10518}}
{"target": -3.9703111827055726, "params": {"gamma": 6.541681127649364, "learning_rate": 1e-05, "max_depth": 12.0, "n_estimators": 10.324047675995116, "subsample": 1.0}, "datetime": {"datetime": "2024-02-23 14:15:53", "elapsed": 549.772988, "delta": 5.557193}}
{"target": -0.7970886330773327, "params": {"gamma": 5.901115038638675, "learning_rate": 0.7803131447951842, "max_depth": 11.746010942138474, "n_estimators": 7.721590364947795, "subsample": 0.32029327984878625}, "datetime": {"datetime": "2024-02-23 14:15:58", "elapsed": 554.397482, "delta": 4.624494}}
{"target": -0.7386384378309218, "params": {"gamma": 3.66464198651593, "learning_rate": 0.5798840479647442, "max_depth": 10.654961552996511, "n_estimators": 8.090316883743565, "subsample": 0.782957082230985}, "datetime": {"datetime": "2024-02-23 14:16:02", "elapsed": 558.913422, "delta": 4.51594}}
{"target": -0.7149503246934655, "params": {"gamma": 5.806789532719936, "learning_rate": 0.7201261306210576, "max_depth": 11.292986035662674, "n_estimators": 5.767012391252657, "subsample": 0.9825765309967115}, "datetime": {"datetime": "2024-02-23 14:16:07", "elapsed": 563.449219, "delta": 4.535797}}
{"target": -0.7899044790306669, "params": {"gamma": 4.353513319754392, "learning_rate": 0.832735459997564, "max_depth": 10.2925800787465, "n_estimators": 5.5500226314416645, "subsample": 0.8880542112173865}, "datetime": {"datetime": "2024-02-23 14:16:11", "elapsed": 567.758502, "delta": 4.309283}}
{"target": -0.9161699014922255, "params": {"gamma": 5.160348883686206, "learning_rate": 0.7579893126310633, "max_depth": 8.89157496726698, "n_estimators": 10.088158257297586, "subsample": 0.5525052218044891}, "datetime": {"datetime": "2024-02-23 14:16:15", "elapsed": 572.08055, "delta": 4.322048}}
{"target": -0.7894401100047833, "params": {"gamma": 3.068754624424525, "learning_rate": 0.4983422951100215, "max_depth": 11.637961717819808, "n_estimators": 6.064203662008993, "subsample": 0.07681968753966092}, "datetime": {"datetime": "2024-02-23 14:16:20", "elapsed": 576.443289, "delta": 4.362739}}
