{"target": -0.7751879157726048, "params": {"Change_in_oil_prices": 0.31252644642271404, "city": 1.0, "day": 0.0, "dayofyear": 0.0, "dcoilwtico": 0.6541587736755203, "dcoilwtico_lag_1": 1.0, "dcoilwtico_lag_2": 0.4118478964720198, "dcoilwtico_lag_3": 0.5593985576761048, "dcoilwtico_lag_4": 0.9769800570552742, "dcoilwtico_lag_5": 1.0, "dcoilwtico_lag_6": 0.7969816667103684, "dcoilwtico_lag_7": 1.0, "event": 0.14442490147244288, "holiday": 0.0, "holiday_description": 1.0, "month": 0.0, "onpromotion": 1.0, "onpromotion_lag_1": 0.0, "onpromotion_lag_2": 0.32059013043878387, "onpromotion_lag_3": 0.0, "onpromotion_lag_4": 0.0, "onpromotion_lag_5": 0.5007352001956745, "onpromotion_lag_6": 0.14980585634657262, "onpromotion_lag_7": 1.0, "payday": 0.0, "promo_last_7_days": 1.0, "sales_one_year_lag": 0.2587603677991234, "state": 1.0, "time_since_quake": 0.0, "time_since_quake_sq": 0.0, "total_other_city_promo": 0.5557658480411729, "total_other_promo_store": 1.0, "type": 0.0, "workday": 0.0, "year": 0.18420061394277382}, "datetime": {"datetime": "2024-02-27 12:15:38", "elapsed": 13308.707371, "delta": 300.281177}}
{"target": -0.7504594070633012, "params": {"Change_in_oil_prices": 1.0, "city": 1.0, "day": 1.0, "dayofyear": 0.0, "dcoilwtico": 0.0, "dcoilwtico_lag_1": 1.0, "dcoilwtico_lag_2": 0.0, "dcoilwtico_lag_3": 0.0, "dcoilwtico_lag_4": 0.3433750066067491, "dcoilwtico_lag_5": 1.0, "dcoilwtico_lag_6": 0.3426733762290909, "dcoilwtico_lag_7": 1.0, "event": 0.0, "holiday": 1.0, "holiday_description": 1.0, "month": 0.0, "onpromotion": 0.09403440823463494, "onpromotion_lag_1": 0.0, "onpromotion_lag_2": 1.0, "onpromotion_lag_3": 0.0, "onpromotion_lag_4": 0.5493769652658803, "onpromotion_lag_5": 0.0, "onpromotion_lag_6": 0.0, "onpromotion_lag_7": 0.0, "payday": 1.0, "promo_last_7_days": 1.0, "sales_one_year_lag": 1.0, "state": 1.0, "time_since_quake": 0.0, "time_since_quake_sq": 0.0, "total_other_city_promo": 0.0, "total_other_promo_store": 1.0, "type": 0.06938146026762765, "workday": 1.0, "year": 0.99194782340047}, "datetime": {"datetime": "2024-02-27 12:20:41", "elapsed": 13612.303928, "delta": 303.596557}}
{"target": -0.7559281710255835, "params": {"Change_in_oil_prices": 1.0, "city": 1.0, "day": 1.0, "dayofyear": 0.0, "dcoilwtico": 0.6649373180384152, "dcoilwtico_lag_1": 0.0, "dcoilwtico_lag_2": 0.0, "dcoilwtico_lag_3": 0.0, "dcoilwtico_lag_4": 1.0, "dcoilwtico_lag_5": 1.0, "dcoilwtico_lag_6": 0.4944532992583726, "dcoilwtico_lag_7": 0.5448801964222988, "event": 1.0, "holiday": 1.0, "holiday_description": 1.0, "month": 0.0, "onpromotion": 1.0, "onpromotion_lag_1": 0.0, "onpromotion_lag_2": 1.0, "onpromotion_lag_3": 0.0, "onpromotion_lag_4": 0.0, "onpromotion_lag_5": 0.0, "onpromotion_lag_6": 0.5578258043878156, "onpromotion_lag_7": 1.0, "payday": 1.0, "promo_last_7_days": 1.0, "sales_one_year_lag": 1.0, "state": 1.0, "time_since_quake": 0.0, "time_since_quake_sq": 0.0, "total_other_city_promo": 0.0, "total_other_promo_store": 1.0, "type": 0.6977317394465472, "workday": 1.0, "year": 1.0}, "datetime": {"datetime": "2024-02-27 12:26:06", "elapsed": 13937.242446, "delta": 324.938518}}
{"target": -0.762369082173764, "params": {"Change_in_oil_prices": 1.0, "city": 1.0, "day": 0.0, "dayofyear": 0.0, "dcoilwtico": 0.0, "dcoilwtico_lag_1": 1.0, "dcoilwtico_lag_2": 0.0, "dcoilwtico_lag_3": 0.0, "dcoilwtico_lag_4": 0.158116187001922, "dcoilwtico_lag_5": 1.0, "dcoilwtico_lag_6": 0.0056570843604332325, "dcoilwtico_lag_7": 0.45375413009067106, "event": 0.0, "holiday": 1.0, "holiday_description": 1.0, "month": 1.0, "onpromotion": 1.0, "onpromotion_lag_1": 0.0, "onpromotion_lag_2": 1.0, "onpromotion_lag_3": 0.0, "onpromotion_lag_4": 0.0, "onpromotion_lag_5": 0.0, "onpromotion_lag_6": 0.6950130945275496, "onpromotion_lag_7": 1.0, "payday": 1.0, "promo_last_7_days": 1.0, "sales_one_year_lag": 1.0, "state": 1.0, "time_since_quake": 0.0, "time_since_quake_sq": 0.0, "total_other_city_promo": 0.6658626064761057, "total_other_promo_store": 1.0, "type": 0.6003053620383538, "workday": 1.0, "year": 0.13384535545923468}, "datetime": {"datetime": "2024-02-27 12:31:25", "elapsed": 14255.777292, "delta": 318.534846}}
{"target": -0.7513335380358995, "params": {"Change_in_oil_prices": 1.0, "city": 1.0, "day": 0.15501746563227187, "dayofyear": 0.0, "dcoilwtico": 1.0, "dcoilwtico_lag_1": 1.0, "dcoilwtico_lag_2": 0.0, "dcoilwtico_lag_3": 0.7402954752375798, "dcoilwtico_lag_4": 1.0, "dcoilwtico_lag_5": 0.004195758895765432, "dcoilwtico_lag_6": 1.0, "dcoilwtico_lag_7": 0.15423933864979686, "event": 0.0, "holiday": 0.9737219711185569, "holiday_description": 1.0, "month": 0.0, "onpromotion": 0.0, "onpromotion_lag_1": 0.0, "onpromotion_lag_2": 0.0, "onpromotion_lag_3": 0.0, "onpromotion_lag_4": 0.9826860882894245, "onpromotion_lag_5": 0.0, "onpromotion_lag_6": 0.0, "onpromotion_lag_7": 1.0, "payday": 1.0, "promo_last_7_days": 1.0, "sales_one_year_lag": 1.0, "state": 1.0, "time_since_quake": 0.0, "time_since_quake_sq": 0.0, "total_other_city_promo": 0.0, "total_other_promo_store": 1.0, "type": 1.0, "workday": 1.0, "year": 1.0}, "datetime": {"datetime": "2024-02-27 12:36:37", "elapsed": 14567.863244, "delta": 312.085952}}
{"target": -0.7719018169084557, "params": {"Change_in_oil_prices": 1.0, "city": 1.0, "day": 1.0, "dayofyear": 0.0, "dcoilwtico": 1.0, "dcoilwtico_lag_1": 1.0, "dcoilwtico_lag_2": 0.0, "dcoilwtico_lag_3": 0.0, "dcoilwtico_lag_4": 0.5789931557658401, "dcoilwtico_lag_5": 0.0, "dcoilwtico_lag_6": 1.0, "dcoilwtico_lag_7": 0.8286083258941038, "event": 0.0, "holiday": 0.0, "holiday_description": 1.0, "month": 0.0, "onpromotion": 0.2308677229575524, "onpromotion_lag_1": 0.0, "onpromotion_lag_2": 1.0, "onpromotion_lag_3": 0.0, "onpromotion_lag_4": 0.46836356368828425, "onpromotion_lag_5": 1.0, "onpromotion_lag_6": 0.0, "onpromotion_lag_7": 1.0, "payday": 1.0, "promo_last_7_days": 1.0, "sales_one_year_lag": 0.0, "state": 1.0, "time_since_quake": 0.0, "time_since_quake_sq": 0.0, "total_other_city_promo": 0.09416351908663498, "total_other_promo_store": 1.0, "type": 0.1931092280369864, "workday": 1.0, "year": 1.0}, "datetime": {"datetime": "2024-02-27 12:41:40", "elapsed": 14870.713428, "delta": 302.850184}}
{"target": -0.7463925687047761, "params": {"Change_in_oil_prices": 1.0, "city": 1.0, "day": 0.808826916542184, "dayofyear": 0.0, "dcoilwtico": 0.0, "dcoilwtico_lag_1": 0.0, "dcoilwtico_lag_2": 0.0, "dcoilwtico_lag_3": 1.0, "dcoilwtico_lag_4": 0.07025251725233926, "dcoilwtico_lag_5": 1.0, "dcoilwtico_lag_6": 1.0, "dcoilwtico_lag_7": 0.0, "event": 0.0, "holiday": 1.0, "holiday_description": 1.0, "month": 0.0, "onpromotion": 0.8800769759841083, "onpromotion_lag_1": 0.0, "onpromotion_lag_2": 1.0, "onpromotion_lag_3": 0.0, "onpromotion_lag_4": 1.0, "onpromotion_lag_5": 0.0, "onpromotion_lag_6": 1.0, "onpromotion_lag_7": 0.028720707404984343, "payday": 1.0, "promo_last_7_days": 1.0, "sales_one_year_lag": 1.0, "state": 1.0, "time_since_quake": 0.0, "time_since_quake_sq": 0.0, "total_other_city_promo": 0.0, "total_other_promo_store": 1.0, "type": 1.0, "workday": 1.0, "year": 0.0}, "datetime": {"datetime": "2024-02-27 12:46:58", "elapsed": 15188.641652, "delta": 317.928224}}
{"target": -0.7498154968976317, "params": {"Change_in_oil_prices": 1.0, "city": 1.0, "day": 1.0, "dayofyear": 0.0, "dcoilwtico": 1.0, "dcoilwtico_lag_1": 1.0, "dcoilwtico_lag_2": 0.0, "dcoilwtico_lag_3": 0.0, "dcoilwtico_lag_4": 0.7369424445573461, "dcoilwtico_lag_5": 1.0, "dcoilwtico_lag_6": 0.0, "dcoilwtico_lag_7": 0.058135802390914204, "event": 0.0, "holiday": 0.16449797709038685, "holiday_description": 1.0, "month": 0.0, "onpromotion": 1.0, "onpromotion_lag_1": 0.0, "onpromotion_lag_2": 1.0, "onpromotion_lag_3": 0.0, "onpromotion_lag_4": 1.0, "onpromotion_lag_5": 0.0, "onpromotion_lag_6": 0.0, "onpromotion_lag_7": 1.0, "payday": 1.0, "promo_last_7_days": 1.0, "sales_one_year_lag": 1.0, "state": 1.0, "time_since_quake": 0.0, "time_since_quake_sq": 0.0, "total_other_city_promo": 0.0, "total_other_promo_store": 1.0, "type": 1.0, "workday": 0.0, "year": 0.0}, "datetime": {"datetime": "2024-02-27 12:52:11", "elapsed": 15502.099401, "delta": 313.457749}}
{"target": -0.755989707362843, "params": {"Change_in_oil_prices": 1.0, "city": 1.0, "day": 0.0, "dayofyear": 0.0, "dcoilwtico": 0.5678782049026786, "dcoilwtico_lag_1": 1.0, "dcoilwtico_lag_2": 0.0, "dcoilwtico_lag_3": 1.0, "dcoilwtico_lag_4": 0.0, "dcoilwtico_lag_5": 1.0, "dcoilwtico_lag_6": 1.0, "dcoilwtico_lag_7": 1.0, "event": 0.0, "holiday": 1.0, "holiday_description": 1.0, "month": 0.0, "onpromotion": 0.0, "onpromotion_lag_1": 1.0, "onpromotion_lag_2": 1.0, "onpromotion_lag_3": 0.0, "onpromotion_lag_4": 1.0, "onpromotion_lag_5": 0.0, "onpromotion_lag_6": 0.0, "onpromotion_lag_7": 1.0, "payday": 1.0, "promo_last_7_days": 1.0, "sales_one_year_lag": 1.0, "state": 1.0, "time_since_quake": 0.0, "time_since_quake_sq": 0.0, "total_other_city_promo": 0.0, "total_other_promo_store": 1.0, "type": 1.0, "workday": 1.0, "year": 0.0}, "datetime": {"datetime": "2024-02-27 12:57:29", "elapsed": 15819.58689, "delta": 317.487489}}
{"target": -0.7964032159516458, "params": {"Change_in_oil_prices": 1.0, "city": 1.0, "day": 1.0, "dayofyear": 0.0, "dcoilwtico": 1.0, "dcoilwtico_lag_1": 1.0, "dcoilwtico_lag_2": 0.0, "dcoilwtico_lag_3": 0.0, "dcoilwtico_lag_4": 0.6186003369043191, "dcoilwtico_lag_5": 1.0, "dcoilwtico_lag_6": 0.0, "dcoilwtico_lag_7": 1.0, "event": 0.7941628717640284, "holiday": 1.0, "holiday_description": 1.0, "month": 0.0, "onpromotion": 0.20649860302014, "onpromotion_lag_1": 0.0, "onpromotion_lag_2": 0.0, "onpromotion_lag_3": 0.0, "onpromotion_lag_4": 1.0, "onpromotion_lag_5": 0.0, "onpromotion_lag_6": 1.0, "onpromotion_lag_7": 0.0, "payday": 1.0, "promo_last_7_days": 1.0, "sales_one_year_lag": 0.0, "state": 1.0, "time_since_quake": 0.0, "time_since_quake_sq": 0.0, "total_other_city_promo": 0.0, "total_other_promo_store": 1.0, "type": 1.0, "workday": 1.0, "year": 0.0}, "datetime": {"datetime": "2024-02-27 13:02:43", "elapsed": 16134.30905, "delta": 314.72216}}
{"target": -0.7550962169546532, "params": {"Change_in_oil_prices": 1.0, "city": 1.0, "day": 1.0, "dayofyear": 0.0, "dcoilwtico": 0.0, "dcoilwtico_lag_1": 1.0, "dcoilwtico_lag_2": 0.0, "dcoilwtico_lag_3": 1.0, "dcoilwtico_lag_4": 1.0, "dcoilwtico_lag_5": 1.0, "dcoilwtico_lag_6": 1.0, "dcoilwtico_lag_7": 0.0, "event": 0.0, "holiday": 0.0, "holiday_description": 1.0, "month": 0.0, "onpromotion": 0.0, "onpromotion_lag_1": 1.0, "onpromotion_lag_2": 1.0, "onpromotion_lag_3": 0.0, "onpromotion_lag_4": 1.0, "onpromotion_lag_5": 0.0, "onpromotion_lag_6": 1.0, "onpromotion_lag_7": 1.0, "payday": 1.0, "promo_last_7_days": 1.0, "sales_one_year_lag": 1.0, "state": 1.0, "time_since_quake": 0.0, "time_since_quake_sq": 0.0, "total_other_city_promo": 0.0, "total_other_promo_store": 1.0, "type": 0.0, "workday": 1.0, "year": 1.0}, "datetime": {"datetime": "2024-02-27 13:07:57", "elapsed": 16447.387225, "delta": 313.078175}}
{"target": -0.7580795828714538, "params": {"Change_in_oil_prices": 1.0, "city": 1.0, "day": 0.0, "dayofyear": 0.0, "dcoilwtico": 0.0, "dcoilwtico_lag_1": 1.0, "dcoilwtico_lag_2": 0.0, "dcoilwtico_lag_3": 0.0, "dcoilwtico_lag_4": 1.0, "dcoilwtico_lag_5": 1.0, "dcoilwtico_lag_6": 1.0, "dcoilwtico_lag_7": 0.0, "event": 0.0, "holiday": 1.0, "holiday_description": 1.0, "month": 0.0, "onpromotion": 1.0, "onpromotion_lag_1": 1.0, "onpromotion_lag_2": 1.0, "onpromotion_lag_3": 1.0, "onpromotion_lag_4": 1.0, "onpromotion_lag_5": 0.0, "onpromotion_lag_6": 0.0, "onpromotion_lag_7": 1.0, "payday": 1.0, "promo_last_7_days": 1.0, "sales_one_year_lag": 1.0, "state": 1.0, "time_since_quake": 0.0, "time_since_quake_sq": 0.0, "total_other_city_promo": 0.0, "total_other_promo_store": 1.0, "type": 1.0, "workday": 1.0, "year": 1.0}, "datetime": {"datetime": "2024-02-27 13:13:17", "elapsed": 16768.285708, "delta": 320.898483}}
{"target": -0.7500212505320608, "params": {"Change_in_oil_prices": 1.0, "city": 1.0, "day": 1.0, "dayofyear": 0.0, "dcoilwtico": 0.0, "dcoilwtico_lag_1": 1.0, "dcoilwtico_lag_2": 0.0, "dcoilwtico_lag_3": 0.0, "dcoilwtico_lag_4": 1.0, "dcoilwtico_lag_5": 0.0, "dcoilwtico_lag_6": 1.0, "dcoilwtico_lag_7": 0.0, "event": 0.0, "holiday": 1.0, "holiday_description": 1.0, "month": 0.0, "onpromotion": 0.0, "onpromotion_lag_1": 1.0, "onpromotion_lag_2": 1.0, "onpromotion_lag_3": 0.0, "onpromotion_lag_4": 0.0, "onpromotion_lag_5": 0.0, "onpromotion_lag_6": 0.0, "onpromotion_lag_7": 1.0, "payday": 1.0, "promo_last_7_days": 1.0, "sales_one_year_lag": 1.0, "state": 1.0, "time_since_quake": 0.0, "time_since_quake_sq": 0.0, "total_other_city_promo": 0.0, "total_other_promo_store": 1.0, "type": 1.0, "workday": 0.0, "year": 0.0}, "datetime": {"datetime": "2024-02-27 13:18:28", "elapsed": 17078.766734, "delta": 310.481026}}
{"target": -0.7490795438200208, "params": {"Change_in_oil_prices": 1.0, "city": 1.0, "day": 1.0, "dayofyear": 0.0, "dcoilwtico": 1.0, "dcoilwtico_lag_1": 1.0, "dcoilwtico_lag_2": 0.0, "dcoilwtico_lag_3": 1.0, "dcoilwtico_lag_4": 0.0, "dcoilwtico_lag_5": 0.4255787756662961, "dcoilwtico_lag_6": 1.0, "dcoilwtico_lag_7": 0.0, "event": 0.0, "holiday": 0.0, "holiday_description": 1.0, "month": 0.0, "onpromotion": 1.0, "onpromotion_lag_1": 1.0, "onpromotion_lag_2": 0.0, "onpromotion_lag_3": 0.0, "onpromotion_lag_4": 0.0, "onpromotion_lag_5": 0.0, "onpromotion_lag_6": 0.0, "onpromotion_lag_7": 1.0, "payday": 1.0, "promo_last_7_days": 1.0, "sales_one_year_lag": 1.0, "state": 1.0, "time_since_quake": 0.0, "time_since_quake_sq": 0.0, "total_other_city_promo": 0.0, "total_other_promo_store": 1.0, "type": 1.0, "workday": 0.0, "year": 1.0}, "datetime": {"datetime": "2024-02-27 13:23:38", "elapsed": 17388.450754, "delta": 309.68402}}
{"target": -0.7673291693932893, "params": {"Change_in_oil_prices": 1.0, "city": 1.0, "day": 1.0, "dayofyear": 0.0, "dcoilwtico": 1.0, "dcoilwtico_lag_1": 1.0, "dcoilwtico_lag_2": 0.0, "dcoilwtico_lag_3": 1.0, "dcoilwtico_lag_4": 0.9705117873492932, "dcoilwtico_lag_5": 1.0, "dcoilwtico_lag_6": 1.0, "dcoilwtico_lag_7": 0.0, "event": 0.0, "holiday": 1.0, "holiday_description": 1.0, "month": 1.0, "onpromotion": 0.0, "onpromotion_lag_1": 0.0, "onpromotion_lag_2": 1.0, "onpromotion_lag_3": 0.0, "onpromotion_lag_4": 0.0, "onpromotion_lag_5": 0.0, "onpromotion_lag_6": 0.7182440091740074, "onpromotion_lag_7": 0.0, "payday": 1.0, "promo_last_7_days": 1.0, "sales_one_year_lag": 1.0, "state": 1.0, "time_since_quake": 0.0, "time_since_quake_sq": 0.0, "total_other_city_promo": 0.0, "total_other_promo_store": 1.0, "type": 1.0, "workday": 0.0, "year": 1.0}, "datetime": {"datetime": "2024-02-27 13:28:52", "elapsed": 17702.827347, "delta": 314.376593}}
{"target": -0.7517976550454146, "params": {"Change_in_oil_prices": 1.0, "city": 1.0, "day": 1.0, "dayofyear": 0.0, "dcoilwtico": 0.0, "dcoilwtico_lag_1": 1.0, "dcoilwtico_lag_2": 0.0, "dcoilwtico_lag_3": 1.0, "dcoilwtico_lag_4": 0.0, "dcoilwtico_lag_5": 0.0, "dcoilwtico_lag_6": 0.08311141592777126, "dcoilwtico_lag_7": 0.0, "event": 1.0, "holiday": 0.0, "holiday_description": 1.0, "month": 0.0, "onpromotion": 1.0, "onpromotion_lag_1": 0.0, "onpromotion_lag_2": 1.0, "onpromotion_lag_3": 0.0, "onpromotion_lag_4": 0.0, "onpromotion_lag_5": 0.0, "onpromotion_lag_6": 0.0, "onpromotion_lag_7": 1.0, "payday": 1.0, "promo_last_7_days": 1.0, "sales_one_year_lag": 1.0, "state": 1.0, "time_since_quake": 0.0, "time_since_quake_sq": 0.0, "total_other_city_promo": 0.0, "total_other_promo_store": 1.0, "type": 0.0, "workday": 0.0, "year": 0.0}, "datetime": {"datetime": "2024-02-27 13:34:02", "elapsed": 18012.865607, "delta": 310.03826}}
{"target": -0.7344270005369464, "params": {"Change_in_oil_prices": 0.0, "city": 1.0, "day": 1.0, "dayofyear": 0.0, "dcoilwtico": 0.0, "dcoilwtico_lag_1": 1.0, "dcoilwtico_lag_2": 0.0, "dcoilwtico_lag_3": 0.0, "dcoilwtico_lag_4": 1.0, "dcoilwtico_lag_5": 0.0, "dcoilwtico_lag_6": 0.0, "dcoilwtico_lag_7": 1.0, "event": 0.0, "holiday": 0.0, "holiday_description": 0.0, "month": 0.0, "onpromotion": 1.0, "onpromotion_lag_1": 0.0, "onpromotion_lag_2": 0.0, "onpromotion_lag_3": 0.0, "onpromotion_lag_4": 0.0, "onpromotion_lag_5": 0.0, "onpromotion_lag_6": 0.0, "onpromotion_lag_7": 1.0, "payday": 1.0, "promo_last_7_days": 1.0, "sales_one_year_lag": 1.0, "state": 1.0, "time_since_quake": 0.0, "time_since_quake_sq": 0.0, "total_other_city_promo": 0.0, "total_other_promo_store": 1.0, "type": 0.8087051722819735, "workday": 0.0, "year": 1.0}, "datetime": {"datetime": "2024-02-27 13:38:09", "elapsed": 18260.159996, "delta": 247.294389}}
{"target": -0.7587812527136224, "params": {"Change_in_oil_prices": 0.0, "city": 1.0, "day": 1.0, "dayofyear": 0.0, "dcoilwtico": 0.647507891415104, "dcoilwtico_lag_1": 1.0, "dcoilwtico_lag_2": 0.0, "dcoilwtico_lag_3": 1.0, "dcoilwtico_lag_4": 1.0, "dcoilwtico_lag_5": 0.0, "dcoilwtico_lag_6": 1.0, "dcoilwtico_lag_7": 1.0, "event": 0.0, "holiday": 1.0, "holiday_description": 0.0, "month": 0.0, "onpromotion": 1.0, "onpromotion_lag_1": 1.0, "onpromotion_lag_2": 1.0, "onpromotion_lag_3": 0.0, "onpromotion_lag_4": 0.0, "onpromotion_lag_5": 0.0, "onpromotion_lag_6": 0.0, "onpromotion_lag_7": 1.0, "payday": 1.0, "promo_last_7_days": 1.0, "sales_one_year_lag": 1.0, "state": 1.0, "time_since_quake": 0.0, "time_since_quake_sq": 0.0, "total_other_city_promo": 0.0, "total_other_promo_store": 1.0, "type": 0.13461304062984367, "workday": 1.0, "year": 1.0}, "datetime": {"datetime": "2024-02-27 13:42:26", "elapsed": 18516.558745, "delta": 256.398749}}
{"target": -0.7381305348103975, "params": {"Change_in_oil_prices": 0.0, "city": 1.0, "day": 1.0, "dayofyear": 0.0, "dcoilwtico": 0.0, "dcoilwtico_lag_1": 1.0, "dcoilwtico_lag_2": 0.0, "dcoilwtico_lag_3": 1.0, "dcoilwtico_lag_4": 1.0, "dcoilwtico_lag_5": 1.0, "dcoilwtico_lag_6": 0.44205667616310224, "dcoilwtico_lag_7": 0.0, "event": 1.0, "holiday": 0.0, "holiday_description": 0.0, "month": 0.0, "onpromotion": 1.0, "onpromotion_lag_1": 0.0, "onpromotion_lag_2": 0.0, "onpromotion_lag_3": 0.0, "onpromotion_lag_4": 0.0, "onpromotion_lag_5": 1.0, "onpromotion_lag_6": 0.0, "onpromotion_lag_7": 1.0, "payday": 1.0, "promo_last_7_days": 1.0, "sales_one_year_lag": 1.0, "state": 1.0, "time_since_quake": 0.0, "time_since_quake_sq": 0.0, "total_other_city_promo": 0.0, "total_other_promo_store": 1.0, "type": 0.0, "workday": 0.0, "year": 1.0}, "datetime": {"datetime": "2024-02-27 13:46:37", "elapsed": 18768.149971, "delta": 251.591226}}
{"target": -0.7527059151787807, "params": {"Change_in_oil_prices": 1.0, "city": 1.0, "day": 1.0, "dayofyear": 0.0, "dcoilwtico": 1.0, "dcoilwtico_lag_1": 1.0, "dcoilwtico_lag_2": 1.0, "dcoilwtico_lag_3": 0.0, "dcoilwtico_lag_4": 0.0, "dcoilwtico_lag_5": 1.0, "dcoilwtico_lag_6": 0.0, "dcoilwtico_lag_7": 1.0, "event": 1.0, "holiday": 0.0, "holiday_description": 0.0, "month": 0.0, "onpromotion": 1.0, "onpromotion_lag_1": 0.0, "onpromotion_lag_2": 0.0, "onpromotion_lag_3": 0.0, "onpromotion_lag_4": 0.0, "onpromotion_lag_5": 0.0, "onpromotion_lag_6": 0.0, "onpromotion_lag_7": 1.0, "payday": 1.0, "promo_last_7_days": 1.0, "sales_one_year_lag": 1.0, "state": 1.0, "time_since_quake": 0.0, "time_since_quake_sq": 0.0, "total_other_city_promo": 0.0, "total_other_promo_store": 1.0, "type": 0.0, "workday": 0.0, "year": 1.0}, "datetime": {"datetime": "2024-02-27 13:50:47", "elapsed": 19017.668271, "delta": 249.5183}}
{"target": -0.7448412040914151, "params": {"Change_in_oil_prices": 0.0, "city": 1.0, "day": 1.0, "dayofyear": 0.0, "dcoilwtico": 0.0, "dcoilwtico_lag_1": 1.0, "dcoilwtico_lag_2": 0.0, "dcoilwtico_lag_3": 1.0, "dcoilwtico_lag_4": 0.0, "dcoilwtico_lag_5": 1.0, "dcoilwtico_lag_6": 0.0, "dcoilwtico_lag_7": 1.0, "event": 0.0, "holiday": 0.0, "holiday_description": 0.0, "month": 0.0, "onpromotion": 1.0, "onpromotion_lag_1": 0.0, "onpromotion_lag_2": 1.0, "onpromotion_lag_3": 0.0, "onpromotion_lag_4": 0.0, "onpromotion_lag_5": 1.0, "onpromotion_lag_6": 0.0, "onpromotion_lag_7": 1.0, "payday": 1.0, "promo_last_7_days": 1.0, "sales_one_year_lag": 1.0, "state": 1.0, "time_since_quake": 0.0, "time_since_quake_sq": 0.0, "total_other_city_promo": 0.0, "total_other_promo_store": 1.0, "type": 1.0, "workday": 0.0, "year": 0.0}, "datetime": {"datetime": "2024-02-27 13:55:00", "elapsed": 19271.25686, "delta": 253.588589}}
{"target": -0.7477524079111133, "params": {"Change_in_oil_prices": 1.0, "city": 1.0, "day": 1.0, "dayofyear": 0.0, "dcoilwtico": 0.0, "dcoilwtico_lag_1": 1.0, "dcoilwtico_lag_2": 0.0, "dcoilwtico_lag_3": 0.9918470106487992, "dcoilwtico_lag_4": 0.015026017188218664, "dcoilwtico_lag_5": 1.0, "dcoilwtico_lag_6": 1.0, "dcoilwtico_lag_7": 0.0, "event": 0.0, "holiday": 1.0, "holiday_description": 0.0, "month": 0.0, "onpromotion": 1.0, "onpromotion_lag_1": 0.0, "onpromotion_lag_2": 1.0, "onpromotion_lag_3": 0.0, "onpromotion_lag_4": 0.0, "onpromotion_lag_5": 0.0, "onpromotion_lag_6": 0.0, "onpromotion_lag_7": 1.0, "payday": 0.0, "promo_last_7_days": 1.0, "sales_one_year_lag": 1.0, "state": 1.0, "time_since_quake": 0.0, "time_since_quake_sq": 0.0, "total_other_city_promo": 0.0, "total_other_promo_store": 1.0, "type": 1.0, "workday": 0.0, "year": 1.0}, "datetime": {"datetime": "2024-02-27 13:59:15", "elapsed": 19525.561509, "delta": 254.304649}}
