{"target": -0.7682615525992949, "params": {"Change_in_oil_prices": 0.7012331875169701, "city": 0.8913079605807703, "day": 0.1953498379566245, "dayofyear": 0.11321424498132594, "dcoilwtico": 0.44384975611712046, "dcoilwtico_lag_1": 1.0, "dcoilwtico_lag_2": 0.0, "dcoilwtico_lag_3": 0.5040552958412285, "dcoilwtico_lag_4": 0.7087221684554879, "dcoilwtico_lag_5": 0.8338937042998565, "dcoilwtico_lag_6": 0.7694832513336076, "dcoilwtico_lag_7": 0.839220564926052, "event": 0.447572005309877, "holiday": 0.04145737593859615, "holiday_description": 0.42412203192264536, "month": 0.06093203003594811, "onpromotion": 0.6554936289442428, "onpromotion_lag_1": 0.3234430380404085, "onpromotion_lag_2": 0.7266230964727395, "onpromotion_lag_3": 0.0, "onpromotion_lag_4": 0.0, "onpromotion_lag_5": 0.27458204950574544, "onpromotion_lag_6": 0.6936926418862875, "onpromotion_lag_7": 0.5999012930909001, "payday": 0.842774394360968, "promo_last_7_days": 0.7205284425648608, "sales_one_year_lag": 0.9797992437074713, "state": 1.0, "time_since_quake": 0.2709773236368227, "time_since_quake_sq": 0.0, "total_other_city_promo": 0.21939838318394908, "total_other_promo_store": 0.336100659688935, "type": 0.6400887473640108, "workday": 0.8619329937928001, "year": 0.28841006302568883}, "datetime": {"datetime": "2024-02-27 10:43:49", "elapsed": 7800.151625, "delta": 259.726672}}
{"target": -0.7465770371072677, "params": {"Change_in_oil_prices": 0.18741805736559491, "city": 0.1678877081034213, "day": 0.0, "dayofyear": 0.3521936078784566, "dcoilwtico": 0.2814084619311605, "dcoilwtico_lag_1": 1.0, "dcoilwtico_lag_2": 0.0, "dcoilwtico_lag_3": 1.0, "dcoilwtico_lag_4": 0.6850971439097056, "dcoilwtico_lag_5": 0.7688483513091701, "dcoilwtico_lag_6": 0.90126909965115, "dcoilwtico_lag_7": 0.08210916590376505, "event": 0.7216107177009387, "holiday": 0.17047004222937703, "holiday_description": 0.848969342968223, "month": 0.4310844470799774, "onpromotion": 1.0, "onpromotion_lag_1": 0.3517488951779677, "onpromotion_lag_2": 0.7919535836133075, "onpromotion_lag_3": 0.0, "onpromotion_lag_4": 0.08037187969876923, "onpromotion_lag_5": 0.33620253056304295, "onpromotion_lag_6": 0.38021195261272506, "onpromotion_lag_7": 0.9909305415030406, "payday": 0.3993124104026091, "promo_last_7_days": 1.0, "sales_one_year_lag": 1.0, "state": 1.0, "time_since_quake": 0.05097424488529893, "time_since_quake_sq": 0.0, "total_other_city_promo": 0.06784222492226348, "total_other_promo_store": 0.6741846742697852, "type": 1.0, "workday": 1.0, "year": 0.30273289424157707}, "datetime": {"datetime": "2024-02-27 10:48:31", "elapsed": 8081.943027, "delta": 281.791402}}
{"target": -0.8166771804183679, "params": {"Change_in_oil_prices": 1.0, "city": 1.0, "day": 1.0, "dayofyear": 0.3353834255919904, "dcoilwtico": 0.6026449885378672, "dcoilwtico_lag_1": 1.0, "dcoilwtico_lag_2": 0.896736536966184, "dcoilwtico_lag_3": 0.0, "dcoilwtico_lag_4": 0.4759401410078063, "dcoilwtico_lag_5": 0.0, "dcoilwtico_lag_6": 0.39783166941769865, "dcoilwtico_lag_7": 1.0, "event": 0.21110097045421033, "holiday": 0.26412414473128487, "holiday_description": 0.08920189492288551, "month": 0.0, "onpromotion": 0.2530004402126834, "onpromotion_lag_1": 0.2915307491586975, "onpromotion_lag_2": 0.5305151668202868, "onpromotion_lag_3": 0.0, "onpromotion_lag_4": 0.0, "onpromotion_lag_5": 0.5045558378024521, "onpromotion_lag_6": 1.0, "onpromotion_lag_7": 0.38359695103361746, "payday": 0.9639056503957748, "promo_last_7_days": 0.3322381655615088, "sales_one_year_lag": 1.0, "state": 1.0, "time_since_quake": 0.661104580223377, "time_since_quake_sq": 0.0, "total_other_city_promo": 0.7387366341258136, "total_other_promo_store": 0.5821459586671112, "type": 0.024413211558125, "workday": 0.5736096713947468, "year": 0.05510353897800213}, "datetime": {"datetime": "2024-02-27 10:52:38", "elapsed": 8328.980092, "delta": 247.037065}}
{"target": -0.7563413498222217, "params": {"Change_in_oil_prices": 0.0, "city": 0.9703812128297103, "day": 0.1876658082702051, "dayofyear": 0.41002202816298733, "dcoilwtico": 0.5659092996998426, "dcoilwtico_lag_1": 1.0, "dcoilwtico_lag_2": 0.04583977067357701, "dcoilwtico_lag_3": 0.8760143882042191, "dcoilwtico_lag_4": 1.0, "dcoilwtico_lag_5": 0.5905339076809303, "dcoilwtico_lag_6": 0.9529558495647548, "dcoilwtico_lag_7": 0.8457648553345344, "event": 0.5733673894653779, "holiday": 0.0, "holiday_description": 0.11591199291484224, "month": 0.0, "onpromotion": 1.0, "onpromotion_lag_1": 0.21123929017108078, "onpromotion_lag_2": 0.19331347887661282, "onpromotion_lag_3": 0.0, "onpromotion_lag_4": 0.0, "onpromotion_lag_5": 1.0, "onpromotion_lag_6": 0.11674698704695348, "onpromotion_lag_7": 1.0, "payday": 0.0, "promo_last_7_days": 0.1742808169964094, "sales_one_year_lag": 0.7281599281811013, "state": 1.0, "time_since_quake": 0.0, "time_since_quake_sq": 0.0, "total_other_city_promo": 0.36548929475183345, "total_other_promo_store": 0.4085286706838152, "type": 1.0, "workday": 1.0, "year": 0.0}, "datetime": {"datetime": "2024-02-27 10:57:00", "elapsed": 8591.018093, "delta": 262.038001}}
{"target": -0.7638954459147816, "params": {"Change_in_oil_prices": 0.0, "city": 0.0, "day": 0.0, "dayofyear": 0.0, "dcoilwtico": 0.9416941737768657, "dcoilwtico_lag_1": 1.0, "dcoilwtico_lag_2": 0.0, "dcoilwtico_lag_3": 1.0, "dcoilwtico_lag_4": 0.5637882156280261, "dcoilwtico_lag_5": 1.0, "dcoilwtico_lag_6": 0.5561589780331891, "dcoilwtico_lag_7": 0.8835907447471104, "event": 0.7171551699743551, "holiday": 0.0, "holiday_description": 0.0, "month": 0.13709129433394687, "onpromotion": 1.0, "onpromotion_lag_1": 0.0, "onpromotion_lag_2": 0.04036887431226605, "onpromotion_lag_3": 0.0, "onpromotion_lag_4": 0.0, "onpromotion_lag_5": 0.14216761553300994, "onpromotion_lag_6": 0.4322696676353389, "onpromotion_lag_7": 0.8435002565637053, "payday": 0.5437471569205466, "promo_last_7_days": 1.0, "sales_one_year_lag": 0.540969873712544, "state": 1.0, "time_since_quake": 0.3885711198023764, "time_since_quake_sq": 0.0, "total_other_city_promo": 0.6075875260236654, "total_other_promo_store": 0.49813763911199066, "type": 1.0, "workday": 1.0, "year": 0.5623868182628715}, "datetime": {"datetime": "2024-02-27 11:00:52", "elapsed": 8823.05388, "delta": 232.035787}}
{"target": -0.853495388319756, "params": {"Change_in_oil_prices": 0.4154207215954937, "city": 0.5277654232914858, "day": 0.0, "dayofyear": 0.10898585129219225, "dcoilwtico": 0.23910450543364012, "dcoilwtico_lag_1": 1.0, "dcoilwtico_lag_2": 0.0, "dcoilwtico_lag_3": 1.0, "dcoilwtico_lag_4": 1.0, "dcoilwtico_lag_5": 1.0, "dcoilwtico_lag_6": 0.7219270564561452, "dcoilwtico_lag_7": 0.943887986173775, "event": 0.7500518528145245, "holiday": 0.0, "holiday_description": 0.4839356462835186, "month": 1.0, "onpromotion": 1.0, "onpromotion_lag_1": 0.7959997318288606, "onpromotion_lag_2": 0.38972255827243124, "onpromotion_lag_3": 0.0, "onpromotion_lag_4": 0.0, "onpromotion_lag_5": 1.0, "onpromotion_lag_6": 0.4445930836257005, "onpromotion_lag_7": 1.0, "payday": 0.0, "promo_last_7_days": 0.9385798797317849, "sales_one_year_lag": 1.0, "state": 1.0, "time_since_quake": 1.0, "time_since_quake_sq": 0.0, "total_other_city_promo": 0.12650172765437778, "total_other_promo_store": 0.0, "type": 1.0, "workday": 1.0, "year": 0.0}, "datetime": {"datetime": "2024-02-27 11:05:11", "elapsed": 9082.242136, "delta": 259.188256}}
{"target": -0.8387765650015704, "params": {"Change_in_oil_prices": 0.0, "city": 0.0, "day": 0.0, "dayofyear": 0.814993535479269, "dcoilwtico": 0.2322859924946036, "dcoilwtico_lag_1": 1.0, "dcoilwtico_lag_2": 0.0, "dcoilwtico_lag_3": 1.0, "dcoilwtico_lag_4": 1.0, "dcoilwtico_lag_5": 1.0, "dcoilwtico_lag_6": 1.0, "dcoilwtico_lag_7": 0.6851270808466875, "event": 0.13200225615476543, "holiday": 0.0, "holiday_description": 0.33660829151426447, "month": 0.0, "onpromotion": 1.0, "onpromotion_lag_1": 0.0, "onpromotion_lag_2": 0.5925382371231754, "onpromotion_lag_3": 0.0, "onpromotion_lag_4": 0.0, "onpromotion_lag_5": 0.3353032240373876, "onpromotion_lag_6": 0.5839629487320341, "onpromotion_lag_7": 0.4768809622178184, "payday": 1.0, "promo_last_7_days": 0.0, "sales_one_year_lag": 0.37970347999856857, "state": 1.0, "time_since_quake": 0.0, "time_since_quake_sq": 0.0, "total_other_city_promo": 0.07696054590114264, "total_other_promo_store": 0.6585702681750824, "type": 1.0, "workday": 1.0, "year": 0.1865871069891078}, "datetime": {"datetime": "2024-02-27 11:08:49", "elapsed": 9300.148688, "delta": 217.906552}}
{"target": -0.7491211493912961, "params": {"Change_in_oil_prices": 0.7849367812736384, "city": 0.9219684911011835, "day": 0.0, "dayofyear": 0.07393808000930019, "dcoilwtico": 0.776846563498928, "dcoilwtico_lag_1": 0.6340470198183189, "dcoilwtico_lag_2": 0.0, "dcoilwtico_lag_3": 0.12227672089271208, "dcoilwtico_lag_4": 0.0, "dcoilwtico_lag_5": 0.5332386526456858, "dcoilwtico_lag_6": 0.26622094342687064, "dcoilwtico_lag_7": 0.01754103929710453, "event": 0.6051648323296709, "holiday": 0.7872443835498044, "holiday_description": 1.0, "month": 0.0, "onpromotion": 0.34827401711271316, "onpromotion_lag_1": 0.47192105373320076, "onpromotion_lag_2": 1.0, "onpromotion_lag_3": 0.0, "onpromotion_lag_4": 0.41785285291214586, "onpromotion_lag_5": 0.0, "onpromotion_lag_6": 1.0, "onpromotion_lag_7": 0.10874793269838834, "payday": 1.0, "promo_last_7_days": 1.0, "sales_one_year_lag": 1.0, "state": 1.0, "time_since_quake": 0.0, "time_since_quake_sq": 0.0, "total_other_city_promo": 0.09987140820562154, "total_other_promo_store": 0.6020110339782188, "type": 1.0, "workday": 1.0, "year": 0.9492387336612561}, "datetime": {"datetime": "2024-02-27 11:14:04", "elapsed": 9614.655765, "delta": 314.507077}}
{"target": -0.7850108794696058, "params": {"Change_in_oil_prices": 0.0, "city": 0.5935391335294149, "day": 0.0, "dayofyear": 0.0, "dcoilwtico": 1.0, "dcoilwtico_lag_1": 1.0, "dcoilwtico_lag_2": 0.0, "dcoilwtico_lag_3": 0.36348940522443374, "dcoilwtico_lag_4": 0.3775650914180824, "dcoilwtico_lag_5": 0.6119643738440719, "dcoilwtico_lag_6": 0.2873937703577881, "dcoilwtico_lag_7": 0.1593377786988726, "event": 0.6845569767163376, "holiday": 0.0, "holiday_description": 0.2014536516058755, "month": 0.0, "onpromotion": 0.5672598811805537, "onpromotion_lag_1": 0.7319308101562814, "onpromotion_lag_2": 0.9556018404358217, "onpromotion_lag_3": 0.0, "onpromotion_lag_4": 0.0, "onpromotion_lag_5": 0.36231379937908464, "onpromotion_lag_6": 0.0, "onpromotion_lag_7": 1.0, "payday": 0.16625379476135693, "promo_last_7_days": 0.5496370799987157, "sales_one_year_lag": 0.8033642081578122, "state": 1.0, "time_since_quake": 0.0, "time_since_quake_sq": 0.0, "total_other_city_promo": 0.5237089660375971, "total_other_promo_store": 0.25883084681334867, "type": 0.4436562379920105, "workday": 0.9606280542385213, "year": 0.49355729588993114}, "datetime": {"datetime": "2024-02-27 11:18:15", "elapsed": 9865.466916, "delta": 250.811151}}
{"target": -0.7556244502629097, "params": {"Change_in_oil_prices": 0.0, "city": 1.0, "day": 0.5336387813302901, "dayofyear": 0.0, "dcoilwtico": 0.9818022410884175, "dcoilwtico_lag_1": 0.11976098996231659, "dcoilwtico_lag_2": 0.0, "dcoilwtico_lag_3": 0.05729789906382384, "dcoilwtico_lag_4": 0.18980610747330617, "dcoilwtico_lag_5": 0.24880291071941818, "dcoilwtico_lag_6": 0.0, "dcoilwtico_lag_7": 1.0, "event": 0.15583030349447402, "holiday": 0.0, "holiday_description": 1.0, "month": 0.0, "onpromotion": 0.7871012732656305, "onpromotion_lag_1": 0.0, "onpromotion_lag_2": 0.3031455252151837, "onpromotion_lag_3": 0.0, "onpromotion_lag_4": 0.0, "onpromotion_lag_5": 0.0, "onpromotion_lag_6": 0.9018651321650911, "onpromotion_lag_7": 0.0, "payday": 1.0, "promo_last_7_days": 1.0, "sales_one_year_lag": 1.0, "state": 1.0, "time_since_quake": 0.0, "time_since_quake_sq": 0.0, "total_other_city_promo": 0.3625034134461125, "total_other_promo_store": 0.8457027993878837, "type": 0.4925556315141081, "workday": 1.0, "year": 0.855095217041391}, "datetime": {"datetime": "2024-02-27 11:23:15", "elapsed": 10165.360987, "delta": 299.894071}}
{"target": -0.7800437485588301, "params": {"Change_in_oil_prices": 0.0, "city": 1.0, "day": 0.0, "dayofyear": 0.0, "dcoilwtico": 0.032352253341019044, "dcoilwtico_lag_1": 0.439106181066479, "dcoilwtico_lag_2": 0.0, "dcoilwtico_lag_3": 0.9722294525627632, "dcoilwtico_lag_4": 0.0, "dcoilwtico_lag_5": 0.22425735733918806, "dcoilwtico_lag_6": 1.0, "dcoilwtico_lag_7": 0.5214821930818554, "event": 0.5994418000611518, "holiday": 0.7180716324686613, "holiday_description": 1.0, "month": 0.0, "onpromotion": 0.3696067076605783, "onpromotion_lag_1": 0.0, "onpromotion_lag_2": 0.8761961604922712, "onpromotion_lag_3": 0.0, "onpromotion_lag_4": 0.0, "onpromotion_lag_5": 0.0, "onpromotion_lag_6": 1.0, "onpromotion_lag_7": 0.0, "payday": 1.0, "promo_last_7_days": 1.0, "sales_one_year_lag": 1.0, "state": 1.0, "time_since_quake": 0.0, "time_since_quake_sq": 0.0, "total_other_city_promo": 0.7583898080234285, "total_other_promo_store": 0.07317675119484614, "type": 0.36063199078835756, "workday": 1.0, "year": 1.0}, "datetime": {"datetime": "2024-02-27 11:28:27", "elapsed": 10478.008504, "delta": 312.647517}}
{"target": -0.7476160998509338, "params": {"Change_in_oil_prices": 1.0, "city": 1.0, "day": 0.0, "dayofyear": 0.0, "dcoilwtico": 0.2972356102981236, "dcoilwtico_lag_1": 0.0, "dcoilwtico_lag_2": 0.0, "dcoilwtico_lag_3": 0.0, "dcoilwtico_lag_4": 0.12336782998701756, "dcoilwtico_lag_5": 1.0, "dcoilwtico_lag_6": 0.0, "dcoilwtico_lag_7": 0.7339077299972632, "event": 0.9346745439794161, "holiday": 0.5870318448041387, "holiday_description": 1.0, "month": 0.0, "onpromotion": 1.0, "onpromotion_lag_1": 0.0, "onpromotion_lag_2": 1.0, "onpromotion_lag_3": 0.0, "onpromotion_lag_4": 0.4817638119305815, "onpromotion_lag_5": 0.0, "onpromotion_lag_6": 1.0, "onpromotion_lag_7": 0.0, "payday": 1.0, "promo_last_7_days": 1.0, "sales_one_year_lag": 1.0, "state": 1.0, "time_since_quake": 0.0, "time_since_quake_sq": 0.0, "total_other_city_promo": 0.6135681953033353, "total_other_promo_store": 0.5682008774461861, "type": 0.34095255050631434, "workday": 0.0, "year": 0.05889384659921349}, "datetime": {"datetime": "2024-02-27 11:33:40", "elapsed": 10791.044898, "delta": 313.036394}}
{"target": -0.7476983972439836, "params": {"Change_in_oil_prices": 0.998084950993735, "city": 1.0, "day": 0.0, "dayofyear": 0.0, "dcoilwtico": 0.747223050798383, "dcoilwtico_lag_1": 0.0, "dcoilwtico_lag_2": 0.0, "dcoilwtico_lag_3": 0.0, "dcoilwtico_lag_4": 1.0, "dcoilwtico_lag_5": 0.8963202769772166, "dcoilwtico_lag_6": 0.9518624629361471, "dcoilwtico_lag_7": 0.9042337942172358, "event": 0.0, "holiday": 0.8797391868801032, "holiday_description": 1.0, "month": 0.0, "onpromotion": 0.04653303628217409, "onpromotion_lag_1": 0.0, "onpromotion_lag_2": 1.0, "onpromotion_lag_3": 0.0, "onpromotion_lag_4": 1.0, "onpromotion_lag_5": 0.0, "onpromotion_lag_6": 1.0, "onpromotion_lag_7": 0.0, "payday": 1.0, "promo_last_7_days": 1.0, "sales_one_year_lag": 1.0, "state": 1.0, "time_since_quake": 0.0, "time_since_quake_sq": 0.0, "total_other_city_promo": 0.8235132463566203, "total_other_promo_store": 0.8514576941307457, "type": 0.645885636262785, "workday": 0.7220225238930481, "year": 0.688109447087205}, "datetime": {"datetime": "2024-02-27 11:39:00", "elapsed": 11110.46661, "delta": 319.421712}}
{"target": -0.7440938539823667, "params": {"Change_in_oil_prices": 1.0, "city": 1.0, "day": 0.0, "dayofyear": 0.0, "dcoilwtico": 1.0, "dcoilwtico_lag_1": 0.8284636475116709, "dcoilwtico_lag_2": 0.0, "dcoilwtico_lag_3": 0.1405522826890228, "dcoilwtico_lag_4": 0.14666191821565858, "dcoilwtico_lag_5": 0.28345696224609457, "dcoilwtico_lag_6": 0.9717162720846751, "dcoilwtico_lag_7": 0.9026369558187082, "event": 0.24076053573321263, "holiday": 0.8924120837064298, "holiday_description": 1.0, "month": 0.0213634898580687, "onpromotion": 1.0, "onpromotion_lag_1": 0.0, "onpromotion_lag_2": 1.0, "onpromotion_lag_3": 0.0, "onpromotion_lag_4": 0.0, "onpromotion_lag_5": 0.0, "onpromotion_lag_6": 0.0, "onpromotion_lag_7": 0.6691297100520096, "payday": 1.0, "promo_last_7_days": 1.0, "sales_one_year_lag": 1.0, "state": 1.0, "time_since_quake": 0.0, "time_since_quake_sq": 0.0, "total_other_city_promo": 0.6566675891781292, "total_other_promo_store": 1.0, "type": 1.0, "workday": 0.0, "year": 0.9477002537182728}, "datetime": {"datetime": "2024-02-27 11:44:18", "elapsed": 11428.528565, "delta": 318.061955}}
{"target": -0.7512093912291291, "params": {"Change_in_oil_prices": 1.0, "city": 1.0, "day": 0.0, "dayofyear": 0.0, "dcoilwtico": 0.14269401280544128, "dcoilwtico_lag_1": 1.0, "dcoilwtico_lag_2": 0.0, "dcoilwtico_lag_3": 0.0, "dcoilwtico_lag_4": 1.0, "dcoilwtico_lag_5": 0.35324756499735743, "dcoilwtico_lag_6": 0.7843190201784154, "dcoilwtico_lag_7": 0.0, "event": 0.3250744417593959, "holiday": 1.0, "holiday_description": 1.0, "month": 0.0, "onpromotion": 0.8569262972644494, "onpromotion_lag_1": 0.0, "onpromotion_lag_2": 1.0, "onpromotion_lag_3": 0.0, "onpromotion_lag_4": 1.0, "onpromotion_lag_5": 0.0, "onpromotion_lag_6": 0.7724364939491103, "onpromotion_lag_7": 1.0, "payday": 1.0, "promo_last_7_days": 1.0, "sales_one_year_lag": 1.0, "state": 1.0, "time_since_quake": 0.0, "time_since_quake_sq": 0.0, "total_other_city_promo": 0.0, "total_other_promo_store": 0.5386836663318816, "type": 0.0, "workday": 0.0, "year": 1.0}, "datetime": {"datetime": "2024-02-27 11:49:27", "elapsed": 11737.873544, "delta": 309.344979}}
{"target": -0.7518529340625576, "params": {"Change_in_oil_prices": 1.0, "city": 1.0, "day": 0.0, "dayofyear": 0.0, "dcoilwtico": 1.0, "dcoilwtico_lag_1": 1.0, "dcoilwtico_lag_2": 0.0, "dcoilwtico_lag_3": 1.0, "dcoilwtico_lag_4": 0.0, "dcoilwtico_lag_5": 1.0, "dcoilwtico_lag_6": 0.3717173268828653, "dcoilwtico_lag_7": 1.0, "event": 0.5351363636935582, "holiday": 0.7809693123611663, "holiday_description": 1.0, "month": 0.0, "onpromotion": 1.0, "onpromotion_lag_1": 0.0, "onpromotion_lag_2": 1.0, "onpromotion_lag_3": 0.0, "onpromotion_lag_4": 1.0, "onpromotion_lag_5": 0.0, "onpromotion_lag_6": 1.0, "onpromotion_lag_7": 1.0, "payday": 1.0, "promo_last_7_days": 1.0, "sales_one_year_lag": 0.7669378169149922, "state": 1.0, "time_since_quake": 0.0, "time_since_quake_sq": 0.0, "total_other_city_promo": 0.6538398293873174, "total_other_promo_store": 1.0, "type": 0.12209263325898395, "workday": 0.9543745321938569, "year": 1.0}, "datetime": {"datetime": "2024-02-27 11:54:47", "elapsed": 12058.258771, "delta": 320.385227}}
{"target": -0.8189406409347215, "params": {"Change_in_oil_prices": 1.0, "city": 1.0, "day": 0.0, "dayofyear": 1.0, "dcoilwtico": 0.0, "dcoilwtico_lag_1": 1.0, "dcoilwtico_lag_2": 0.0, "dcoilwtico_lag_3": 0.20827409805111147, "dcoilwtico_lag_4": 0.16137214579647075, "dcoilwtico_lag_5": 1.0, "dcoilwtico_lag_6": 1.0, "dcoilwtico_lag_7": 0.4293220241093161, "event": 1.0, "holiday": 0.3890946539561692, "holiday_description": 1.0, "month": 0.0, "onpromotion": 0.020077690562449152, "onpromotion_lag_1": 0.0, "onpromotion_lag_2": 1.0, "onpromotion_lag_3": 0.0, "onpromotion_lag_4": 1.0, "onpromotion_lag_5": 0.0, "onpromotion_lag_6": 0.9167190951752276, "onpromotion_lag_7": 1.0, "payday": 1.0, "promo_last_7_days": 1.0, "sales_one_year_lag": 1.0, "state": 1.0, "time_since_quake": 0.0, "time_since_quake_sq": 0.0, "total_other_city_promo": 1.0, "total_other_promo_store": 1.0, "type": 1.0, "workday": 0.0, "year": 1.0}, "datetime": {"datetime": "2024-02-27 12:00:10", "elapsed": 12380.979005, "delta": 322.720234}}
{"target": -0.8443652630536084, "params": {"Change_in_oil_prices": 1.0, "city": 1.0, "day": 0.0, "dayofyear": 0.0, "dcoilwtico": 1.0, "dcoilwtico_lag_1": 0.0, "dcoilwtico_lag_2": 0.0, "dcoilwtico_lag_3": 0.0, "dcoilwtico_lag_4": 0.251101178882778, "dcoilwtico_lag_5": 0.15626093701443208, "dcoilwtico_lag_6": 0.25503952042122946, "dcoilwtico_lag_7": 1.0, "event": 0.0, "holiday": 1.0, "holiday_description": 1.0, "month": 0.0, "onpromotion": 1.0, "onpromotion_lag_1": 0.0, "onpromotion_lag_2": 1.0, "onpromotion_lag_3": 0.0, "onpromotion_lag_4": 0.6402690888863288, "onpromotion_lag_5": 0.0, "onpromotion_lag_6": 1.0, "onpromotion_lag_7": 0.0, "payday": 1.0, "promo_last_7_days": 1.0, "sales_one_year_lag": 1.0, "state": 1.0, "time_since_quake": 1.0, "time_since_quake_sq": 0.0, "total_other_city_promo": 0.0, "total_other_promo_store": 0.0, "type": 0.2097002149170556, "workday": 0.0621824013698662, "year": 1.0}, "datetime": {"datetime": "2024-02-27 12:05:17", "elapsed": 12688.137168, "delta": 307.158163}}
{"target": -0.7741897623059083, "params": {"Change_in_oil_prices": 1.0, "city": 1.0, "day": 0.0, "dayofyear": 0.0, "dcoilwtico": 0.6597364770826691, "dcoilwtico_lag_1": 1.0, "dcoilwtico_lag_2": 0.0, "dcoilwtico_lag_3": 0.50439495545106, "dcoilwtico_lag_4": 1.0, "dcoilwtico_lag_5": 1.0, "dcoilwtico_lag_6": 1.0, "dcoilwtico_lag_7": 0.11772909292536443, "event": 0.9810129503641362, "holiday": 1.0, "holiday_description": 1.0, "month": 0.0, "onpromotion": 1.0, "onpromotion_lag_1": 1.0, "onpromotion_lag_2": 1.0, "onpromotion_lag_3": 0.0, "onpromotion_lag_4": 0.5443079115816806, "onpromotion_lag_5": 0.0, "onpromotion_lag_6": 0.40206418774165525, "onpromotion_lag_7": 0.0, "payday": 1.0, "promo_last_7_days": 1.0, "sales_one_year_lag": 1.0, "state": 1.0, "time_since_quake": 0.0, "time_since_quake_sq": 0.0, "total_other_city_promo": 1.0, "total_other_promo_store": 1.0, "type": 0.0, "workday": 0.6460899933755726, "year": 0.5311653210200019}, "datetime": {"datetime": "2024-02-27 12:10:38", "elapsed": 13008.426194, "delta": 320.289026}}
